{"/workspaces/Collatz-box-universes/mathjax-config.js": {"path":"/workspaces/Collatz-box-universes/mathjax-config.js","all":true,"statementMap":{"0":{"start":{"line":1,"column":0},"end":{"line":1,"column":20}},"1":{"start":{"line":2,"column":0},"end":{"line":2,"column":27}},"2":{"start":{"line":3,"column":0},"end":{"line":3,"column":24}},"3":{"start":{"line":4,"column":0},"end":{"line":4,"column":52}},"4":{"start":{"line":5,"column":0},"end":{"line":5,"column":34}},"5":{"start":{"line":6,"column":0},"end":{"line":6,"column":3}},"7":{"start":{"line":8,"column":0},"end":{"line":8,"column":18}},"8":{"start":{"line":9,"column":0},"end":{"line":9,"column":10}},"9":{"start":{"line":10,"column":0},"end":{"line":10,"column":48}},"10":{"start":{"line":11,"column":0},"end":{"line":11,"column":6}},"11":{"start":{"line":12,"column":0},"end":{"line":12,"column":10}},"12":{"start":{"line":13,"column":0},"end":{"line":13,"column":27}},"13":{"start":{"line":14,"column":0},"end":{"line":14,"column":6}},"14":{"start":{"line":15,"column":0},"end":{"line":15,"column":14}},"15":{"start":{"line":16,"column":0},"end":{"line":16,"column":27}},"16":{"start":{"line":17,"column":0},"end":{"line":17,"column":45}},"17":{"start":{"line":18,"column":0},"end":{"line":18,"column":34}},"18":{"start":{"line":19,"column":0},"end":{"line":19,"column":34}},"19":{"start":{"line":20,"column":0},"end":{"line":20,"column":43}},"20":{"start":{"line":21,"column":0},"end":{"line":21,"column":9}},"21":{"start":{"line":22,"column":0},"end":{"line":22,"column":5}},"22":{"start":{"line":23,"column":0},"end":{"line":23,"column":2}}},"s":{"0":0,"1":0,"2":0,"3":0,"4":0,"5":0,"7":0,"8":0,"9":0,"10":0,"11":0,"12":0,"13":0,"14":0,"15":0,"16":0,"17":0,"18":0,"19":0,"20":0,"21":0,"22":0},"branchMap":{"0":{"type":"branch","line":1,"loc":{"start":{"line":1,"column":0},"end":{"line":23,"column":2}},"locations":[{"start":{"line":1,"column":0},"end":{"line":23,"column":2}}]}},"b":{"0":[0]},"fnMap":{"0":{"name":"(empty-report)","decl":{"start":{"line":1,"column":0},"end":{"line":23,"column":2}},"loc":{"start":{"line":1,"column":0},"end":{"line":23,"column":2}},"line":1}},"f":{"0":0}}
,"/workspaces/Collatz-box-universes/js/CycleCataloge.js": {"path":"/workspaces/Collatz-box-universes/js/CycleCataloge.js","all":false,"statementMap":{"0":{"start":{"line":1,"column":0},"end":{"line":1,"column":18}},"1":{"start":{"line":2,"column":0},"end":{"line":2,"column":65}},"3":{"start":{"line":4,"column":0},"end":{"line":4,"column":36}},"4":{"start":{"line":5,"column":0},"end":{"line":5,"column":52}},"5":{"start":{"line":6,"column":0},"end":{"line":6,"column":109}},"6":{"start":{"line":7,"column":0},"end":{"line":7,"column":3}},"7":{"start":{"line":8,"column":0},"end":{"line":8,"column":17}},"8":{"start":{"line":9,"column":0},"end":{"line":9,"column":27}},"9":{"start":{"line":10,"column":0},"end":{"line":10,"column":9}},"10":{"start":{"line":11,"column":0},"end":{"line":11,"column":68}},"11":{"start":{"line":12,"column":0},"end":{"line":12,"column":34}},"12":{"start":{"line":13,"column":0},"end":{"line":13,"column":53}},"13":{"start":{"line":14,"column":0},"end":{"line":14,"column":60}},"14":{"start":{"line":15,"column":0},"end":{"line":15,"column":16}},"15":{"start":{"line":16,"column":0},"end":{"line":16,"column":37}},"16":{"start":{"line":17,"column":0},"end":{"line":17,"column":36}},"17":{"start":{"line":18,"column":0},"end":{"line":18,"column":16}},"18":{"start":{"line":19,"column":0},"end":{"line":19,"column":73}},"19":{"start":{"line":20,"column":0},"end":{"line":20,"column":74}},"20":{"start":{"line":21,"column":0},"end":{"line":21,"column":56}},"21":{"start":{"line":22,"column":0},"end":{"line":22,"column":9}},"22":{"start":{"line":23,"column":0},"end":{"line":23,"column":110}},"23":{"start":{"line":24,"column":0},"end":{"line":24,"column":7}},"24":{"start":{"line":25,"column":0},"end":{"line":25,"column":17}},"25":{"start":{"line":26,"column":0},"end":{"line":26,"column":58}},"26":{"start":{"line":27,"column":0},"end":{"line":27,"column":5}},"27":{"start":{"line":28,"column":0},"end":{"line":28,"column":3}},"28":{"start":{"line":29,"column":0},"end":{"line":29,"column":13}},"29":{"start":{"line":30,"column":0},"end":{"line":30,"column":1}}},"s":{"0":1,"1":1,"3":1,"4":4,"5":4,"6":4,"7":4,"8":4,"9":5,"10":5,"11":5,"12":3,"13":3,"14":3,"15":3,"16":2,"17":3,"18":1,"19":1,"20":1,"21":1,"22":3,"23":3,"24":5,"25":1,"26":1,"27":5,"28":4,"29":4},"branchMap":{"0":{"type":"branch","line":4,"loc":{"start":{"line":4,"column":7},"end":{"line":30,"column":1}},"locations":[{"start":{"line":4,"column":7},"end":{"line":30,"column":1}}]},"1":{"type":"branch","line":9,"loc":{"start":{"line":9,"column":26},"end":{"line":28,"column":3}},"locations":[{"start":{"line":9,"column":26},"end":{"line":28,"column":3}}]},"2":{"type":"branch","line":11,"loc":{"start":{"line":11,"column":67},"end":{"line":12,"column":19}},"locations":[{"start":{"line":11,"column":67},"end":{"line":12,"column":19}}]},"3":{"type":"branch","line":12,"loc":{"start":{"line":12,"column":33},"end":{"line":24,"column":7}},"locations":[{"start":{"line":12,"column":33},"end":{"line":24,"column":7}}]},"4":{"type":"branch","line":16,"loc":{"start":{"line":16,"column":36},"end":{"line":18,"column":9}},"locations":[{"start":{"line":16,"column":36},"end":{"line":18,"column":9}}]},"5":{"type":"branch","line":18,"loc":{"start":{"line":18,"column":9},"end":{"line":22,"column":9}},"locations":[{"start":{"line":18,"column":9},"end":{"line":22,"column":9}}]},"6":{"type":"branch","line":25,"loc":{"start":{"line":25,"column":6},"end":{"line":27,"column":5}},"locations":[{"start":{"line":25,"column":6},"end":{"line":27,"column":5}}]},"7":{"type":"branch","line":13,"loc":{"start":{"line":13,"column":37},"end":{"line":13,"column":51}},"locations":[{"start":{"line":13,"column":37},"end":{"line":13,"column":51}}]},"8":{"type":"branch","line":20,"loc":{"start":{"line":20,"column":31},"end":{"line":20,"column":63}},"locations":[{"start":{"line":20,"column":31},"end":{"line":20,"column":63}}]},"9":{"type":"branch","line":20,"loc":{"start":{"line":20,"column":52},"end":{"line":20,"column":57}},"locations":[{"start":{"line":20,"column":52},"end":{"line":20,"column":57}}]},"10":{"type":"branch","line":20,"loc":{"start":{"line":20,"column":58},"end":{"line":20,"column":63}},"locations":[{"start":{"line":20,"column":58},"end":{"line":20,"column":63}}]},"11":{"type":"branch","line":23,"loc":{"start":{"line":23,"column":88},"end":{"line":23,"column":105}},"locations":[{"start":{"line":23,"column":88},"end":{"line":23,"column":105}}]}},"b":{"0":[4],"1":[5],"2":[4],"3":[3],"4":[2],"5":[1],"6":[1],"7":[12],"8":[4],"9":[2],"10":[2],"11":[12]},"fnMap":{"0":{"name":"catalogCycles","decl":{"start":{"line":4,"column":7},"end":{"line":30,"column":1}},"loc":{"start":{"line":4,"column":7},"end":{"line":30,"column":1}},"line":4}},"f":{"0":4}}
,"/workspaces/Collatz-box-universes/js/PrimeService.js": {"path":"/workspaces/Collatz-box-universes/js/PrimeService.js","all":false,"statementMap":{"0":{"start":{"line":1,"column":0},"end":{"line":1,"column":18}},"1":{"start":{"line":2,"column":0},"end":{"line":2,"column":56}},"3":{"start":{"line":4,"column":0},"end":{"line":4,"column":36}},"4":{"start":{"line":5,"column":0},"end":{"line":5,"column":98}},"5":{"start":{"line":6,"column":0},"end":{"line":6,"column":107}},"6":{"start":{"line":7,"column":0},"end":{"line":7,"column":107}},"7":{"start":{"line":8,"column":0},"end":{"line":8,"column":107}},"8":{"start":{"line":9,"column":0},"end":{"line":9,"column":107}},"9":{"start":{"line":10,"column":0},"end":{"line":10,"column":107}},"10":{"start":{"line":11,"column":0},"end":{"line":11,"column":107}},"11":{"start":{"line":12,"column":0},"end":{"line":12,"column":86}},"12":{"start":{"line":13,"column":0},"end":{"line":13,"column":3}},"14":{"start":{"line":15,"column":0},"end":{"line":15,"column":71}},"16":{"start":{"line":17,"column":0},"end":{"line":17,"column":23}},"17":{"start":{"line":18,"column":0},"end":{"line":18,"column":28}},"18":{"start":{"line":19,"column":0},"end":{"line":19,"column":39}},"19":{"start":{"line":20,"column":0},"end":{"line":20,"column":17}},"20":{"start":{"line":21,"column":0},"end":{"line":21,"column":34}},"21":{"start":{"line":22,"column":0},"end":{"line":22,"column":19}},"22":{"start":{"line":23,"column":0},"end":{"line":23,"column":18}},"23":{"start":{"line":24,"column":0},"end":{"line":24,"column":56}},"24":{"start":{"line":25,"column":0},"end":{"line":25,"column":5}},"25":{"start":{"line":26,"column":0},"end":{"line":26,"column":3}},"26":{"start":{"line":27,"column":0},"end":{"line":27,"column":33}},"27":{"start":{"line":28,"column":0},"end":{"line":28,"column":1}},"29":{"start":{"line":30,"column":0},"end":{"line":30,"column":32}},"30":{"start":{"line":31,"column":0},"end":{"line":31,"column":16}},"31":{"start":{"line":32,"column":0},"end":{"line":32,"column":64}},"33":{"start":{"line":34,"column":0},"end":{"line":34,"column":47}},"34":{"start":{"line":35,"column":0},"end":{"line":35,"column":53}},"35":{"start":{"line":36,"column":0},"end":{"line":36,"column":23}},"36":{"start":{"line":37,"column":0},"end":{"line":37,"column":48}},"37":{"start":{"line":38,"column":0},"end":{"line":38,"column":34}},"38":{"start":{"line":39,"column":0},"end":{"line":39,"column":15}},"39":{"start":{"line":40,"column":0},"end":{"line":40,"column":3}},"41":{"start":{"line":42,"column":0},"end":{"line":42,"column":57}},"42":{"start":{"line":43,"column":0},"end":{"line":43,"column":29}},"43":{"start":{"line":44,"column":0},"end":{"line":44,"column":33}},"44":{"start":{"line":45,"column":0},"end":{"line":45,"column":14}},"45":{"start":{"line":46,"column":0},"end":{"line":46,"column":1}}},"s":{"0":1,"1":1,"3":1,"4":1,"5":1,"6":1,"7":1,"8":1,"9":1,"10":1,"11":1,"12":1,"14":1,"16":1,"17":1,"18":1,"19":1,"20":1,"21":1098,"22":184,"23":184,"24":184,"25":1098,"26":1,"27":1,"29":1,"30":20,"31":20,"33":8,"34":8,"35":9,"36":7,"37":7,"38":7,"39":7,"41":1,"42":1,"43":1,"44":1,"45":1},"branchMap":{"0":{"type":"branch","line":17,"loc":{"start":{"line":17,"column":0},"end":{"line":28,"column":1}},"locations":[{"start":{"line":17,"column":0},"end":{"line":28,"column":1}}]},"1":{"type":"branch","line":21,"loc":{"start":{"line":21,"column":33},"end":{"line":26,"column":3}},"locations":[{"start":{"line":21,"column":33},"end":{"line":26,"column":3}}]},"2":{"type":"branch","line":22,"loc":{"start":{"line":22,"column":18},"end":{"line":25,"column":5}},"locations":[{"start":{"line":22,"column":18},"end":{"line":25,"column":5}}]},"3":{"type":"branch","line":24,"loc":{"start":{"line":24,"column":44},"end":{"line":24,"column":56}},"locations":[{"start":{"line":24,"column":44},"end":{"line":24,"column":56}}]},"4":{"type":"branch","line":27,"loc":{"start":{"line":27,"column":17},"end":{"line":27,"column":31}},"locations":[{"start":{"line":27,"column":17},"end":{"line":27,"column":31}}]},"5":{"type":"branch","line":30,"loc":{"start":{"line":30,"column":7},"end":{"line":46,"column":1}},"locations":[{"start":{"line":30,"column":7},"end":{"line":46,"column":1}}]},"6":{"type":"branch","line":32,"loc":{"start":{"line":32,"column":32},"end":{"line":32,"column":64}},"locations":[{"start":{"line":32,"column":32},"end":{"line":32,"column":64}}]},"7":{"type":"branch","line":32,"loc":{"start":{"line":32,"column":63},"end":{"line":40,"column":3}},"locations":[{"start":{"line":32,"column":63},"end":{"line":40,"column":3}}]},"8":{"type":"branch","line":32,"loc":{"start":{"line":32,"column":63},"end":{"line":36,"column":22}},"locations":[{"start":{"line":32,"column":63},"end":{"line":36,"column":22}}]},"9":{"type":"branch","line":36,"loc":{"start":{"line":36,"column":22},"end":{"line":40,"column":3}},"locations":[{"start":{"line":36,"column":22},"end":{"line":40,"column":3}}]},"10":{"type":"branch","line":40,"loc":{"start":{"line":40,"column":2},"end":{"line":46,"column":1}},"locations":[{"start":{"line":40,"column":2},"end":{"line":46,"column":1}}]},"11":{"type":"branch","line":37,"loc":{"start":{"line":37,"column":36},"end":{"line":37,"column":46}},"locations":[{"start":{"line":37,"column":36},"end":{"line":37,"column":46}}]}},"b":{"0":[1],"1":[1098],"2":[184],"3":[1565],"4":[184],"5":[20],"6":[12],"7":[9],"8":[8],"9":[7],"10":[1],"11":[1176]},"fnMap":{"0":{"name":"sieve","decl":{"start":{"line":17,"column":0},"end":{"line":28,"column":1}},"loc":{"start":{"line":17,"column":0},"end":{"line":28,"column":1}},"line":17},"1":{"name":"primesBelow","decl":{"start":{"line":30,"column":7},"end":{"line":46,"column":1}},"loc":{"start":{"line":30,"column":7},"end":{"line":46,"column":1}},"line":30}},"f":{"0":1,"1":20}}
,"/workspaces/Collatz-box-universes/js/binaryRotation.js": {"path":"/workspaces/Collatz-box-universes/js/binaryRotation.js","all":false,"statementMap":{"0":{"start":{"line":1,"column":0},"end":{"line":1,"column":77}},"1":{"start":{"line":2,"column":0},"end":{"line":2,"column":72}},"3":{"start":{"line":4,"column":0},"end":{"line":4,"column":3}},"4":{"start":{"line":5,"column":0},"end":{"line":5,"column":80}},"5":{"start":{"line":6,"column":0},"end":{"line":6,"column":16}},"6":{"start":{"line":7,"column":0},"end":{"line":7,"column":70}},"7":{"start":{"line":8,"column":0},"end":{"line":8,"column":2}},"8":{"start":{"line":9,"column":0},"end":{"line":9,"column":57}},"9":{"start":{"line":10,"column":0},"end":{"line":10,"column":3}},"10":{"start":{"line":11,"column":0},"end":{"line":11,"column":40}},"11":{"start":{"line":12,"column":0},"end":{"line":12,"column":16}},"12":{"start":{"line":13,"column":0},"end":{"line":13,"column":59}},"13":{"start":{"line":14,"column":0},"end":{"line":14,"column":30}},"14":{"start":{"line":15,"column":0},"end":{"line":15,"column":29}},"15":{"start":{"line":16,"column":0},"end":{"line":16,"column":28}},"16":{"start":{"line":17,"column":0},"end":{"line":17,"column":49}},"17":{"start":{"line":18,"column":0},"end":{"line":18,"column":3}},"18":{"start":{"line":19,"column":0},"end":{"line":19,"column":15}},"19":{"start":{"line":20,"column":0},"end":{"line":20,"column":1}},"21":{"start":{"line":22,"column":0},"end":{"line":22,"column":3}},"22":{"start":{"line":23,"column":0},"end":{"line":23,"column":60}},"23":{"start":{"line":24,"column":0},"end":{"line":24,"column":3}},"24":{"start":{"line":25,"column":0},"end":{"line":25,"column":23}},"25":{"start":{"line":26,"column":0},"end":{"line":26,"column":16}},"26":{"start":{"line":27,"column":0},"end":{"line":27,"column":26}},"27":{"start":{"line":28,"column":0},"end":{"line":28,"column":13}},"28":{"start":{"line":29,"column":0},"end":{"line":29,"column":27}},"29":{"start":{"line":30,"column":0},"end":{"line":30,"column":13}},"30":{"start":{"line":31,"column":0},"end":{"line":31,"column":12}},"31":{"start":{"line":32,"column":0},"end":{"line":32,"column":3}},"32":{"start":{"line":33,"column":0},"end":{"line":33,"column":11}},"33":{"start":{"line":34,"column":0},"end":{"line":34,"column":1}},"35":{"start":{"line":36,"column":0},"end":{"line":36,"column":3}},"36":{"start":{"line":37,"column":0},"end":{"line":37,"column":53}},"37":{"start":{"line":38,"column":0},"end":{"line":38,"column":69}},"38":{"start":{"line":39,"column":0},"end":{"line":39,"column":3}},"39":{"start":{"line":40,"column":0},"end":{"line":40,"column":39}},"40":{"start":{"line":41,"column":0},"end":{"line":41,"column":16}},"41":{"start":{"line":42,"column":0},"end":{"line":42,"column":22}},"42":{"start":{"line":43,"column":0},"end":{"line":43,"column":18}},"43":{"start":{"line":44,"column":0},"end":{"line":44,"column":29}},"44":{"start":{"line":45,"column":0},"end":{"line":45,"column":1}},"46":{"start":{"line":47,"column":0},"end":{"line":47,"column":3}},"47":{"start":{"line":48,"column":0},"end":{"line":48,"column":63}},"48":{"start":{"line":49,"column":0},"end":{"line":49,"column":3}},"49":{"start":{"line":50,"column":0},"end":{"line":50,"column":53}},"50":{"start":{"line":51,"column":0},"end":{"line":51,"column":50}},"52":{"start":{"line":53,"column":0},"end":{"line":53,"column":3}},"53":{"start":{"line":54,"column":0},"end":{"line":54,"column":58}},"54":{"start":{"line":55,"column":0},"end":{"line":55,"column":73}},"55":{"start":{"line":56,"column":0},"end":{"line":56,"column":74}},"56":{"start":{"line":57,"column":0},"end":{"line":57,"column":79}},"57":{"start":{"line":58,"column":0},"end":{"line":58,"column":3}},"58":{"start":{"line":59,"column":0},"end":{"line":59,"column":42}},"59":{"start":{"line":60,"column":0},"end":{"line":60,"column":24}},"60":{"start":{"line":61,"column":0},"end":{"line":61,"column":17}},"61":{"start":{"line":62,"column":0},"end":{"line":62,"column":1}},"63":{"start":{"line":64,"column":0},"end":{"line":64,"column":3}},"64":{"start":{"line":65,"column":0},"end":{"line":65,"column":29}},"65":{"start":{"line":66,"column":0},"end":{"line":66,"column":80}},"66":{"start":{"line":67,"column":0},"end":{"line":67,"column":30}},"67":{"start":{"line":68,"column":0},"end":{"line":68,"column":43}},"68":{"start":{"line":69,"column":0},"end":{"line":69,"column":2}},"69":{"start":{"line":70,"column":0},"end":{"line":70,"column":64}},"70":{"start":{"line":71,"column":0},"end":{"line":71,"column":62}},"71":{"start":{"line":72,"column":0},"end":{"line":72,"column":2}},"72":{"start":{"line":73,"column":0},"end":{"line":73,"column":58}},"73":{"start":{"line":74,"column":0},"end":{"line":74,"column":3}},"74":{"start":{"line":75,"column":0},"end":{"line":75,"column":55}},"75":{"start":{"line":76,"column":0},"end":{"line":76,"column":16}},"76":{"start":{"line":77,"column":0},"end":{"line":77,"column":17}},"77":{"start":{"line":78,"column":0},"end":{"line":78,"column":44}},"78":{"start":{"line":79,"column":0},"end":{"line":79,"column":32}},"79":{"start":{"line":80,"column":0},"end":{"line":80,"column":32}},"80":{"start":{"line":81,"column":0},"end":{"line":81,"column":36}},"81":{"start":{"line":82,"column":0},"end":{"line":82,"column":25}},"82":{"start":{"line":83,"column":0},"end":{"line":83,"column":36}},"83":{"start":{"line":84,"column":0},"end":{"line":84,"column":16}},"84":{"start":{"line":85,"column":0},"end":{"line":85,"column":21}},"85":{"start":{"line":86,"column":0},"end":{"line":86,"column":10}},"86":{"start":{"line":87,"column":0},"end":{"line":87,"column":16}},"87":{"start":{"line":88,"column":0},"end":{"line":88,"column":53}},"88":{"start":{"line":89,"column":0},"end":{"line":89,"column":24}},"89":{"start":{"line":90,"column":0},"end":{"line":90,"column":19}},"90":{"start":{"line":91,"column":0},"end":{"line":91,"column":27}},"91":{"start":{"line":92,"column":0},"end":{"line":92,"column":50}},"92":{"start":{"line":93,"column":0},"end":{"line":93,"column":26}},"93":{"start":{"line":94,"column":0},"end":{"line":94,"column":11}},"94":{"start":{"line":95,"column":0},"end":{"line":95,"column":9}},"95":{"start":{"line":96,"column":0},"end":{"line":96,"column":9}},"96":{"start":{"line":97,"column":0},"end":{"line":97,"column":5}},"97":{"start":{"line":98,"column":0},"end":{"line":98,"column":3}},"98":{"start":{"line":99,"column":0},"end":{"line":99,"column":13}},"99":{"start":{"line":100,"column":0},"end":{"line":100,"column":1}},"101":{"start":{"line":102,"column":0},"end":{"line":102,"column":3}},"102":{"start":{"line":103,"column":0},"end":{"line":103,"column":64}},"103":{"start":{"line":104,"column":0},"end":{"line":104,"column":80}},"104":{"start":{"line":105,"column":0},"end":{"line":105,"column":3}},"105":{"start":{"line":106,"column":0},"end":{"line":106,"column":64}},"106":{"start":{"line":107,"column":0},"end":{"line":107,"column":39}},"107":{"start":{"line":108,"column":0},"end":{"line":108,"column":64}},"108":{"start":{"line":109,"column":0},"end":{"line":109,"column":45}},"109":{"start":{"line":110,"column":0},"end":{"line":110,"column":44}},"110":{"start":{"line":111,"column":0},"end":{"line":111,"column":25}},"111":{"start":{"line":112,"column":0},"end":{"line":112,"column":1}}},"s":{"0":1,"1":1,"3":1,"4":1,"5":1,"6":1,"7":1,"8":1,"9":1,"10":1,"11":371,"12":371,"13":371,"14":371,"15":130,"16":130,"17":130,"18":371,"19":371,"21":1,"22":1,"23":1,"24":1,"25":4,"26":4,"27":4,"28":4,"29":7,"30":7,"31":7,"32":4,"33":4,"35":1,"36":1,"37":1,"38":1,"39":1,"40":0,"41":0,"42":0,"43":0,"44":0,"46":1,"47":1,"48":1,"49":1,"50":1,"52":1,"53":1,"54":1,"55":1,"56":1,"57":1,"58":1,"59":0,"60":0,"61":0,"63":1,"64":1,"65":1,"66":1,"67":1,"68":1,"69":1,"70":1,"71":1,"72":1,"73":1,"74":1,"75":15,"76":15,"77":15,"78":1291,"79":1291,"80":1291,"81":614,"82":1291,"83":614,"84":614,"85":614,"86":614,"87":614,"88":614,"89":614,"90":614,"91":614,"92":614,"93":614,"94":614,"95":614,"96":614,"97":1291,"98":15,"99":15,"101":1,"102":1,"103":1,"104":1,"105":1,"106":0,"107":0,"108":0,"109":0,"110":0,"111":0},"branchMap":{"0":{"type":"branch","line":11,"loc":{"start":{"line":11,"column":7},"end":{"line":20,"column":1}},"locations":[{"start":{"line":11,"column":7},"end":{"line":20,"column":1}}]},"1":{"type":"branch","line":15,"loc":{"start":{"line":15,"column":28},"end":{"line":18,"column":3}},"locations":[{"start":{"line":15,"column":28},"end":{"line":18,"column":3}}]},"2":{"type":"branch","line":17,"loc":{"start":{"line":17,"column":15},"end":{"line":17,"column":33}},"locations":[{"start":{"line":17,"column":15},"end":{"line":17,"column":33}}]},"3":{"type":"branch","line":17,"loc":{"start":{"line":17,"column":35},"end":{"line":17,"column":49}},"locations":[{"start":{"line":17,"column":35},"end":{"line":17,"column":49}}]},"4":{"type":"branch","line":25,"loc":{"start":{"line":25,"column":7},"end":{"line":34,"column":1}},"locations":[{"start":{"line":25,"column":7},"end":{"line":34,"column":1}}]},"5":{"type":"branch","line":27,"loc":{"start":{"line":27,"column":16},"end":{"line":27,"column":26}},"locations":[{"start":{"line":27,"column":16},"end":{"line":27,"column":26}}]},"6":{"type":"branch","line":29,"loc":{"start":{"line":29,"column":26},"end":{"line":32,"column":3}},"locations":[{"start":{"line":29,"column":26},"end":{"line":32,"column":3}}]},"7":{"type":"branch","line":50,"loc":{"start":{"line":50,"column":24},"end":{"line":50,"column":52}},"locations":[{"start":{"line":50,"column":24},"end":{"line":50,"column":52}}]},"8":{"type":"branch","line":75,"loc":{"start":{"line":75,"column":7},"end":{"line":100,"column":1}},"locations":[{"start":{"line":75,"column":7},"end":{"line":100,"column":1}}]},"9":{"type":"branch","line":78,"loc":{"start":{"line":78,"column":43},"end":{"line":98,"column":3}},"locations":[{"start":{"line":78,"column":43},"end":{"line":98,"column":3}}]},"10":{"type":"branch","line":81,"loc":{"start":{"line":81,"column":27},"end":{"line":83,"column":33}},"locations":[{"start":{"line":81,"column":27},"end":{"line":83,"column":33}}]},"11":{"type":"branch","line":81,"loc":{"start":{"line":81,"column":27},"end":{"line":81,"column":36}},"locations":[{"start":{"line":81,"column":27},"end":{"line":81,"column":36}}]},"12":{"type":"branch","line":81,"loc":{"start":{"line":81,"column":35},"end":{"line":83,"column":33}},"locations":[{"start":{"line":81,"column":35},"end":{"line":83,"column":33}}]},"13":{"type":"branch","line":83,"loc":{"start":{"line":83,"column":35},"end":{"line":97,"column":5}},"locations":[{"start":{"line":83,"column":35},"end":{"line":97,"column":5}}]}},"b":{"0":[371],"1":[130],"2":[122],"3":[110],"4":[4],"5":[0],"6":[7],"7":[1228],"8":[15],"9":[1291],"10":[683],"11":[677],"12":[614],"13":[614]},"fnMap":{"0":{"name":"reversePredecessors","decl":{"start":{"line":11,"column":7},"end":{"line":20,"column":1}},"loc":{"start":{"line":11,"column":7},"end":{"line":20,"column":1}},"line":11},"1":{"name":"v2","decl":{"start":{"line":25,"column":7},"end":{"line":34,"column":1}},"loc":{"start":{"line":25,"column":7},"end":{"line":34,"column":1}},"line":25},"2":{"name":"acceleratedForward","decl":{"start":{"line":40,"column":7},"end":{"line":45,"column":1}},"loc":{"start":{"line":40,"column":7},"end":{"line":45,"column":1}},"line":40},"3":{"name":"toBinary","decl":{"start":{"line":50,"column":24},"end":{"line":50,"column":52}},"loc":{"start":{"line":50,"column":24},"end":{"line":50,"column":52}},"line":50},"4":{"name":"fromBinary","decl":{"start":{"line":51,"column":26},"end":{"line":51,"column":49}},"loc":{"start":{"line":51,"column":26},"end":{"line":51,"column":49}},"line":51},"5":{"name":"evenPredecessorBinary","decl":{"start":{"line":59,"column":7},"end":{"line":62,"column":1}},"loc":{"start":{"line":59,"column":7},"end":{"line":62,"column":1}},"line":59},"6":{"name":"shortcutOddPredecessors","decl":{"start":{"line":75,"column":7},"end":{"line":100,"column":1}},"loc":{"start":{"line":75,"column":7},"end":{"line":100,"column":1}},"line":75},"7":{"name":"reversePredecessorsWithShortcuts","decl":{"start":{"line":106,"column":7},"end":{"line":112,"column":1}},"loc":{"start":{"line":106,"column":7},"end":{"line":112,"column":1}},"line":106}},"f":{"0":371,"1":4,"2":0,"3":1228,"4":0,"5":0,"6":15,"7":0}}
,"/workspaces/Collatz-box-universes/js/collatz-dragon.js": {"path":"/workspaces/Collatz-box-universes/js/collatz-dragon.js","all":false,"statementMap":{"0":{"start":{"line":1,"column":0},"end":{"line":1,"column":23}},"1":{"start":{"line":2,"column":0},"end":{"line":2,"column":36}},"2":{"start":{"line":3,"column":0},"end":{"line":3,"column":61}},"3":{"start":{"line":4,"column":0},"end":{"line":4,"column":18}},"4":{"start":{"line":5,"column":0},"end":{"line":5,"column":20}},"5":{"start":{"line":6,"column":0},"end":{"line":6,"column":5}},"6":{"start":{"line":7,"column":0},"end":{"line":7,"column":40}},"7":{"start":{"line":8,"column":0},"end":{"line":8,"column":38}},"8":{"start":{"line":9,"column":0},"end":{"line":9,"column":40}},"9":{"start":{"line":10,"column":0},"end":{"line":10,"column":15}},"10":{"start":{"line":11,"column":0},"end":{"line":11,"column":1}},"12":{"start":{"line":13,"column":0},"end":{"line":13,"column":23}},"13":{"start":{"line":14,"column":0},"end":{"line":14,"column":33}},"14":{"start":{"line":15,"column":0},"end":{"line":15,"column":53}},"15":{"start":{"line":16,"column":0},"end":{"line":16,"column":53}},"16":{"start":{"line":17,"column":0},"end":{"line":17,"column":53}},"17":{"start":{"line":18,"column":0},"end":{"line":18,"column":53}},"19":{"start":{"line":20,"column":0},"end":{"line":20,"column":41}},"20":{"start":{"line":21,"column":0},"end":{"line":21,"column":41}},"21":{"start":{"line":22,"column":0},"end":{"line":22,"column":41}},"22":{"start":{"line":23,"column":0},"end":{"line":23,"column":41}},"24":{"start":{"line":25,"column":0},"end":{"line":25,"column":75}},"25":{"start":{"line":26,"column":0},"end":{"line":26,"column":20}},"26":{"start":{"line":27,"column":0},"end":{"line":27,"column":5}},"28":{"start":{"line":29,"column":0},"end":{"line":29,"column":26}},"29":{"start":{"line":30,"column":0},"end":{"line":30,"column":1}},"31":{"start":{"line":32,"column":0},"end":{"line":32,"column":23}},"32":{"start":{"line":33,"column":0},"end":{"line":33,"column":51}},"33":{"start":{"line":34,"column":0},"end":{"line":34,"column":58}},"34":{"start":{"line":35,"column":0},"end":{"line":35,"column":19}},"35":{"start":{"line":36,"column":0},"end":{"line":36,"column":5}},"36":{"start":{"line":37,"column":0},"end":{"line":37,"column":77}},"37":{"start":{"line":38,"column":0},"end":{"line":38,"column":38}},"38":{"start":{"line":39,"column":0},"end":{"line":39,"column":1}},"40":{"start":{"line":41,"column":0},"end":{"line":41,"column":23}},"41":{"start":{"line":42,"column":0},"end":{"line":42,"column":52}},"42":{"start":{"line":43,"column":0},"end":{"line":43,"column":22}},"43":{"start":{"line":44,"column":0},"end":{"line":44,"column":55}},"44":{"start":{"line":45,"column":0},"end":{"line":45,"column":12}},"45":{"start":{"line":46,"column":0},"end":{"line":46,"column":58}},"46":{"start":{"line":47,"column":0},"end":{"line":47,"column":5}},"47":{"start":{"line":48,"column":0},"end":{"line":48,"column":1}},"49":{"start":{"line":50,"column":0},"end":{"line":50,"column":23}},"50":{"start":{"line":51,"column":0},"end":{"line":51,"column":53}},"51":{"start":{"line":52,"column":0},"end":{"line":52,"column":25}},"52":{"start":{"line":53,"column":0},"end":{"line":53,"column":26}},"53":{"start":{"line":54,"column":0},"end":{"line":54,"column":30}},"54":{"start":{"line":55,"column":0},"end":{"line":55,"column":29}},"55":{"start":{"line":56,"column":0},"end":{"line":56,"column":14}},"57":{"start":{"line":58,"column":0},"end":{"line":58,"column":21}},"58":{"start":{"line":59,"column":0},"end":{"line":59,"column":29}},"59":{"start":{"line":60,"column":0},"end":{"line":60,"column":98}},"60":{"start":{"line":61,"column":0},"end":{"line":61,"column":9}},"61":{"start":{"line":62,"column":0},"end":{"line":62,"column":42}},"62":{"start":{"line":63,"column":0},"end":{"line":63,"column":84}},"63":{"start":{"line":64,"column":0},"end":{"line":64,"column":9}},"64":{"start":{"line":65,"column":0},"end":{"line":65,"column":29}},"65":{"start":{"line":66,"column":0},"end":{"line":66,"column":81}},"66":{"start":{"line":67,"column":0},"end":{"line":67,"column":9}},"68":{"start":{"line":69,"column":0},"end":{"line":69,"column":23}},"69":{"start":{"line":70,"column":0},"end":{"line":70,"column":56}},"70":{"start":{"line":71,"column":0},"end":{"line":71,"column":22}},"71":{"start":{"line":72,"column":0},"end":{"line":72,"column":25}},"72":{"start":{"line":73,"column":0},"end":{"line":73,"column":37}},"73":{"start":{"line":74,"column":0},"end":{"line":74,"column":12}},"74":{"start":{"line":75,"column":0},"end":{"line":75,"column":5}},"76":{"start":{"line":77,"column":0},"end":{"line":77,"column":58}},"77":{"start":{"line":78,"column":0},"end":{"line":78,"column":1}},"80":{"start":{"line":81,"column":0},"end":{"line":81,"column":45}},"81":{"start":{"line":82,"column":0},"end":{"line":82,"column":21}},"83":{"start":{"line":84,"column":0},"end":{"line":84,"column":61}},"84":{"start":{"line":85,"column":0},"end":{"line":85,"column":20}},"85":{"start":{"line":86,"column":0},"end":{"line":86,"column":33}},"86":{"start":{"line":87,"column":0},"end":{"line":87,"column":34}},"87":{"start":{"line":88,"column":0},"end":{"line":88,"column":18}},"89":{"start":{"line":90,"column":0},"end":{"line":90,"column":20}},"90":{"start":{"line":91,"column":0},"end":{"line":91,"column":21}},"92":{"start":{"line":93,"column":0},"end":{"line":93,"column":32}},"93":{"start":{"line":94,"column":0},"end":{"line":94,"column":51}},"94":{"start":{"line":95,"column":0},"end":{"line":95,"column":33}},"95":{"start":{"line":96,"column":0},"end":{"line":96,"column":42}},"96":{"start":{"line":97,"column":0},"end":{"line":97,"column":33}},"97":{"start":{"line":98,"column":0},"end":{"line":98,"column":9}},"99":{"start":{"line":100,"column":0},"end":{"line":100,"column":37}},"100":{"start":{"line":101,"column":0},"end":{"line":101,"column":37}},"102":{"start":{"line":103,"column":0},"end":{"line":103,"column":25}},"103":{"start":{"line":104,"column":0},"end":{"line":104,"column":7}},"105":{"start":{"line":106,"column":0},"end":{"line":106,"column":32}},"106":{"start":{"line":107,"column":0},"end":{"line":107,"column":24}},"107":{"start":{"line":108,"column":0},"end":{"line":108,"column":17}},"108":{"start":{"line":109,"column":0},"end":{"line":109,"column":1}},"110":{"start":{"line":111,"column":0},"end":{"line":111,"column":53}},"111":{"start":{"line":112,"column":0},"end":{"line":112,"column":35}},"112":{"start":{"line":113,"column":0},"end":{"line":113,"column":61}},"113":{"start":{"line":114,"column":0},"end":{"line":114,"column":63}},"115":{"start":{"line":116,"column":0},"end":{"line":116,"column":48}},"116":{"start":{"line":117,"column":0},"end":{"line":117,"column":39}},"117":{"start":{"line":118,"column":0},"end":{"line":118,"column":21}},"118":{"start":{"line":119,"column":0},"end":{"line":119,"column":117}},"119":{"start":{"line":120,"column":0},"end":{"line":120,"column":42}},"120":{"start":{"line":121,"column":0},"end":{"line":121,"column":51}},"121":{"start":{"line":122,"column":0},"end":{"line":122,"column":20}},"122":{"start":{"line":123,"column":0},"end":{"line":123,"column":70}},"123":{"start":{"line":124,"column":0},"end":{"line":124,"column":13}},"124":{"start":{"line":125,"column":0},"end":{"line":125,"column":16}},"125":{"start":{"line":126,"column":0},"end":{"line":126,"column":77}},"126":{"start":{"line":127,"column":0},"end":{"line":127,"column":9}},"127":{"start":{"line":128,"column":0},"end":{"line":128,"column":7}},"129":{"start":{"line":130,"column":0},"end":{"line":130,"column":49}},"130":{"start":{"line":131,"column":0},"end":{"line":131,"column":18}},"131":{"start":{"line":132,"column":0},"end":{"line":132,"column":69}},"132":{"start":{"line":133,"column":0},"end":{"line":133,"column":9}},"133":{"start":{"line":134,"column":0},"end":{"line":134,"column":7}},"134":{"start":{"line":135,"column":0},"end":{"line":135,"column":3}}},"s":{"0":1,"1":1,"2":3,"3":3,"4":1,"5":1,"6":2,"7":2,"8":2,"9":2,"10":2,"12":1,"13":1,"14":6,"15":6,"16":6,"17":6,"19":6,"20":6,"21":6,"22":6,"24":6,"25":4,"26":4,"28":1,"29":1,"31":1,"32":1,"33":4,"34":2,"35":2,"36":2,"37":2,"38":2,"40":1,"41":1,"42":101,"43":20,"44":101,"45":81,"46":81,"47":101,"49":1,"50":1,"51":6,"52":6,"53":6,"54":6,"55":6,"57":6,"58":100,"59":0,"60":0,"61":100,"62":3,"63":3,"64":100,"65":0,"66":0,"68":97,"69":97,"70":97,"71":97,"72":97,"73":97,"74":97,"76":3,"77":3,"80":0,"81":0,"83":0,"84":0,"85":0,"86":0,"87":0,"89":0,"90":0,"92":0,"93":0,"94":0,"95":0,"96":0,"97":0,"99":0,"100":0,"102":0,"103":0,"105":0,"106":0,"107":0,"108":0,"110":1,"111":0,"112":0,"113":0,"115":0,"116":0,"117":0,"118":0,"119":0,"120":0,"121":0,"122":0,"123":0,"124":0,"125":0,"126":0,"127":0,"129":0,"130":0,"131":0,"132":0,"133":0,"134":1},"branchMap":{"0":{"type":"branch","line":2,"loc":{"start":{"line":2,"column":7},"end":{"line":11,"column":1}},"locations":[{"start":{"line":2,"column":7},"end":{"line":11,"column":1}}]},"1":{"type":"branch","line":4,"loc":{"start":{"line":4,"column":17},"end":{"line":6,"column":5}},"locations":[{"start":{"line":4,"column":17},"end":{"line":6,"column":5}}]},"2":{"type":"branch","line":6,"loc":{"start":{"line":6,"column":4},"end":{"line":11,"column":1}},"locations":[{"start":{"line":6,"column":4},"end":{"line":11,"column":1}}]},"3":{"type":"branch","line":14,"loc":{"start":{"line":14,"column":7},"end":{"line":30,"column":1}},"locations":[{"start":{"line":14,"column":7},"end":{"line":30,"column":1}}]},"4":{"type":"branch","line":25,"loc":{"start":{"line":25,"column":17},"end":{"line":25,"column":26}},"locations":[{"start":{"line":25,"column":17},"end":{"line":25,"column":26}}]},"5":{"type":"branch","line":25,"loc":{"start":{"line":25,"column":27},"end":{"line":25,"column":38}},"locations":[{"start":{"line":25,"column":27},"end":{"line":25,"column":38}}]},"6":{"type":"branch","line":25,"loc":{"start":{"line":25,"column":39},"end":{"line":25,"column":48}},"locations":[{"start":{"line":25,"column":39},"end":{"line":25,"column":48}}]},"7":{"type":"branch","line":25,"loc":{"start":{"line":25,"column":49},"end":{"line":25,"column":60}},"locations":[{"start":{"line":25,"column":49},"end":{"line":25,"column":60}}]},"8":{"type":"branch","line":25,"loc":{"start":{"line":25,"column":61},"end":{"line":25,"column":72}},"locations":[{"start":{"line":25,"column":61},"end":{"line":25,"column":72}}]},"9":{"type":"branch","line":25,"loc":{"start":{"line":25,"column":74},"end":{"line":27,"column":5}},"locations":[{"start":{"line":25,"column":74},"end":{"line":27,"column":5}}]},"10":{"type":"branch","line":27,"loc":{"start":{"line":27,"column":4},"end":{"line":30,"column":1}},"locations":[{"start":{"line":27,"column":4},"end":{"line":30,"column":1}}]},"11":{"type":"branch","line":33,"loc":{"start":{"line":33,"column":7},"end":{"line":39,"column":1}},"locations":[{"start":{"line":33,"column":7},"end":{"line":39,"column":1}}]},"12":{"type":"branch","line":34,"loc":{"start":{"line":34,"column":30},"end":{"line":34,"column":55}},"locations":[{"start":{"line":34,"column":30},"end":{"line":34,"column":55}}]},"13":{"type":"branch","line":34,"loc":{"start":{"line":34,"column":57},"end":{"line":39,"column":1}},"locations":[{"start":{"line":34,"column":57},"end":{"line":39,"column":1}}]},"14":{"type":"branch","line":42,"loc":{"start":{"line":42,"column":7},"end":{"line":48,"column":1}},"locations":[{"start":{"line":42,"column":7},"end":{"line":48,"column":1}}]},"15":{"type":"branch","line":43,"loc":{"start":{"line":43,"column":21},"end":{"line":45,"column":5}},"locations":[{"start":{"line":43,"column":21},"end":{"line":45,"column":5}}]},"16":{"type":"branch","line":45,"loc":{"start":{"line":45,"column":5},"end":{"line":47,"column":5}},"locations":[{"start":{"line":45,"column":5},"end":{"line":47,"column":5}}]},"17":{"type":"branch","line":51,"loc":{"start":{"line":51,"column":7},"end":{"line":78,"column":1}},"locations":[{"start":{"line":51,"column":7},"end":{"line":78,"column":1}}]},"18":{"type":"branch","line":58,"loc":{"start":{"line":58,"column":20},"end":{"line":75,"column":5}},"locations":[{"start":{"line":58,"column":20},"end":{"line":75,"column":5}}]},"19":{"type":"branch","line":59,"loc":{"start":{"line":59,"column":28},"end":{"line":61,"column":9}},"locations":[{"start":{"line":59,"column":28},"end":{"line":61,"column":9}}]},"20":{"type":"branch","line":62,"loc":{"start":{"line":62,"column":41},"end":{"line":64,"column":9}},"locations":[{"start":{"line":62,"column":41},"end":{"line":64,"column":9}}]},"21":{"type":"branch","line":64,"loc":{"start":{"line":64,"column":8},"end":{"line":65,"column":28}},"locations":[{"start":{"line":64,"column":8},"end":{"line":65,"column":28}}]},"22":{"type":"branch","line":65,"loc":{"start":{"line":65,"column":28},"end":{"line":67,"column":9}},"locations":[{"start":{"line":65,"column":28},"end":{"line":67,"column":9}}]},"23":{"type":"branch","line":67,"loc":{"start":{"line":67,"column":8},"end":{"line":75,"column":5}},"locations":[{"start":{"line":67,"column":8},"end":{"line":75,"column":5}}]},"24":{"type":"branch","line":75,"loc":{"start":{"line":75,"column":4},"end":{"line":78,"column":1}},"locations":[{"start":{"line":75,"column":4},"end":{"line":78,"column":1}}]}},"b":{"0":[3],"1":[1],"2":[2],"3":[6],"4":[5],"5":[3],"6":[3],"7":[2],"8":[1],"9":[4],"10":[1],"11":[4],"12":[3],"13":[2],"14":[101],"15":[20],"16":[81],"17":[6],"18":[100],"19":[0],"20":[3],"21":[97],"22":[0],"23":[97],"24":[3]},"fnMap":{"0":{"name":"initializeCanvas","decl":{"start":{"line":2,"column":7},"end":{"line":11,"column":1}},"loc":{"start":{"line":2,"column":7},"end":{"line":11,"column":1}},"line":2},"1":{"name":"getParameters","decl":{"start":{"line":14,"column":7},"end":{"line":30,"column":1}},"loc":{"start":{"line":14,"column":7},"end":{"line":30,"column":1}},"line":14},"2":{"name":"generateLinkURL","decl":{"start":{"line":33,"column":7},"end":{"line":39,"column":1}},"loc":{"start":{"line":33,"column":7},"end":{"line":39,"column":1}},"line":33},"3":{"name":"generalizedCollatzStep","decl":{"start":{"line":42,"column":7},"end":{"line":48,"column":1}},"loc":{"start":{"line":42,"column":7},"end":{"line":48,"column":1}},"line":42},"4":{"name":"generateCollatzSequence","decl":{"start":{"line":51,"column":7},"end":{"line":78,"column":1}},"loc":{"start":{"line":51,"column":7},"end":{"line":78,"column":1}},"line":51},"5":{"name":"drawCollatzDragon","decl":{"start":{"line":81,"column":0},"end":{"line":109,"column":1}},"loc":{"start":{"line":81,"column":0},"end":{"line":109,"column":1}},"line":81}},"f":{"0":3,"1":6,"2":4,"3":101,"4":6,"5":0}}
,"/workspaces/Collatz-box-universes/js/collatzLogic.js": {"path":"/workspaces/Collatz-box-universes/js/collatzLogic.js","all":false,"statementMap":{"0":{"start":{"line":1,"column":0},"end":{"line":1,"column":3}},"1":{"start":{"line":2,"column":0},"end":{"line":2,"column":46}},"2":{"start":{"line":3,"column":0},"end":{"line":3,"column":41}},"3":{"start":{"line":4,"column":0},"end":{"line":4,"column":33}},"4":{"start":{"line":5,"column":0},"end":{"line":5,"column":36}},"5":{"start":{"line":6,"column":0},"end":{"line":6,"column":43}},"6":{"start":{"line":7,"column":0},"end":{"line":7,"column":49}},"7":{"start":{"line":8,"column":0},"end":{"line":8,"column":3}},"8":{"start":{"line":9,"column":0},"end":{"line":9,"column":54}},"9":{"start":{"line":10,"column":0},"end":{"line":10,"column":30}},"10":{"start":{"line":11,"column":0},"end":{"line":11,"column":29}},"11":{"start":{"line":12,"column":0},"end":{"line":12,"column":16}},"12":{"start":{"line":13,"column":0},"end":{"line":13,"column":25}},"13":{"start":{"line":14,"column":0},"end":{"line":14,"column":35}},"14":{"start":{"line":15,"column":0},"end":{"line":15,"column":10}},"15":{"start":{"line":16,"column":0},"end":{"line":16,"column":5}},"17":{"start":{"line":18,"column":0},"end":{"line":18,"column":25}},"18":{"start":{"line":19,"column":0},"end":{"line":19,"column":73}},"19":{"start":{"line":20,"column":0},"end":{"line":20,"column":20}},"21":{"start":{"line":22,"column":0},"end":{"line":22,"column":21}},"22":{"start":{"line":23,"column":0},"end":{"line":23,"column":26}},"23":{"start":{"line":24,"column":0},"end":{"line":24,"column":22}},"24":{"start":{"line":25,"column":0},"end":{"line":25,"column":16}},"25":{"start":{"line":26,"column":0},"end":{"line":26,"column":26}},"26":{"start":{"line":27,"column":0},"end":{"line":27,"column":9}},"28":{"start":{"line":29,"column":0},"end":{"line":29,"column":28}},"29":{"start":{"line":30,"column":0},"end":{"line":30,"column":26}},"30":{"start":{"line":31,"column":0},"end":{"line":31,"column":38}},"31":{"start":{"line":32,"column":0},"end":{"line":32,"column":18}},"32":{"start":{"line":33,"column":0},"end":{"line":33,"column":9}},"33":{"start":{"line":34,"column":0},"end":{"line":34,"column":20}},"35":{"start":{"line":36,"column":0},"end":{"line":36,"column":37}},"36":{"start":{"line":37,"column":0},"end":{"line":37,"column":25}},"38":{"start":{"line":39,"column":0},"end":{"line":39,"column":73}},"39":{"start":{"line":40,"column":0},"end":{"line":40,"column":37}},"40":{"start":{"line":41,"column":0},"end":{"line":41,"column":57}},"41":{"start":{"line":42,"column":0},"end":{"line":42,"column":18}},"42":{"start":{"line":43,"column":0},"end":{"line":43,"column":9}},"43":{"start":{"line":44,"column":0},"end":{"line":44,"column":5}},"45":{"start":{"line":46,"column":0},"end":{"line":46,"column":89}},"46":{"start":{"line":47,"column":0},"end":{"line":47,"column":35}},"47":{"start":{"line":48,"column":0},"end":{"line":48,"column":34}},"48":{"start":{"line":49,"column":0},"end":{"line":49,"column":5}},"50":{"start":{"line":51,"column":0},"end":{"line":51,"column":12}},"51":{"start":{"line":52,"column":0},"end":{"line":52,"column":17}},"52":{"start":{"line":53,"column":0},"end":{"line":53,"column":14}},"53":{"start":{"line":54,"column":0},"end":{"line":54,"column":6}},"54":{"start":{"line":55,"column":0},"end":{"line":55,"column":1}},"56":{"start":{"line":57,"column":0},"end":{"line":57,"column":3}},"57":{"start":{"line":58,"column":0},"end":{"line":58,"column":89}},"58":{"start":{"line":59,"column":0},"end":{"line":59,"column":2}},"59":{"start":{"line":60,"column":0},"end":{"line":60,"column":59}},"60":{"start":{"line":61,"column":0},"end":{"line":61,"column":62}},"61":{"start":{"line":62,"column":0},"end":{"line":62,"column":69}},"62":{"start":{"line":63,"column":0},"end":{"line":63,"column":99}},"63":{"start":{"line":64,"column":0},"end":{"line":64,"column":3}},"64":{"start":{"line":65,"column":0},"end":{"line":65,"column":66}},"65":{"start":{"line":66,"column":0},"end":{"line":66,"column":26}},"66":{"start":{"line":67,"column":0},"end":{"line":67,"column":39}},"67":{"start":{"line":68,"column":0},"end":{"line":68,"column":20}},"69":{"start":{"line":70,"column":0},"end":{"line":70,"column":57}},"70":{"start":{"line":71,"column":0},"end":{"line":71,"column":33}},"71":{"start":{"line":72,"column":0},"end":{"line":72,"column":44}},"72":{"start":{"line":73,"column":0},"end":{"line":73,"column":41}},"73":{"start":{"line":74,"column":0},"end":{"line":74,"column":34}},"74":{"start":{"line":75,"column":0},"end":{"line":75,"column":13}},"75":{"start":{"line":76,"column":0},"end":{"line":76,"column":9}},"77":{"start":{"line":78,"column":0},"end":{"line":78,"column":69}},"78":{"start":{"line":79,"column":0},"end":{"line":79,"column":37}},"79":{"start":{"line":80,"column":0},"end":{"line":80,"column":49}},"80":{"start":{"line":81,"column":0},"end":{"line":81,"column":42}},"81":{"start":{"line":82,"column":0},"end":{"line":82,"column":35}},"82":{"start":{"line":83,"column":0},"end":{"line":83,"column":13}},"83":{"start":{"line":84,"column":0},"end":{"line":84,"column":9}},"84":{"start":{"line":85,"column":0},"end":{"line":85,"column":6}},"85":{"start":{"line":86,"column":0},"end":{"line":86,"column":1}}},"s":{"0":1,"1":1,"2":1,"3":1,"4":1,"5":1,"6":1,"7":1,"8":1,"9":4,"10":4,"11":1,"12":1,"13":1,"14":1,"15":1,"17":3,"18":3,"19":3,"21":4,"22":1011,"23":602,"24":1011,"25":409,"26":409,"28":1011,"29":1011,"30":1,"31":1,"32":1,"33":1010,"35":1010,"36":1010,"38":1010,"39":1011,"40":1,"41":1,"42":1,"43":1011,"45":3,"46":4,"47":1,"48":1,"50":3,"51":3,"52":3,"53":3,"54":3,"56":1,"57":1,"58":1,"59":1,"60":1,"61":1,"62":1,"63":1,"64":1,"65":2,"66":5,"67":5,"69":5,"70":5,"71":3,"72":3,"73":2,"74":2,"75":3,"77":5,"78":5,"79":2,"80":2,"81":2,"82":2,"83":2,"84":2,"85":2},"branchMap":{"0":{"type":"branch","line":9,"loc":{"start":{"line":9,"column":7},"end":{"line":55,"column":1}},"locations":[{"start":{"line":9,"column":7},"end":{"line":55,"column":1}}]},"1":{"type":"branch","line":11,"loc":{"start":{"line":11,"column":28},"end":{"line":16,"column":5}},"locations":[{"start":{"line":11,"column":28},"end":{"line":16,"column":5}}]},"2":{"type":"branch","line":16,"loc":{"start":{"line":16,"column":4},"end":{"line":22,"column":20}},"locations":[{"start":{"line":16,"column":4},"end":{"line":22,"column":20}}]},"3":{"type":"branch","line":22,"loc":{"start":{"line":22,"column":20},"end":{"line":44,"column":5}},"locations":[{"start":{"line":22,"column":20},"end":{"line":44,"column":5}}]},"4":{"type":"branch","line":23,"loc":{"start":{"line":23,"column":25},"end":{"line":25,"column":9}},"locations":[{"start":{"line":23,"column":25},"end":{"line":25,"column":9}}]},"5":{"type":"branch","line":25,"loc":{"start":{"line":25,"column":9},"end":{"line":27,"column":9}},"locations":[{"start":{"line":25,"column":9},"end":{"line":27,"column":9}}]},"6":{"type":"branch","line":30,"loc":{"start":{"line":30,"column":25},"end":{"line":33,"column":9}},"locations":[{"start":{"line":30,"column":25},"end":{"line":33,"column":9}}]},"7":{"type":"branch","line":33,"loc":{"start":{"line":33,"column":8},"end":{"line":40,"column":36}},"locations":[{"start":{"line":33,"column":8},"end":{"line":40,"column":36}}]},"8":{"type":"branch","line":40,"loc":{"start":{"line":40,"column":36},"end":{"line":43,"column":9}},"locations":[{"start":{"line":40,"column":36},"end":{"line":43,"column":9}}]},"9":{"type":"branch","line":44,"loc":{"start":{"line":44,"column":4},"end":{"line":47,"column":22}},"locations":[{"start":{"line":44,"column":4},"end":{"line":47,"column":22}}]},"10":{"type":"branch","line":47,"loc":{"start":{"line":47,"column":22},"end":{"line":47,"column":32}},"locations":[{"start":{"line":47,"column":22},"end":{"line":47,"column":32}}]},"11":{"type":"branch","line":47,"loc":{"start":{"line":47,"column":34},"end":{"line":49,"column":5}},"locations":[{"start":{"line":47,"column":34},"end":{"line":49,"column":5}}]},"12":{"type":"branch","line":49,"loc":{"start":{"line":49,"column":4},"end":{"line":55,"column":1}},"locations":[{"start":{"line":49,"column":4},"end":{"line":55,"column":1}}]},"13":{"type":"branch","line":65,"loc":{"start":{"line":65,"column":7},"end":{"line":86,"column":1}},"locations":[{"start":{"line":65,"column":7},"end":{"line":86,"column":1}}]},"14":{"type":"branch","line":66,"loc":{"start":{"line":66,"column":11},"end":{"line":85,"column":5}},"locations":[{"start":{"line":66,"column":11},"end":{"line":85,"column":5}}]},"15":{"type":"branch","line":71,"loc":{"start":{"line":71,"column":32},"end":{"line":76,"column":9}},"locations":[{"start":{"line":71,"column":32},"end":{"line":76,"column":9}}]},"16":{"type":"branch","line":73,"loc":{"start":{"line":73,"column":40},"end":{"line":75,"column":13}},"locations":[{"start":{"line":73,"column":40},"end":{"line":75,"column":13}}]},"17":{"type":"branch","line":79,"loc":{"start":{"line":79,"column":36},"end":{"line":84,"column":9}},"locations":[{"start":{"line":79,"column":36},"end":{"line":84,"column":9}}]}},"b":{"0":[4],"1":[1],"2":[3],"3":[1011],"4":[602],"5":[409],"6":[1],"7":[1010],"8":[1],"9":[3],"10":[1],"11":[1],"12":[3],"13":[2],"14":[5],"15":[3],"16":[2],"17":[2]},"fnMap":{"0":{"name":"calculateCollatzSequence","decl":{"start":{"line":9,"column":7},"end":{"line":55,"column":1}},"loc":{"start":{"line":9,"column":7},"end":{"line":55,"column":1}},"line":9},"1":{"name":"getPredecessorsShortcuts","decl":{"start":{"line":65,"column":7},"end":{"line":86,"column":1}},"loc":{"start":{"line":65,"column":7},"end":{"line":86,"column":1}},"line":65}},"f":{"0":4,"1":2}}
,"/workspaces/Collatz-box-universes/js/generalizedPrimeCollatz.js": {"path":"/workspaces/Collatz-box-universes/js/generalizedPrimeCollatz.js","all":false,"statementMap":{"0":{"start":{"line":1,"column":0},"end":{"line":1,"column":29}},"1":{"start":{"line":2,"column":0},"end":{"line":2,"column":20}},"3":{"start":{"line":4,"column":0},"end":{"line":4,"column":50}},"5":{"start":{"line":6,"column":0},"end":{"line":6,"column":3}},"6":{"start":{"line":7,"column":0},"end":{"line":7,"column":29}},"7":{"start":{"line":8,"column":0},"end":{"line":8,"column":32}},"8":{"start":{"line":9,"column":0},"end":{"line":9,"column":37}},"9":{"start":{"line":10,"column":0},"end":{"line":10,"column":55}},"10":{"start":{"line":11,"column":0},"end":{"line":11,"column":3}},"11":{"start":{"line":12,"column":0},"end":{"line":12,"column":29}},"12":{"start":{"line":13,"column":0},"end":{"line":13,"column":16}},"13":{"start":{"line":14,"column":0},"end":{"line":14,"column":36}},"14":{"start":{"line":15,"column":0},"end":{"line":15,"column":1}},"16":{"start":{"line":17,"column":0},"end":{"line":17,"column":3}},"17":{"start":{"line":18,"column":0},"end":{"line":18,"column":60}},"18":{"start":{"line":19,"column":0},"end":{"line":19,"column":43}},"19":{"start":{"line":20,"column":0},"end":{"line":20,"column":76}},"20":{"start":{"line":21,"column":0},"end":{"line":21,"column":73}},"21":{"start":{"line":22,"column":0},"end":{"line":22,"column":36}},"22":{"start":{"line":23,"column":0},"end":{"line":23,"column":3}},"23":{"start":{"line":24,"column":0},"end":{"line":24,"column":52}},"24":{"start":{"line":25,"column":0},"end":{"line":25,"column":23}},"25":{"start":{"line":26,"column":0},"end":{"line":26,"column":20}},"26":{"start":{"line":27,"column":0},"end":{"line":27,"column":24}},"27":{"start":{"line":28,"column":0},"end":{"line":28,"column":17}},"28":{"start":{"line":29,"column":0},"end":{"line":29,"column":12}},"29":{"start":{"line":30,"column":0},"end":{"line":30,"column":27}},"30":{"start":{"line":31,"column":0},"end":{"line":31,"column":5}},"31":{"start":{"line":32,"column":0},"end":{"line":32,"column":21}},"32":{"start":{"line":33,"column":0},"end":{"line":33,"column":3}},"33":{"start":{"line":34,"column":0},"end":{"line":34,"column":18}},"34":{"start":{"line":35,"column":0},"end":{"line":35,"column":1}},"36":{"start":{"line":37,"column":0},"end":{"line":37,"column":3}},"37":{"start":{"line":38,"column":0},"end":{"line":38,"column":45}},"38":{"start":{"line":39,"column":0},"end":{"line":39,"column":46}},"39":{"start":{"line":40,"column":0},"end":{"line":40,"column":43}},"40":{"start":{"line":41,"column":0},"end":{"line":41,"column":43}},"41":{"start":{"line":42,"column":0},"end":{"line":42,"column":3}},"42":{"start":{"line":43,"column":0},"end":{"line":43,"column":49}},"43":{"start":{"line":44,"column":0},"end":{"line":44,"column":16}},"44":{"start":{"line":45,"column":0},"end":{"line":45,"column":16}},"45":{"start":{"line":46,"column":0},"end":{"line":46,"column":32}},"47":{"start":{"line":48,"column":0},"end":{"line":48,"column":28}},"48":{"start":{"line":49,"column":0},"end":{"line":49,"column":13}},"49":{"start":{"line":50,"column":0},"end":{"line":50,"column":3}},"51":{"start":{"line":52,"column":0},"end":{"line":52,"column":27}},"52":{"start":{"line":53,"column":0},"end":{"line":53,"column":26}},"53":{"start":{"line":54,"column":0},"end":{"line":54,"column":13}},"54":{"start":{"line":55,"column":0},"end":{"line":55,"column":5}},"55":{"start":{"line":56,"column":0},"end":{"line":56,"column":3}},"57":{"start":{"line":58,"column":0},"end":{"line":58,"column":11}},"58":{"start":{"line":59,"column":0},"end":{"line":59,"column":1}},"60":{"start":{"line":61,"column":0},"end":{"line":61,"column":3}},"61":{"start":{"line":62,"column":0},"end":{"line":62,"column":40}},"62":{"start":{"line":63,"column":0},"end":{"line":63,"column":16}},"63":{"start":{"line":64,"column":0},"end":{"line":64,"column":56}},"64":{"start":{"line":65,"column":0},"end":{"line":65,"column":42}},"65":{"start":{"line":66,"column":0},"end":{"line":66,"column":43}},"66":{"start":{"line":67,"column":0},"end":{"line":67,"column":53}},"67":{"start":{"line":68,"column":0},"end":{"line":68,"column":3}},"68":{"start":{"line":69,"column":0},"end":{"line":69,"column":29}},"69":{"start":{"line":70,"column":0},"end":{"line":70,"column":16}},"70":{"start":{"line":71,"column":0},"end":{"line":71,"column":16}},"71":{"start":{"line":72,"column":0},"end":{"line":72,"column":21}},"72":{"start":{"line":73,"column":0},"end":{"line":73,"column":52}},"73":{"start":{"line":74,"column":0},"end":{"line":74,"column":3}},"74":{"start":{"line":75,"column":0},"end":{"line":75,"column":24}},"75":{"start":{"line":76,"column":0},"end":{"line":76,"column":18}},"76":{"start":{"line":77,"column":0},"end":{"line":77,"column":3}},"77":{"start":{"line":78,"column":0},"end":{"line":78,"column":23}},"78":{"start":{"line":79,"column":0},"end":{"line":79,"column":41}},"79":{"start":{"line":80,"column":0},"end":{"line":80,"column":1}},"81":{"start":{"line":82,"column":0},"end":{"line":82,"column":3}},"82":{"start":{"line":83,"column":0},"end":{"line":83,"column":57}},"83":{"start":{"line":84,"column":0},"end":{"line":84,"column":43}},"84":{"start":{"line":85,"column":0},"end":{"line":85,"column":43}},"85":{"start":{"line":86,"column":0},"end":{"line":86,"column":69}},"86":{"start":{"line":87,"column":0},"end":{"line":87,"column":90}},"87":{"start":{"line":88,"column":0},"end":{"line":88,"column":3}},"88":{"start":{"line":89,"column":0},"end":{"line":89,"column":50}},"89":{"start":{"line":90,"column":0},"end":{"line":90,"column":18}},"90":{"start":{"line":91,"column":0},"end":{"line":91,"column":18}},"91":{"start":{"line":92,"column":0},"end":{"line":92,"column":23}},"92":{"start":{"line":93,"column":0},"end":{"line":93,"column":56}},"93":{"start":{"line":94,"column":0},"end":{"line":94,"column":5}},"95":{"start":{"line":96,"column":0},"end":{"line":96,"column":20}},"96":{"start":{"line":97,"column":0},"end":{"line":97,"column":41}},"97":{"start":{"line":98,"column":0},"end":{"line":98,"column":21}},"98":{"start":{"line":99,"column":0},"end":{"line":99,"column":18}},"100":{"start":{"line":101,"column":0},"end":{"line":101,"column":45}},"101":{"start":{"line":102,"column":0},"end":{"line":102,"column":49}},"102":{"start":{"line":103,"column":0},"end":{"line":103,"column":38}},"103":{"start":{"line":104,"column":0},"end":{"line":104,"column":40}},"105":{"start":{"line":106,"column":0},"end":{"line":106,"column":53}},"106":{"start":{"line":107,"column":0},"end":{"line":107,"column":28}},"107":{"start":{"line":108,"column":0},"end":{"line":108,"column":31}},"108":{"start":{"line":109,"column":0},"end":{"line":109,"column":59}},"109":{"start":{"line":110,"column":0},"end":{"line":110,"column":9}},"111":{"start":{"line":112,"column":0},"end":{"line":112,"column":22}},"112":{"start":{"line":113,"column":0},"end":{"line":113,"column":27}},"113":{"start":{"line":114,"column":0},"end":{"line":114,"column":16}},"114":{"start":{"line":115,"column":0},"end":{"line":115,"column":5}},"116":{"start":{"line":117,"column":0},"end":{"line":117,"column":54}},"117":{"start":{"line":118,"column":0},"end":{"line":118,"column":26}},"118":{"start":{"line":119,"column":0},"end":{"line":119,"column":55}},"119":{"start":{"line":120,"column":0},"end":{"line":120,"column":12}},"120":{"start":{"line":121,"column":0},"end":{"line":121,"column":59}},"121":{"start":{"line":122,"column":0},"end":{"line":122,"column":5}},"122":{"start":{"line":123,"column":0},"end":{"line":123,"column":1}},"124":{"start":{"line":125,"column":0},"end":{"line":125,"column":3}},"125":{"start":{"line":126,"column":0},"end":{"line":126,"column":58}},"126":{"start":{"line":127,"column":0},"end":{"line":127,"column":43}},"127":{"start":{"line":128,"column":0},"end":{"line":128,"column":43}},"128":{"start":{"line":129,"column":0},"end":{"line":129,"column":69}},"129":{"start":{"line":130,"column":0},"end":{"line":130,"column":42}},"130":{"start":{"line":131,"column":0},"end":{"line":131,"column":3}},"131":{"start":{"line":132,"column":0},"end":{"line":132,"column":55}},"132":{"start":{"line":133,"column":0},"end":{"line":133,"column":45}},"133":{"start":{"line":134,"column":0},"end":{"line":134,"column":1}}},"s":{"0":1,"1":1,"3":1,"5":1,"6":1,"7":1,"8":1,"9":1,"10":1,"11":1,"12":27,"13":27,"14":27,"16":1,"17":1,"18":1,"19":1,"20":1,"21":1,"22":1,"23":1,"24":1,"25":1,"26":8,"27":6,"28":8,"29":2,"30":2,"31":8,"32":8,"33":1,"34":1,"36":1,"37":1,"38":1,"39":1,"40":1,"41":1,"42":1,"43":14,"44":14,"45":14,"47":14,"48":0,"49":0,"51":14,"52":31,"53":45,"54":45,"55":31,"57":14,"58":14,"60":1,"61":1,"62":1,"63":1,"64":1,"65":1,"66":1,"67":1,"68":1,"69":14,"70":14,"71":14,"72":1,"73":1,"74":14,"75":2,"76":2,"77":11,"78":11,"79":11,"81":1,"82":1,"83":1,"84":1,"85":1,"86":1,"87":1,"88":1,"89":5,"90":5,"91":5,"92":1,"93":1,"95":4,"96":4,"97":4,"98":4,"100":4,"101":5,"102":11,"103":11,"105":11,"106":11,"107":0,"108":0,"109":0,"111":11,"112":11,"113":11,"114":11,"116":4,"117":4,"118":4,"119":5,"120":0,"121":0,"122":5,"124":1,"125":1,"126":1,"127":1,"128":1,"129":1,"130":1,"131":1,"132":1,"133":1},"branchMap":{"0":{"type":"branch","line":12,"loc":{"start":{"line":12,"column":7},"end":{"line":15,"column":1}},"locations":[{"start":{"line":12,"column":7},"end":{"line":15,"column":1}}]},"1":{"type":"branch","line":14,"loc":{"start":{"line":14,"column":17},"end":{"line":14,"column":35}},"locations":[{"start":{"line":14,"column":17},"end":{"line":14,"column":35}}]},"2":{"type":"branch","line":24,"loc":{"start":{"line":24,"column":7},"end":{"line":35,"column":1}},"locations":[{"start":{"line":24,"column":7},"end":{"line":35,"column":1}}]},"3":{"type":"branch","line":26,"loc":{"start":{"line":26,"column":19},"end":{"line":33,"column":3}},"locations":[{"start":{"line":26,"column":19},"end":{"line":33,"column":3}}]},"4":{"type":"branch","line":27,"loc":{"start":{"line":27,"column":23},"end":{"line":29,"column":5}},"locations":[{"start":{"line":27,"column":23},"end":{"line":29,"column":5}}]},"5":{"type":"branch","line":29,"loc":{"start":{"line":29,"column":5},"end":{"line":31,"column":5}},"locations":[{"start":{"line":29,"column":5},"end":{"line":31,"column":5}}]},"6":{"type":"branch","line":43,"loc":{"start":{"line":43,"column":7},"end":{"line":59,"column":1}},"locations":[{"start":{"line":43,"column":7},"end":{"line":59,"column":1}}]},"7":{"type":"branch","line":48,"loc":{"start":{"line":48,"column":27},"end":{"line":50,"column":3}},"locations":[{"start":{"line":48,"column":27},"end":{"line":50,"column":3}}]},"8":{"type":"branch","line":52,"loc":{"start":{"line":52,"column":26},"end":{"line":56,"column":3}},"locations":[{"start":{"line":52,"column":26},"end":{"line":56,"column":3}}]},"9":{"type":"branch","line":53,"loc":{"start":{"line":53,"column":25},"end":{"line":55,"column":5}},"locations":[{"start":{"line":53,"column":25},"end":{"line":55,"column":5}}]},"10":{"type":"branch","line":69,"loc":{"start":{"line":69,"column":7},"end":{"line":80,"column":1}},"locations":[{"start":{"line":69,"column":7},"end":{"line":80,"column":1}}]},"11":{"type":"branch","line":72,"loc":{"start":{"line":72,"column":20},"end":{"line":74,"column":3}},"locations":[{"start":{"line":72,"column":20},"end":{"line":74,"column":3}}]},"12":{"type":"branch","line":74,"loc":{"start":{"line":74,"column":2},"end":{"line":75,"column":23}},"locations":[{"start":{"line":74,"column":2},"end":{"line":75,"column":23}}]},"13":{"type":"branch","line":75,"loc":{"start":{"line":75,"column":23},"end":{"line":77,"column":3}},"locations":[{"start":{"line":75,"column":23},"end":{"line":77,"column":3}}]},"14":{"type":"branch","line":77,"loc":{"start":{"line":77,"column":2},"end":{"line":80,"column":1}},"locations":[{"start":{"line":77,"column":2},"end":{"line":80,"column":1}}]},"15":{"type":"branch","line":89,"loc":{"start":{"line":89,"column":7},"end":{"line":123,"column":1}},"locations":[{"start":{"line":89,"column":7},"end":{"line":123,"column":1}}]},"16":{"type":"branch","line":92,"loc":{"start":{"line":92,"column":22},"end":{"line":94,"column":5}},"locations":[{"start":{"line":92,"column":22},"end":{"line":94,"column":5}}]},"17":{"type":"branch","line":94,"loc":{"start":{"line":94,"column":4},"end":{"line":102,"column":27}},"locations":[{"start":{"line":94,"column":4},"end":{"line":102,"column":27}}]},"18":{"type":"branch","line":102,"loc":{"start":{"line":102,"column":27},"end":{"line":102,"column":46}},"locations":[{"start":{"line":102,"column":27},"end":{"line":102,"column":46}}]},"19":{"type":"branch","line":102,"loc":{"start":{"line":102,"column":48},"end":{"line":115,"column":5}},"locations":[{"start":{"line":102,"column":48},"end":{"line":115,"column":5}}]},"20":{"type":"branch","line":107,"loc":{"start":{"line":107,"column":27},"end":{"line":110,"column":9}},"locations":[{"start":{"line":107,"column":27},"end":{"line":110,"column":9}}]},"21":{"type":"branch","line":115,"loc":{"start":{"line":115,"column":4},"end":{"line":120,"column":5}},"locations":[{"start":{"line":115,"column":4},"end":{"line":120,"column":5}}]},"22":{"type":"branch","line":120,"loc":{"start":{"line":120,"column":5},"end":{"line":122,"column":5}},"locations":[{"start":{"line":120,"column":5},"end":{"line":122,"column":5}}]},"23":{"type":"branch","line":132,"loc":{"start":{"line":132,"column":7},"end":{"line":134,"column":1}},"locations":[{"start":{"line":132,"column":7},"end":{"line":134,"column":1}}]}},"b":{"0":[27],"1":[22],"2":[1],"3":[8],"4":[6],"5":[2],"6":[14],"7":[0],"8":[31],"9":[45],"10":[14],"11":[1],"12":[13],"13":[2],"14":[11],"15":[5],"16":[1],"17":[4],"18":[11],"19":[11],"20":[0],"21":[4],"22":[0],"23":[1]},"fnMap":{"0":{"name":"isValidP","decl":{"start":{"line":12,"column":7},"end":{"line":15,"column":1}},"loc":{"start":{"line":12,"column":7},"end":{"line":15,"column":1}},"line":12},"1":{"name":"generalizedCollatz","decl":{"start":{"line":24,"column":7},"end":{"line":35,"column":1}},"loc":{"start":{"line":24,"column":7},"end":{"line":35,"column":1}},"line":24},"2":{"name":"simplifyByPrimesLessThanP","decl":{"start":{"line":43,"column":7},"end":{"line":59,"column":1}},"loc":{"start":{"line":43,"column":7},"end":{"line":59,"column":1}},"line":43},"3":{"name":"stepP","decl":{"start":{"line":69,"column":7},"end":{"line":80,"column":1}},"loc":{"start":{"line":69,"column":7},"end":{"line":80,"column":1}},"line":69},"4":{"name":"iterateP","decl":{"start":{"line":89,"column":7},"end":{"line":123,"column":1}},"loc":{"start":{"line":89,"column":7},"end":{"line":123,"column":1}},"line":89},"5":{"name":"iteratePArray","decl":{"start":{"line":132,"column":7},"end":{"line":134,"column":1}},"loc":{"start":{"line":132,"column":7},"end":{"line":134,"column":1}},"line":132}},"f":{"0":27,"1":1,"2":14,"3":14,"4":5,"5":1}}
,"/workspaces/Collatz-box-universes/js/incrementalEncoding.js": {"path":"/workspaces/Collatz-box-universes/js/incrementalEncoding.js","all":false,"statementMap":{"0":{"start":{"line":1,"column":0},"end":{"line":1,"column":25}},"2":{"start":{"line":3,"column":0},"end":{"line":3,"column":3}},"3":{"start":{"line":4,"column":0},"end":{"line":4,"column":82}},"4":{"start":{"line":5,"column":0},"end":{"line":5,"column":50}},"5":{"start":{"line":6,"column":0},"end":{"line":6,"column":3}},"6":{"start":{"line":7,"column":0},"end":{"line":7,"column":30}},"7":{"start":{"line":8,"column":0},"end":{"line":8,"column":21}},"8":{"start":{"line":9,"column":0},"end":{"line":9,"column":21}},"9":{"start":{"line":10,"column":0},"end":{"line":10,"column":42}},"10":{"start":{"line":11,"column":0},"end":{"line":11,"column":42}},"12":{"start":{"line":13,"column":0},"end":{"line":13,"column":44}},"13":{"start":{"line":14,"column":0},"end":{"line":14,"column":45}},"15":{"start":{"line":16,"column":0},"end":{"line":16,"column":40}},"16":{"start":{"line":17,"column":0},"end":{"line":17,"column":40}},"17":{"start":{"line":18,"column":0},"end":{"line":18,"column":38}},"18":{"start":{"line":19,"column":0},"end":{"line":19,"column":3}},"20":{"start":{"line":21,"column":0},"end":{"line":21,"column":18}},"21":{"start":{"line":22,"column":0},"end":{"line":22,"column":34}},"22":{"start":{"line":23,"column":0},"end":{"line":23,"column":3}},"24":{"start":{"line":25,"column":0},"end":{"line":25,"column":18}},"25":{"start":{"line":26,"column":0},"end":{"line":26,"column":34}},"26":{"start":{"line":27,"column":0},"end":{"line":27,"column":3}},"28":{"start":{"line":29,"column":0},"end":{"line":29,"column":21}},"29":{"start":{"line":30,"column":0},"end":{"line":30,"column":35}},"30":{"start":{"line":31,"column":0},"end":{"line":31,"column":34}},"31":{"start":{"line":32,"column":0},"end":{"line":32,"column":5}},"32":{"start":{"line":33,"column":0},"end":{"line":33,"column":3}},"34":{"start":{"line":35,"column":0},"end":{"line":35,"column":30}},"35":{"start":{"line":36,"column":0},"end":{"line":36,"column":33}},"36":{"start":{"line":37,"column":0},"end":{"line":37,"column":46}},"37":{"start":{"line":38,"column":0},"end":{"line":38,"column":5}},"38":{"start":{"line":39,"column":0},"end":{"line":39,"column":35}},"39":{"start":{"line":40,"column":0},"end":{"line":40,"column":43}},"40":{"start":{"line":41,"column":0},"end":{"line":41,"column":5}},"42":{"start":{"line":43,"column":0},"end":{"line":43,"column":35}},"43":{"start":{"line":44,"column":0},"end":{"line":44,"column":29}},"44":{"start":{"line":45,"column":0},"end":{"line":45,"column":28}},"45":{"start":{"line":46,"column":0},"end":{"line":46,"column":47}},"46":{"start":{"line":47,"column":0},"end":{"line":47,"column":25}},"48":{"start":{"line":49,"column":0},"end":{"line":49,"column":68}},"49":{"start":{"line":50,"column":0},"end":{"line":50,"column":88}},"50":{"start":{"line":51,"column":0},"end":{"line":51,"column":105}},"52":{"start":{"line":53,"column":0},"end":{"line":53,"column":69}},"53":{"start":{"line":54,"column":0},"end":{"line":54,"column":99}},"55":{"start":{"line":56,"column":0},"end":{"line":56,"column":29}},"56":{"start":{"line":57,"column":0},"end":{"line":57,"column":44}},"57":{"start":{"line":58,"column":0},"end":{"line":58,"column":44}},"59":{"start":{"line":60,"column":0},"end":{"line":60,"column":44}},"60":{"start":{"line":61,"column":0},"end":{"line":61,"column":58}},"61":{"start":{"line":62,"column":0},"end":{"line":62,"column":38}},"62":{"start":{"line":63,"column":0},"end":{"line":63,"column":5}},"63":{"start":{"line":64,"column":0},"end":{"line":64,"column":58}},"64":{"start":{"line":65,"column":0},"end":{"line":65,"column":38}},"65":{"start":{"line":66,"column":0},"end":{"line":66,"column":5}},"67":{"start":{"line":68,"column":0},"end":{"line":68,"column":46}},"68":{"start":{"line":69,"column":0},"end":{"line":69,"column":55}},"70":{"start":{"line":71,"column":0},"end":{"line":71,"column":88}},"71":{"start":{"line":72,"column":0},"end":{"line":72,"column":33}},"72":{"start":{"line":73,"column":0},"end":{"line":73,"column":38}},"73":{"start":{"line":74,"column":0},"end":{"line":74,"column":106}},"74":{"start":{"line":75,"column":0},"end":{"line":75,"column":65}},"75":{"start":{"line":76,"column":0},"end":{"line":76,"column":57}},"76":{"start":{"line":77,"column":0},"end":{"line":77,"column":5}},"77":{"start":{"line":78,"column":0},"end":{"line":78,"column":3}},"79":{"start":{"line":80,"column":0},"end":{"line":80,"column":17}},"80":{"start":{"line":81,"column":0},"end":{"line":81,"column":35}},"81":{"start":{"line":82,"column":0},"end":{"line":82,"column":35}},"82":{"start":{"line":83,"column":0},"end":{"line":83,"column":35}},"83":{"start":{"line":84,"column":0},"end":{"line":84,"column":35}},"84":{"start":{"line":85,"column":0},"end":{"line":85,"column":35}},"85":{"start":{"line":86,"column":0},"end":{"line":86,"column":59}},"86":{"start":{"line":87,"column":0},"end":{"line":87,"column":3}},"88":{"start":{"line":89,"column":0},"end":{"line":89,"column":23}},"89":{"start":{"line":90,"column":0},"end":{"line":90,"column":35}},"90":{"start":{"line":91,"column":0},"end":{"line":91,"column":34}},"91":{"start":{"line":92,"column":0},"end":{"line":92,"column":37}},"92":{"start":{"line":93,"column":0},"end":{"line":93,"column":3}},"94":{"start":{"line":95,"column":0},"end":{"line":95,"column":27}},"95":{"start":{"line":96,"column":0},"end":{"line":96,"column":9}},"96":{"start":{"line":97,"column":0},"end":{"line":97,"column":17}},"97":{"start":{"line":98,"column":0},"end":{"line":98,"column":14}},"98":{"start":{"line":99,"column":0},"end":{"line":99,"column":6}},"99":{"start":{"line":100,"column":0},"end":{"line":100,"column":43}},"100":{"start":{"line":101,"column":0},"end":{"line":101,"column":20}},"101":{"start":{"line":102,"column":0},"end":{"line":102,"column":17}},"102":{"start":{"line":103,"column":0},"end":{"line":103,"column":14}},"103":{"start":{"line":104,"column":0},"end":{"line":104,"column":7}},"104":{"start":{"line":105,"column":0},"end":{"line":105,"column":36}},"105":{"start":{"line":106,"column":0},"end":{"line":106,"column":30}},"106":{"start":{"line":107,"column":0},"end":{"line":107,"column":13}},"107":{"start":{"line":108,"column":0},"end":{"line":108,"column":13}},"108":{"start":{"line":109,"column":0},"end":{"line":109,"column":13}},"109":{"start":{"line":110,"column":0},"end":{"line":110,"column":24}},"110":{"start":{"line":111,"column":0},"end":{"line":111,"column":40}},"111":{"start":{"line":112,"column":0},"end":{"line":112,"column":43}},"112":{"start":{"line":113,"column":0},"end":{"line":113,"column":30}},"113":{"start":{"line":114,"column":0},"end":{"line":114,"column":36}},"114":{"start":{"line":115,"column":0},"end":{"line":115,"column":25}},"115":{"start":{"line":116,"column":0},"end":{"line":116,"column":22}},"116":{"start":{"line":117,"column":0},"end":{"line":117,"column":20}},"117":{"start":{"line":118,"column":0},"end":{"line":118,"column":28}},"118":{"start":{"line":119,"column":0},"end":{"line":119,"column":13}},"119":{"start":{"line":120,"column":0},"end":{"line":120,"column":9}},"120":{"start":{"line":121,"column":0},"end":{"line":121,"column":7}},"121":{"start":{"line":122,"column":0},"end":{"line":122,"column":5}},"122":{"start":{"line":123,"column":0},"end":{"line":123,"column":16}},"123":{"start":{"line":124,"column":0},"end":{"line":124,"column":3}},"124":{"start":{"line":125,"column":0},"end":{"line":125,"column":1}}},"s":{"0":1,"2":1,"3":1,"4":1,"5":1,"6":1,"7":1,"8":4,"9":4,"10":4,"12":4,"13":4,"15":4,"16":4,"17":4,"18":4,"20":1,"21":32,"22":32,"24":1,"25":47,"26":47,"28":1,"29":478,"30":239,"31":239,"32":478,"34":1,"35":239,"36":0,"37":0,"38":239,"39":0,"40":0,"42":239,"43":239,"44":239,"45":239,"46":239,"48":239,"49":239,"50":239,"52":239,"53":239,"55":239,"56":239,"57":239,"59":239,"60":239,"61":3278,"62":3278,"63":239,"64":3278,"65":3278,"67":239,"68":239,"70":239,"71":239,"72":239,"73":2558,"74":2558,"75":2558,"76":2558,"77":239,"79":1,"80":16,"81":16,"82":16,"83":16,"84":16,"85":16,"86":16,"88":1,"89":15,"90":15,"91":15,"92":15,"94":1,"95":3,"96":3,"97":3,"98":3,"99":3,"100":3,"101":3,"102":3,"103":3,"104":3,"105":3,"106":237,"107":237,"108":237,"109":237,"110":237,"111":237,"112":237,"113":234,"114":234,"115":234,"116":234,"117":234,"118":234,"119":234,"120":237,"121":183,"122":3,"123":3,"124":1},"branchMap":{"0":{"type":"branch","line":8,"loc":{"start":{"line":8,"column":2},"end":{"line":19,"column":3}},"locations":[{"start":{"line":8,"column":2},"end":{"line":19,"column":3}}]},"1":{"type":"branch","line":21,"loc":{"start":{"line":21,"column":2},"end":{"line":23,"column":3}},"locations":[{"start":{"line":21,"column":2},"end":{"line":23,"column":3}}]},"2":{"type":"branch","line":25,"loc":{"start":{"line":25,"column":2},"end":{"line":27,"column":3}},"locations":[{"start":{"line":25,"column":2},"end":{"line":27,"column":3}}]},"3":{"type":"branch","line":29,"loc":{"start":{"line":29,"column":2},"end":{"line":33,"column":3}},"locations":[{"start":{"line":29,"column":2},"end":{"line":33,"column":3}}]},"4":{"type":"branch","line":30,"loc":{"start":{"line":30,"column":34},"end":{"line":32,"column":5}},"locations":[{"start":{"line":30,"column":34},"end":{"line":32,"column":5}}]},"5":{"type":"branch","line":35,"loc":{"start":{"line":35,"column":2},"end":{"line":78,"column":3}},"locations":[{"start":{"line":35,"column":2},"end":{"line":78,"column":3}}]},"6":{"type":"branch","line":36,"loc":{"start":{"line":36,"column":32},"end":{"line":38,"column":5}},"locations":[{"start":{"line":36,"column":32},"end":{"line":38,"column":5}}]},"7":{"type":"branch","line":39,"loc":{"start":{"line":39,"column":34},"end":{"line":41,"column":5}},"locations":[{"start":{"line":39,"column":34},"end":{"line":41,"column":5}}]},"8":{"type":"branch","line":50,"loc":{"start":{"line":50,"column":44},"end":{"line":50,"column":75}},"locations":[{"start":{"line":50,"column":44},"end":{"line":50,"column":75}}]},"9":{"type":"branch","line":50,"loc":{"start":{"line":50,"column":76},"end":{"line":50,"column":87}},"locations":[{"start":{"line":50,"column":76},"end":{"line":50,"column":87}}]},"10":{"type":"branch","line":51,"loc":{"start":{"line":51,"column":38},"end":{"line":51,"column":73}},"locations":[{"start":{"line":51,"column":38},"end":{"line":51,"column":73}}]},"11":{"type":"branch","line":51,"loc":{"start":{"line":51,"column":74},"end":{"line":51,"column":104}},"locations":[{"start":{"line":51,"column":74},"end":{"line":51,"column":104}}]},"12":{"type":"branch","line":54,"loc":{"start":{"line":54,"column":38},"end":{"line":54,"column":67}},"locations":[{"start":{"line":54,"column":38},"end":{"line":54,"column":67}}]},"13":{"type":"branch","line":54,"loc":{"start":{"line":54,"column":68},"end":{"line":54,"column":98}},"locations":[{"start":{"line":54,"column":68},"end":{"line":54,"column":98}}]},"14":{"type":"branch","line":61,"loc":{"start":{"line":61,"column":57},"end":{"line":63,"column":5}},"locations":[{"start":{"line":61,"column":57},"end":{"line":63,"column":5}}]},"15":{"type":"branch","line":64,"loc":{"start":{"line":64,"column":57},"end":{"line":66,"column":5}},"locations":[{"start":{"line":64,"column":57},"end":{"line":66,"column":5}}]},"16":{"type":"branch","line":73,"loc":{"start":{"line":73,"column":37},"end":{"line":77,"column":5}},"locations":[{"start":{"line":73,"column":37},"end":{"line":77,"column":5}}]},"17":{"type":"branch","line":80,"loc":{"start":{"line":80,"column":2},"end":{"line":87,"column":3}},"locations":[{"start":{"line":80,"column":2},"end":{"line":87,"column":3}}]},"18":{"type":"branch","line":86,"loc":{"start":{"line":86,"column":25},"end":{"line":86,"column":42}},"locations":[{"start":{"line":86,"column":25},"end":{"line":86,"column":42}}]},"19":{"type":"branch","line":86,"loc":{"start":{"line":86,"column":43},"end":{"line":86,"column":58}},"locations":[{"start":{"line":86,"column":43},"end":{"line":86,"column":58}}]},"20":{"type":"branch","line":89,"loc":{"start":{"line":89,"column":2},"end":{"line":93,"column":3}},"locations":[{"start":{"line":89,"column":2},"end":{"line":93,"column":3}}]},"21":{"type":"branch","line":95,"loc":{"start":{"line":95,"column":9},"end":{"line":124,"column":3}},"locations":[{"start":{"line":95,"column":9},"end":{"line":124,"column":3}}]},"22":{"type":"branch","line":106,"loc":{"start":{"line":106,"column":29},"end":{"line":122,"column":5}},"locations":[{"start":{"line":106,"column":29},"end":{"line":122,"column":5}}]},"23":{"type":"branch","line":111,"loc":{"start":{"line":111,"column":31},"end":{"line":111,"column":40}},"locations":[{"start":{"line":111,"column":31},"end":{"line":111,"column":40}}]},"24":{"type":"branch","line":111,"loc":{"start":{"line":111,"column":39},"end":{"line":112,"column":42}},"locations":[{"start":{"line":111,"column":39},"end":{"line":112,"column":42}}]},"25":{"type":"branch","line":113,"loc":{"start":{"line":113,"column":29},"end":{"line":120,"column":9}},"locations":[{"start":{"line":113,"column":29},"end":{"line":120,"column":9}}]},"26":{"type":"branch","line":121,"loc":{"start":{"line":121,"column":6},"end":{"line":122,"column":5}},"locations":[{"start":{"line":121,"column":6},"end":{"line":122,"column":5}}]}},"b":{"0":[4],"1":[32],"2":[47],"3":[478],"4":[239],"5":[239],"6":[0],"7":[0],"8":[52],"9":[187],"10":[52],"11":[187],"12":[52],"13":[187],"14":[3278],"15":[3278],"16":[2558],"17":[16],"18":[7],"19":[7],"20":[15],"21":[3],"22":[237],"23":[54],"24":[183],"25":[234],"26":[183]},"fnMap":{"0":{"name":"IncrementalTree","decl":{"start":{"line":8,"column":2},"end":{"line":19,"column":3}},"loc":{"start":{"line":8,"column":2},"end":{"line":19,"column":3}},"line":8},"1":{"name":"_q1Index","decl":{"start":{"line":21,"column":2},"end":{"line":23,"column":3}},"loc":{"start":{"line":21,"column":2},"end":{"line":23,"column":3}},"line":21},"2":{"name":"_q2Index","decl":{"start":{"line":25,"column":2},"end":{"line":27,"column":3}},"loc":{"start":{"line":25,"column":2},"end":{"line":27,"column":3}},"line":25},"3":{"name":"_ensureNode","decl":{"start":{"line":29,"column":2},"end":{"line":33,"column":3}},"loc":{"start":{"line":29,"column":2},"end":{"line":33,"column":3}},"line":29},"4":{"name":"insertChild","decl":{"start":{"line":35,"column":2},"end":{"line":78,"column":3}},"loc":{"start":{"line":35,"column":2},"end":{"line":78,"column":3}},"line":35},"5":{"name":"reaches","decl":{"start":{"line":80,"column":2},"end":{"line":87,"column":3}},"loc":{"start":{"line":80,"column":2},"end":{"line":87,"column":3}},"line":80},"6":{"name":"subtreeMembersQ2","decl":{"start":{"line":89,"column":2},"end":{"line":93,"column":3}},"loc":{"start":{"line":89,"column":2},"end":{"line":93,"column":3}},"line":89},"7":{"name":"buildFromReverse","decl":{"start":{"line":95,"column":9},"end":{"line":124,"column":3}},"loc":{"start":{"line":95,"column":9},"end":{"line":124,"column":3}},"line":95}},"f":{"0":4,"1":32,"2":47,"3":478,"4":239,"5":16,"6":15,"7":3}}
[...]
0,"458":10,"459":10,"460":2},"branchMap":{"0":{"type":"branch","line":17,"loc":{"start":{"line":17,"column":77},"end":{"line":17,"column":81}},"locations":[{"start":{"line":17,"column":77},"end":{"line":17,"column":81}}]},"1":{"type":"branch","line":17,"loc":{"start":{"line":17,"column":82},"end":{"line":17,"column":85}},"locations":[{"start":{"line":17,"column":82},"end":{"line":17,"column":85}}]},"2":{"type":"branch","line":31,"loc":{"start":{"line":31,"column":7},"end":{"line":35,"column":1}},"locations":[{"start":{"line":31,"column":7},"end":{"line":35,"column":1}}]},"3":{"type":"branch","line":32,"loc":{"start":{"line":32,"column":31},"end":{"line":32,"column":40}},"locations":[{"start":{"line":32,"column":31},"end":{"line":32,"column":40}}]},"4":{"type":"branch","line":32,"loc":{"start":{"line":32,"column":39},"end":{"line":35,"column":1}},"locations":[{"start":{"line":32,"column":39},"end":{"line":35,"column":1}}]},"5":{"type":"branch","line":33,"loc":{"start":{"line":33,"column":32},"end":{"line":33,"column":55}},"locations":[{"start":{"line":33,"column":32},"end":{"line":33,"column":55}}]},"6":{"type":"branch","line":38,"loc":{"start":{"line":38,"column":7},"end":{"line":42,"column":1}},"locations":[{"start":{"line":38,"column":7},"end":{"line":42,"column":1}}]},"7":{"type":"branch","line":39,"loc":{"start":{"line":39,"column":29},"end":{"line":39,"column":38}},"locations":[{"start":{"line":39,"column":29},"end":{"line":39,"column":38}}]},"8":{"type":"branch","line":39,"loc":{"start":{"line":39,"column":37},"end":{"line":42,"column":1}},"locations":[{"start":{"line":39,"column":37},"end":{"line":42,"column":1}}]},"9":{"type":"branch","line":40,"loc":{"start":{"line":40,"column":37},"end":{"line":40,"column":80}},"locations":[{"start":{"line":40,"column":37},"end":{"line":40,"column":80}}]},"10":{"type":"branch","line":45,"loc":{"start":{"line":45,"column":7},"end":{"line":47,"column":1}},"locations":[{"start":{"line":45,"column":7},"end":{"line":47,"column":1}}]},"11":{"type":"branch","line":46,"loc":{"start":{"line":46,"column":27},"end":{"line":46,"column":50}},"locations":[{"start":{"line":46,"column":27},"end":{"line":46,"column":50}}]},"12":{"type":"branch","line":59,"loc":{"start":{"line":59,"column":7},"end":{"line":169,"column":1}},"locations":[{"start":{"line":59,"column":7},"end":{"line":169,"column":1}}]},"13":{"type":"branch","line":72,"loc":{"start":{"line":72,"column":23},"end":{"line":74,"column":5}},"locations":[{"start":{"line":72,"column":23},"end":{"line":74,"column":5}}]},"14":{"type":"branch","line":74,"loc":{"start":{"line":74,"column":4},"end":{"line":75,"column":22}},"locations":[{"start":{"line":74,"column":4},"end":{"line":75,"column":22}}]},"15":{"type":"branch","line":75,"loc":{"start":{"line":75,"column":22},"end":{"line":77,"column":5}},"locations":[{"start":{"line":75,"column":22},"end":{"line":77,"column":5}}]},"16":{"type":"branch","line":77,"loc":{"start":{"line":77,"column":4},"end":{"line":79,"column":25}},"locations":[{"start":{"line":77,"column":4},"end":{"line":79,"column":25}}]},"17":{"type":"branch","line":79,"loc":{"start":{"line":79,"column":25},"end":{"line":79,"column":49}},"locations":[{"start":{"line":79,"column":25},"end":{"line":79,"column":49}}]},"18":{"type":"branch","line":79,"loc":{"start":{"line":79,"column":51},"end":{"line":132,"column":5}},"locations":[{"start":{"line":79,"column":51},"end":{"line":132,"column":5}}]},"19":{"type":"branch","line":80,"loc":{"start":{"line":80,"column":37},"end":{"line":82,"column":9}},"locations":[{"start":{"line":80,"column":37},"end":{"line":82,"column":9}}]},"20":{"type":"branch","line":82,"loc":{"start":{"line":82,"column":9},"end":{"line":85,"column":9}},"locations":[{"start":{"line":82,"column":9},"end":{"line":85,"column":9}}]},"21":{"type":"branch","line":89,"loc":{"start":{"line":89,"column":39},"end":{"line":89,"column":58}},"locations":[{"start":{"line":89,"column":39},"end":{"line":89,"column":58}}]},"22":{"type":"branch","line":89,"loc":{"start":{"line":89,"column":60},"end":{"line":91,"column":9}},"locations":[{"start":{"line":89,"column":60},"end":{"line":91,"column":9}}]},"23":{"type":"branch","line":94,"loc":{"start":{"line":94,"column":131},"end":{"line":106,"column":9}},"locations":[{"start":{"line":94,"column":131},"end":{"line":106,"column":9}}]},"24":{"type":"branch","line":109,"loc":{"start":{"line":109,"column":40},"end":{"line":126,"column":9}},"locations":[{"start":{"line":109,"column":40},"end":{"line":126,"column":9}}]},"25":{"type":"branch","line":130,"loc":{"start":{"line":130,"column":30},"end":{"line":130,"column":47}},"locations":[{"start":{"line":130,"column":30},"end":{"line":130,"column":47}}]},"26":{"type":"branch","line":131,"loc":{"start":{"line":131,"column":30},"end":{"line":131,"column":47}},"locations":[{"start":{"line":131,"column":30},"end":{"line":131,"column":47}}]},"27":{"type":"branch","line":132,"loc":{"start":{"line":132,"column":4},"end":{"line":134,"column":23}},"locations":[{"start":{"line":132,"column":4},"end":{"line":134,"column":23}}]},"28":{"type":"branch","line":134,"loc":{"start":{"line":134,"column":23},"end":{"line":154,"column":5}},"locations":[{"start":{"line":134,"column":23},"end":{"line":154,"column":5}}]},"29":{"type":"branch","line":136,"loc":{"start":{"line":136,"column":59},"end":{"line":138,"column":9}},"locations":[{"start":{"line":136,"column":59},"end":{"line":138,"column":9}}]},"30":{"type":"branch","line":154,"loc":{"start":{"line":154,"column":5},"end":{"line":168,"column":5}},"locations":[{"start":{"line":154,"column":5},"end":{"line":168,"column":5}}]},"31":{"type":"branch","line":172,"loc":{"start":{"line":172,"column":7},"end":{"line":180,"column":1}},"locations":[{"start":{"line":172,"column":7},"end":{"line":180,"column":1}}]},"32":{"type":"branch","line":173,"loc":{"start":{"line":173,"column":18},"end":{"line":173,"column":42}},"locations":[{"start":{"line":173,"column":18},"end":{"line":173,"column":42}}]},"33":{"type":"branch","line":173,"loc":{"start":{"line":173,"column":44},"end":{"line":176,"column":36}},"locations":[{"start":{"line":173,"column":44},"end":{"line":176,"column":36}}]},"34":{"type":"branch","line":176,"loc":{"start":{"line":176,"column":36},"end":{"line":178,"column":5}},"locations":[{"start":{"line":176,"column":36},"end":{"line":178,"column":5}}]},"35":{"type":"branch","line":178,"loc":{"start":{"line":178,"column":4},"end":{"line":180,"column":1}},"locations":[{"start":{"line":178,"column":4},"end":{"line":180,"column":1}}]},"36":{"type":"branch","line":182,"loc":{"start":{"line":182,"column":7},"end":{"line":187,"column":1}},"locations":[{"start":{"line":182,"column":7},"end":{"line":187,"column":1}}]},"37":{"type":"branch","line":189,"loc":{"start":{"line":189,"column":7},"end":{"line":197,"column":1}},"locations":[{"start":{"line":189,"column":7},"end":{"line":197,"column":1}}]},"38":{"type":"branch","line":199,"loc":{"start":{"line":199,"column":7},"end":{"line":207,"column":1}},"locations":[{"start":{"line":199,"column":7},"end":{"line":207,"column":1}}]},"39":{"type":"branch","line":203,"loc":{"start":{"line":203,"column":42},"end":{"line":205,"column":5}},"locations":[{"start":{"line":203,"column":42},"end":{"line":205,"column":5}}]},"40":{"type":"branch","line":214,"loc":{"start":{"line":214,"column":7},"end":{"line":233,"column":1}},"locations":[{"start":{"line":214,"column":7},"end":{"line":233,"column":1}}]},"41":{"type":"branch","line":216,"loc":{"start":{"line":216,"column":22},"end":{"line":220,"column":22}},"locations":[{"start":{"line":216,"column":22},"end":{"line":220,"column":22}}]},"42":{"type":"branch","line":220,"loc":{"start":{"line":220,"column":22},"end":{"line":222,"column":5}},"locations":[{"start":{"line":220,"column":22},"end":{"line":222,"column":5}}]},"43":{"type":"branch","line":222,"loc":{"start":{"line":222,"column":4},"end":{"line":225,"column":55}},"locations":[{"start":{"line":222,"column":4},"end":{"line":225,"column":55}}]},"44":{"type":"branch","line":225,"loc":{"start":{"line":225,"column":54},"end":{"line":227,"column":35}},"locations":[{"start":{"line":225,"column":54},"end":{"line":227,"column":35}}]},"45":{"type":"branch","line":227,"loc":{"start":{"line":227,"column":34},"end":{"line":233,"column":1}},"locations":[{"start":{"line":227,"column":34},"end":{"line":233,"column":1}}]},"46":{"type":"branch","line":230,"loc":{"start":{"line":230,"column":30},"end":{"line":232,"column":5}},"locations":[{"start":{"line":230,"column":30},"end":{"line":232,"column":5}}]},"47":{"type":"branch","line":237,"loc":{"start":{"line":237,"column":7},"end":{"line":255,"column":1}},"locations":[{"start":{"line":237,"column":7},"end":{"line":255,"column":1}}]},"48":{"type":"branch","line":239,"loc":{"start":{"line":239,"column":27},"end":{"line":247,"column":56}},"locations":[{"start":{"line":239,"column":27},"end":{"line":247,"column":56}}]},"49":{"type":"branch","line":247,"loc":{"start":{"line":247,"column":56},"end":{"line":247,"column":64}},"locations":[{"start":{"line":247,"column":56},"end":{"line":247,"column":64}}]},"50":{"type":"branch","line":247,"loc":{"start":{"line":247,"column":105},"end":{"line":247,"column":113}},"locations":[{"start":{"line":247,"column":105},"end":{"line":247,"column":113}}]},"51":{"type":"branch","line":252,"loc":{"start":{"line":252,"column":40},"end":{"line":254,"column":5}},"locations":[{"start":{"line":252,"column":40},"end":{"line":254,"column":5}}]},"52":{"type":"branch","line":257,"loc":{"start":{"line":257,"column":7},"end":{"line":279,"column":1}},"locations":[{"start":{"line":257,"column":7},"end":{"line":279,"column":1}}]},"53":{"type":"branch","line":270,"loc":{"start":{"line":270,"column":21},"end":{"line":273,"column":5}},"locations":[{"start":{"line":270,"column":21},"end":{"line":273,"column":5}}]},"54":{"type":"branch","line":273,"loc":{"start":{"line":273,"column":4},"end":{"line":275,"column":21}},"locations":[{"start":{"line":273,"column":4},"end":{"line":275,"column":21}}]},"55":{"type":"branch","line":275,"loc":{"start":{"line":275,"column":21},"end":{"line":277,"column":5}},"locations":[{"start":{"line":275,"column":21},"end":{"line":277,"column":5}}]},"56":{"type":"branch","line":277,"loc":{"start":{"line":277,"column":4},"end":{"line":279,"column":1}},"locations":[{"start":{"line":277,"column":4},"end":{"line":279,"column":1}}]},"57":{"type":"branch","line":281,"loc":{"start":{"line":281,"column":7},"end":{"line":290,"column":1}},"locations":[{"start":{"line":281,"column":7},"end":{"line":290,"column":1}}]},"58":{"type":"branch","line":283,"loc":{"start":{"line":283,"column":18},"end":{"line":289,"column":5}},"locations":[{"start":{"line":283,"column":18},"end":{"line":289,"column":5}}]},"59":{"type":"branch","line":284,"loc":{"start":{"line":284,"column":21},"end":{"line":284,"column":31}},"locations":[{"start":{"line":284,"column":21},"end":{"line":284,"column":31}}]},"60":{"type":"branch","line":284,"loc":{"start":{"line":284,"column":32},"end":{"line":284,"column":42}},"locations":[{"start":{"line":284,"column":32},"end":{"line":284,"column":42}}]},"61":{"type":"branch","line":284,"loc":{"start":{"line":284,"column":43},"end":{"line":284,"column":53}},"locations":[{"start":{"line":284,"column":43},"end":{"line":284,"column":53}}]},"62":{"type":"branch","line":284,"loc":{"start":{"line":284,"column":55},"end":{"line":288,"column":9}},"locations":[{"start":{"line":284,"column":55},"end":{"line":288,"column":9}}]},"63":{"type":"branch","line":295,"loc":{"start":{"line":295,"column":7},"end":{"line":345,"column":1}},"locations":[{"start":{"line":295,"column":7},"end":{"line":345,"column":1}}]},"64":{"type":"branch","line":296,"loc":{"start":{"line":296,"column":16},"end":{"line":296,"column":43}},"locations":[{"start":{"line":296,"column":16},"end":{"line":296,"column":43}}]},"65":{"type":"branch","line":296,"loc":{"start":{"line":296,"column":45},"end":{"line":314,"column":32}},"locations":[{"start":{"line":296,"column":45},"end":{"line":314,"column":32}}]},"66":{"type":"branch","line":323,"loc":{"start":{"line":323,"column":4},"end":{"line":345,"column":1}},"locations":[{"start":{"line":323,"column":4},"end":{"line":345,"column":1}}]},"67":{"type":"branch","line":324,"loc":{"start":{"line":324,"column":26},"end":{"line":344,"column":5}},"locations":[{"start":{"line":324,"column":26},"end":{"line":344,"column":5}}]},"68":{"type":"branch","line":331,"loc":{"start":{"line":331,"column":39},"end":{"line":331,"column":49}},"locations":[{"start":{"line":331,"column":39},"end":{"line":331,"column":49}}]},"69":{"type":"branch","line":331,"loc":{"start":{"line":331,"column":50},"end":{"line":331,"column":60}},"locations":[{"start":{"line":331,"column":50},"end":{"line":331,"column":60}}]},"70":{"type":"branch","line":341,"loc":{"start":{"line":341,"column":43},"end":{"line":341,"column":51}},"locations":[{"start":{"line":341,"column":43},"end":{"line":341,"column":51}}]},"71":{"type":"branch","line":347,"loc":{"start":{"line":347,"column":7},"end":{"line":388,"column":1}},"locations":[{"start":{"line":347,"column":7},"end":{"line":388,"column":1}}]},"72":{"type":"branch","line":348,"loc":{"start":{"line":348,"column":16},"end":{"line":348,"column":43}},"locations":[{"start":{"line":348,"column":16},"end":{"line":348,"column":43}}]},"73":{"type":"branch","line":348,"loc":{"start":{"line":348,"column":45},"end":{"line":362,"column":39}},"locations":[{"start":{"line":348,"column":45},"end":{"line":362,"column":39}}]},"74":{"type":"branch","line":362,"loc":{"start":{"line":362,"column":39},"end":{"line":387,"column":5}},"locations":[{"start":{"line":362,"column":39},"end":{"line":387,"column":5}}]},"75":{"type":"branch","line":363,"loc":{"start":{"line":363,"column":43},"end":{"line":386,"column":9}},"locations":[{"start":{"line":363,"column":43},"end":{"line":386,"column":9}}]},"76":{"type":"branch","line":368,"loc":{"start":{"line":368,"column":49},"end":{"line":373,"column":13}},"locations":[{"start":{"line":368,"column":49},"end":{"line":373,"column":13}}]},"77":{"type":"branch","line":370,"loc":{"start":{"line":370,"column":56},"end":{"line":370,"column":66}},"locations":[{"start":{"line":370,"column":56},"end":{"line":370,"column":66}}]},"78":{"type":"branch","line":370,"loc":{"start":{"line":370,"column":67},"end":{"line":370,"column":77}},"locations":[{"start":{"line":370,"column":67},"end":{"line":370,"column":77}}]},"79":{"type":"branch","line":379,"loc":{"start":{"line":379,"column":30},"end":{"line":385,"column":13}},"locations":[{"start":{"line":379,"column":30},"end":{"line":385,"column":13}}]},"80":{"type":"branch","line":380,"loc":{"start":{"line":380,"column":47},"end":{"line":380,"column":55}},"locations":[{"start":{"line":380,"column":47},"end":{"line":380,"column":55}}]},"81":{"type":"branch","line":387,"loc":{"start":{"line":387,"column":4},"end":{"line":388,"column":1}},"locations":[{"start":{"line":387,"column":4},"end":{"line":388,"column":1}}]},"82":{"type":"branch","line":396,"loc":{"start":{"line":396,"column":7},"end":{"line":461,"column":1}},"locations":[{"start":{"line":396,"column":7},"end":{"line":461,"column":1}}]},"83":{"type":"branch","line":405,"loc":{"start":{"line":405,"column":17},"end":{"line":413,"column":5}},"locations":[{"start":{"line":405,"column":17},"end":{"line":413,"column":5}}]},"84":{"type":"branch","line":424,"loc":{"start":{"line":424,"column":46},"end":{"line":460,"column":5}},"locations":[{"start":{"line":424,"column":46},"end":{"line":460,"column":5}}]},"85":{"type":"branch","line":432,"loc":{"start":{"line":432,"column":37},"end":{"line":439,"column":9}},"locations":[{"start":{"line":432,"column":37},"end":{"line":439,"column":9}}]},"86":{"type":"branch","line":444,"loc":{"start":{"line":444,"column":61},"end":{"line":444,"column":72}},"locations":[{"start":{"line":444,"column":61},"end":{"line":444,"column":72}}]},"87":{"type":"branch","line":444,"loc":{"start":{"line":444,"column":73},"end":{"line":444,"column":84}},"locations":[{"start":{"line":444,"column":73},"end":{"line":444,"column":84}}]},"88":{"type":"branch","line":451,"loc":{"start":{"line":451,"column":47},"end":{"line":451,"column":55}},"locations":[{"start":{"line":451,"column":47},"end":{"line":451,"column":55}}]}},"b":{"0":[0],"1":[0],"2":[6],"3":[1],"4":[5],"5":[37],"6":[6],"7":[2],"8":[4],"9":[34],"10":[5],"11":[29],"12":[4],"13":[1],"14":[3],"15":[0],"16":[3],"17":[24],"18":[23],"19":[15],"20":[8],"21":[14],"22":[2],"23":[0],"24":[0],"25":[7],"26":[6],"27":[3],"28":[2],"29":[0],"30":[1],"31":[4],"32":[3],"33":[2],"34":[1],"35":[2],"36":[25],"37":[24],"38":[1],"39":[2],"40":[2],"41":[1],"42":[0],"43":[1],"44":[0],"45":[1],"46":[1],"47":[2],"48":[1],"49":[0],"50":[0],"51":[0],"52":[3],"53":[1],"54":[2],"55":[1],"56":[2],"57":[3],"58":[2],"59":[1],"60":[1],"61":[1],"62":[1],"63":[2],"64":[1],"65":[1],"66":[1],"67":[9],"68":[4],"69":[5],"70":[0],"71":[2],"72":[1],"73":[1],"74":[3],"75":[9],"76":[3],"77":[2],"78":[1],"79":[3],"80":[0],"81":[1],"82":[2],"83":[1],"84":[10],"85":[8],"86":[5],"87":[5],"88":[0]},"fnMap":{"0":{"name":"calculateMean","decl":{"start":{"line":31,"column":7},"end":{"line":35,"column":1}},"loc":{"start":{"line":31,"column":7},"end":{"line":35,"column":1}},"line":31},"1":{"name":"calculateStandardDeviation","decl":{"start":{"line":38,"column":7},"end":{"line":42,"column":1}},"loc":{"start":{"line":38,"column":7},"end":{"line":42,"column":1}},"line":38},"2":{"name":"calculateSum","decl":{"start":{"line":45,"column":7},"end":{"line":47,"column":1}},"loc":{"start":{"line":45,"column":7},"end":{"line":47,"column":1}},"line":45},"3":{"name":"calculateCollatzSequence","decl":{"start":{"line":59,"column":7},"end":{"line":169,"column":1}},"loc":{"start":{"line":59,"column":7},"end":{"line":169,"column":1}},"line":59},"4":{"name":"formatSequenceOutput","decl":{"start":{"line":172,"column":7},"end":{"line":180,"column":1}},"loc":{"start":{"line":172,"column":7},"end":{"line":180,"column":1}},"line":172},"5":{"name":"hexToRgb","decl":{"start":{"line":182,"column":7},"end":{"line":187,"column":1}},"loc":{"start":{"line":182,"column":7},"end":{"line":187,"column":1}},"line":182},"6":{"name":"isLight","decl":{"start":{"line":189,"column":7},"end":{"line":197,"column":1}},"loc":{"start":{"line":189,"column":7},"end":{"line":197,"column":1}},"line":189},"7":{"name":"getUrlParams","decl":{"start":{"line":199,"column":7},"end":{"line":207,"column":1}},"loc":{"start":{"line":199,"column":7},"end":{"line":207,"column":1}},"line":199},"8":{"name":"showMessage","decl":{"start":{"line":214,"column":7},"end":{"line":233,"column":1}},"loc":{"start":{"line":214,"column":7},"end":{"line":233,"column":1}},"line":214},"9":{"name":"saveToHistory","decl":{"start":{"line":237,"column":7},"end":{"line":255,"column":1}},"loc":{"start":{"line":237,"column":7},"end":{"line":255,"column":1}},"line":237},"10":{"name":"generateLinkURL","decl":{"start":{"line":257,"column":7},"end":{"line":279,"column":1}},"loc":{"start":{"line":257,"column":7},"end":{"line":279,"column":1}},"line":257},"11":{"name":"updateGoldStarVisibility","decl":{"start":{"line":281,"column":7},"end":{"line":290,"column":1}},"loc":{"start":{"line":281,"column":7},"end":{"line":290,"column":1}},"line":281},"12":{"name":"drawNineNetCanvasSecondary","decl":{"start":{"line":295,"column":7},"end":{"line":345,"column":1}},"loc":{"start":{"line":295,"column":7},"end":{"line":345,"column":1}},"line":295},"13":{"name":"render9Net","decl":{"start":{"line":347,"column":7},"end":{"line":388,"column":1}},"loc":{"start":{"line":347,"column":7},"end":{"line":388,"column":1}},"line":347},"14":{"name":"drawNecklaceCanvas","decl":{"start":{"line":396,"column":7},"end":{"line":461,"column":1}},"loc":{"start":{"line":396,"column":7},"end":{"line":461,"column":1}},"line":396}},"f":{"0":6,"1":6,"2":5,"3":4,"4":4,"5":25,"6":24,"7":1,"8":2,"9":2,"10":3,"11":3,"12":2,"13":2,"14":2}}
}
