{"/workspaces/Collatz-box-universes/box-universes-collatz.js": {"path":"/workspaces/Collatz-box-universes/box-universes-collatz.js","all":true,"statementMap":{"0":{"start":{"line":1,"column":0},"end":{"line":1,"column":55}},"1":{"start":{"line":2,"column":0},"end":{"line":2,"column":18}},"2":{"start":{"line":3,"column":0},"end":{"line":3,"column":47}},"3":{"start":{"line":4,"column":0},"end":{"line":4,"column":5}},"4":{"start":{"line":5,"column":0},"end":{"line":5,"column":0}},"5":{"start":{"line":6,"column":0},"end":{"line":6,"column":22}},"6":{"start":{"line":7,"column":0},"end":{"line":7,"column":32}},"7":{"start":{"line":8,"column":0},"end":{"line":8,"column":23}},"8":{"start":{"line":9,"column":0},"end":{"line":9,"column":0}},"9":{"start":{"line":10,"column":0},"end":{"line":10,"column":27}},"10":{"start":{"line":11,"column":0},"end":{"line":11,"column":32}},"11":{"start":{"line":12,"column":0},"end":{"line":12,"column":22}},"12":{"start":{"line":13,"column":0},"end":{"line":13,"column":0}},"13":{"start":{"line":14,"column":0},"end":{"line":14,"column":51}},"14":{"start":{"line":15,"column":0},"end":{"line":15,"column":21}},"15":{"start":{"line":16,"column":0},"end":{"line":16,"column":29}},"16":{"start":{"line":17,"column":0},"end":{"line":17,"column":31}},"17":{"start":{"line":18,"column":0},"end":{"line":18,"column":16}},"18":{"start":{"line":19,"column":0},"end":{"line":19,"column":37}},"19":{"start":{"line":20,"column":0},"end":{"line":20,"column":9}},"20":{"start":{"line":21,"column":0},"end":{"line":21,"column":0}},"21":{"start":{"line":22,"column":0},"end":{"line":22,"column":33}},"22":{"start":{"line":23,"column":0},"end":{"line":23,"column":31}},"23":{"start":{"line":24,"column":0},"end":{"line":24,"column":52}},"24":{"start":{"line":25,"column":0},"end":{"line":25,"column":9}},"25":{"start":{"line":26,"column":0},"end":{"line":26,"column":0}},"26":{"start":{"line":27,"column":0},"end":{"line":27,"column":23}},"27":{"start":{"line":28,"column":0},"end":{"line":28,"column":22}},"28":{"start":{"line":29,"column":0},"end":{"line":29,"column":22}},"29":{"start":{"line":30,"column":0},"end":{"line":30,"column":21}},"30":{"start":{"line":31,"column":0},"end":{"line":31,"column":5}},"31":{"start":{"line":32,"column":0},"end":{"line":32,"column":0}},"32":{"start":{"line":33,"column":0},"end":{"line":33,"column":20}},"33":{"start":{"line":34,"column":0},"end":{"line":34,"column":57}},"34":{"start":{"line":35,"column":0},"end":{"line":35,"column":12}},"35":{"start":{"line":36,"column":0},"end":{"line":36,"column":65}},"36":{"start":{"line":37,"column":0},"end":{"line":37,"column":5}},"37":{"start":{"line":38,"column":0},"end":{"line":38,"column":2}},"38":{"start":{"line":39,"column":0},"end":{"line":39,"column":0}},"39":{"start":{"line":40,"column":0},"end":{"line":40,"column":108}},"40":{"start":{"line":41,"column":0},"end":{"line":41,"column":26}},"41":{"start":{"line":42,"column":0},"end":{"line":42,"column":27}},"42":{"start":{"line":43,"column":0},"end":{"line":43,"column":27}},"43":{"start":{"line":44,"column":0},"end":{"line":44,"column":27}},"44":{"start":{"line":45,"column":0},"end":{"line":45,"column":0}},"45":{"start":{"line":46,"column":0},"end":{"line":46,"column":42}},"46":{"start":{"line":47,"column":0},"end":{"line":47,"column":39}},"47":{"start":{"line":48,"column":0},"end":{"line":48,"column":46}},"48":{"start":{"line":49,"column":0},"end":{"line":49,"column":56}},"49":{"start":{"line":50,"column":0},"end":{"line":50,"column":50}},"50":{"start":{"line":51,"column":0},"end":{"line":51,"column":72}},"51":{"start":{"line":52,"column":0},"end":{"line":52,"column":71}},"52":{"start":{"line":53,"column":0},"end":{"line":53,"column":43}},"53":{"start":{"line":54,"column":0},"end":{"line":54,"column":34}},"54":{"start":{"line":55,"column":0},"end":{"line":55,"column":18}},"55":{"start":{"line":56,"column":0},"end":{"line":56,"column":13}},"56":{"start":{"line":57,"column":0},"end":{"line":57,"column":9}},"57":{"start":{"line":58,"column":0},"end":{"line":58,"column":5}},"58":{"start":{"line":59,"column":0},"end":{"line":59,"column":76}},"59":{"start":{"line":60,"column":0},"end":{"line":60,"column":2}},"60":{"start":{"line":61,"column":0},"end":{"line":61,"column":0}},"61":{"start":{"line":62,"column":0},"end":{"line":62,"column":2}},"62":{"start":{"line":63,"column":0},"end":{"line":63,"column":47}},"63":{"start":{"line":64,"column":0},"end":{"line":64,"column":65}},"64":{"start":{"line":65,"column":0},"end":{"line":65,"column":66}},"65":{"start":{"line":66,"column":0},"end":{"line":66,"column":94}},"66":{"start":{"line":67,"column":0},"end":{"line":67,"column":2}},"67":{"start":{"line":68,"column":0},"end":{"line":68,"column":2}},"68":{"start":{"line":69,"column":0},"end":{"line":69,"column":0}},"69":{"start":{"line":70,"column":0},"end":{"line":70,"column":75}},"70":{"start":{"line":71,"column":0},"end":{"line":71,"column":0}},"71":{"start":{"line":72,"column":0},"end":{"line":72,"column":3}},"72":{"start":{"line":73,"column":0},"end":{"line":73,"column":50}},"73":{"start":{"line":74,"column":0},"end":{"line":74,"column":74}},"74":{"start":{"line":75,"column":0},"end":{"line":75,"column":53}},"75":{"start":{"line":76,"column":0},"end":{"line":76,"column":3}},"76":{"start":{"line":77,"column":0},"end":{"line":77,"column":63}},"77":{"start":{"line":78,"column":0},"end":{"line":78,"column":22}},"78":{"start":{"line":79,"column":0},"end":{"line":79,"column":18}},"79":{"start":{"line":80,"column":0},"end":{"line":80,"column":0}},"80":{"start":{"line":81,"column":0},"end":{"line":81,"column":29}},"81":{"start":{"line":82,"column":0},"end":{"line":82,"column":40}},"82":{"start":{"line":83,"column":0},"end":{"line":83,"column":21}},"83":{"start":{"line":84,"column":0},"end":{"line":84,"column":44}},"84":{"start":{"line":85,"column":0},"end":{"line":85,"column":29}},"85":{"start":{"line":86,"column":0},"end":{"line":86,"column":9}},"86":{"start":{"line":87,"column":0},"end":{"line":87,"column":5}},"87":{"start":{"line":88,"column":0},"end":{"line":88,"column":0}},"88":{"start":{"line":89,"column":0},"end":{"line":89,"column":19}},"89":{"start":{"line":90,"column":0},"end":{"line":90,"column":40}},"90":{"start":{"line":91,"column":0},"end":{"line":91,"column":25}},"91":{"start":{"line":92,"column":0},"end":{"line":92,"column":36}},"92":{"start":{"line":93,"column":0},"end":{"line":93,"column":25}},"93":{"start":{"line":94,"column":0},"end":{"line":94,"column":36}},"94":{"start":{"line":95,"column":0},"end":{"line":95,"column":5}},"95":{"start":{"line":96,"column":0},"end":{"line":96,"column":0}},"96":{"start":{"line":97,"column":0},"end":{"line":97,"column":21}},"97":{"start":{"line":98,"column":0},"end":{"line":98,"column":37}},"98":{"start":{"line":99,"column":0},"end":{"line":99,"column":48}},"99":{"start":{"line":100,"column":0},"end":{"line":100,"column":23}},"100":{"start":{"line":101,"column":0},"end":{"line":101,"column":31}},"101":{"start":{"line":102,"column":0},"end":{"line":102,"column":62}},"102":{"start":{"line":103,"column":0},"end":{"line":103,"column":0}},"103":{"start":{"line":104,"column":0},"end":{"line":104,"column":47}},"104":{"start":{"line":105,"column":0},"end":{"line":105,"column":59}},"105":{"start":{"line":106,"column":0},"end":{"line":106,"column":5}},"106":{"start":{"line":107,"column":0},"end":{"line":107,"column":48}},"107":{"start":{"line":108,"column":0},"end":{"line":108,"column":61}},"108":{"start":{"line":109,"column":0},"end":{"line":109,"column":5}},"109":{"start":{"line":110,"column":0},"end":{"line":110,"column":0}},"110":{"start":{"line":111,"column":0},"end":{"line":111,"column":72}},"111":{"start":{"line":112,"column":0},"end":{"line":112,"column":29}},"112":{"start":{"line":113,"column":0},"end":{"line":113,"column":28}},"113":{"start":{"line":114,"column":0},"end":{"line":114,"column":29}},"114":{"start":{"line":115,"column":0},"end":{"line":115,"column":35}},"115":{"start":{"line":116,"column":0},"end":{"line":116,"column":31}},"116":{"start":{"line":117,"column":0},"end":{"line":117,"column":37}},"117":{"start":{"line":118,"column":0},"end":{"line":118,"column":30}},"118":{"start":{"line":119,"column":0},"end":{"line":119,"column":6}},"119":{"start":{"line":120,"column":0},"end":{"line":120,"column":0}},"120":{"start":{"line":121,"column":0},"end":{"line":121,"column":40}},"121":{"start":{"line":122,"column":0},"end":{"line":122,"column":28}},"122":{"start":{"line":123,"column":0},"end":{"line":123,"column":40}},"123":{"start":{"line":124,"column":0},"end":{"line":124,"column":42}},"124":{"start":{"line":125,"column":0},"end":{"line":125,"column":51}},"125":{"start":{"line":126,"column":0},"end":{"line":126,"column":55}},"126":{"start":{"line":127,"column":0},"end":{"line":127,"column":44}},"127":{"start":{"line":128,"column":0},"end":{"line":128,"column":13}},"128":{"start":{"line":129,"column":0},"end":{"line":129,"column":9}},"129":{"start":{"line":130,"column":0},"end":{"line":130,"column":5}},"130":{"start":{"line":131,"column":0},"end":{"line":131,"column":0}},"131":{"start":{"line":132,"column":0},"end":{"line":132,"column":54}},"132":{"start":{"line":133,"column":0},"end":{"line":133,"column":81}},"133":{"start":{"line":134,"column":0},"end":{"line":134,"column":6}},"134":{"start":{"line":135,"column":0},"end":{"line":135,"column":0}},"135":{"start":{"line":136,"column":0},"end":{"line":136,"column":95}},"136":{"start":{"line":137,"column":0},"end":{"line":137,"column":65}},"137":{"start":{"line":138,"column":0},"end":{"line":138,"column":21}},"138":{"start":{"line":139,"column":0},"end":{"line":139,"column":0}},"139":{"start":{"line":140,"column":0},"end":{"line":140,"column":40}},"140":{"start":{"line":141,"column":0},"end":{"line":141,"column":42}},"141":{"start":{"line":142,"column":0},"end":{"line":142,"column":51}},"142":{"start":{"line":143,"column":0},"end":{"line":143,"column":55}},"143":{"start":{"line":144,"column":0},"end":{"line":144,"column":44}},"144":{"start":{"line":145,"column":0},"end":{"line":145,"column":53}},"145":{"start":{"line":146,"column":0},"end":{"line":146,"column":64}},"146":{"start":{"line":147,"column":0},"end":{"line":147,"column":60}},"147":{"start":{"line":148,"column":0},"end":{"line":148,"column":41}},"148":{"start":{"line":149,"column":0},"end":{"line":149,"column":28}},"149":{"start":{"line":150,"column":0},"end":{"line":150,"column":41}},"150":{"start":{"line":151,"column":0},"end":{"line":151,"column":21}},"151":{"start":{"line":152,"column":0},"end":{"line":152,"column":31}},"152":{"start":{"line":153,"column":0},"end":{"line":153,"column":24}},"153":{"start":{"line":154,"column":0},"end":{"line":154,"column":37}},"154":{"start":{"line":155,"column":0},"end":{"line":155,"column":17}},"155":{"start":{"line":156,"column":0},"end":{"line":156,"column":13}},"156":{"start":{"line":157,"column":0},"end":{"line":157,"column":9}},"157":{"start":{"line":158,"column":0},"end":{"line":158,"column":5}},"158":{"start":{"line":159,"column":0},"end":{"line":159,"column":0}},"159":{"start":{"line":160,"column":0},"end":{"line":160,"column":76}},"160":{"start":{"line":161,"column":0},"end":{"line":161,"column":32}},"161":{"start":{"line":162,"column":0},"end":{"line":162,"column":122}},"162":{"start":{"line":163,"column":0},"end":{"line":163,"column":29}},"163":{"start":{"line":164,"column":0},"end":{"line":164,"column":9}},"164":{"start":{"line":165,"column":0},"end":{"line":165,"column":6}},"165":{"start":{"line":166,"column":0},"end":{"line":166,"column":0}},"166":{"start":{"line":167,"column":0},"end":{"line":167,"column":43}},"167":{"start":{"line":168,"column":0},"end":{"line":168,"column":115}},"168":{"start":{"line":169,"column":0},"end":{"line":169,"column":63}},"169":{"start":{"line":170,"column":0},"end":{"line":170,"column":67}},"170":{"start":{"line":171,"column":0},"end":{"line":171,"column":67}},"171":{"start":{"line":172,"column":0},"end":{"line":172,"column":63}},"172":{"start":{"line":173,"column":0},"end":{"line":173,"column":67}},"173":{"start":{"line":174,"column":0},"end":{"line":174,"column":67}},"174":{"start":{"line":175,"column":0},"end":{"line":175,"column":0}},"175":{"start":{"line":176,"column":0},"end":{"line":176,"column":44}},"176":{"start":{"line":177,"column":0},"end":{"line":177,"column":118}},"177":{"start":{"line":178,"column":0},"end":{"line":178,"column":118}},"178":{"start":{"line":179,"column":0},"end":{"line":179,"column":0}},"179":{"start":{"line":180,"column":0},"end":{"line":180,"column":51}},"180":{"start":{"line":181,"column":0},"end":{"line":181,"column":136}},"181":{"start":{"line":182,"column":0},"end":{"line":182,"column":136}},"182":{"start":{"line":183,"column":0},"end":{"line":183,"column":0}},"183":{"start":{"line":184,"column":0},"end":{"line":184,"column":46}},"184":{"start":{"line":185,"column":0},"end":{"line":185,"column":124}},"185":{"start":{"line":186,"column":0},"end":{"line":186,"column":124}},"186":{"start":{"line":187,"column":0},"end":{"line":187,"column":124}},"187":{"start":{"line":188,"column":0},"end":{"line":188,"column":0}},"188":{"start":{"line":189,"column":0},"end":{"line":189,"column":53}},"189":{"start":{"line":190,"column":0},"end":{"line":190,"column":139}},"190":{"start":{"line":191,"column":0},"end":{"line":191,"column":139}},"191":{"start":{"line":192,"column":0},"end":{"line":192,"column":139}},"192":{"start":{"line":193,"column":0},"end":{"line":193,"column":0}},"193":{"start":{"line":194,"column":0},"end":{"line":194,"column":46}},"194":{"start":{"line":195,"column":0},"end":{"line":195,"column":124}},"195":{"start":{"line":196,"column":0},"end":{"line":196,"column":69}},"196":{"start":{"line":197,"column":0},"end":{"line":197,"column":73}},"197":{"start":{"line":198,"column":0},"end":{"line":198,"column":73}},"198":{"start":{"line":199,"column":0},"end":{"line":199,"column":69}},"199":{"start":{"line":200,"column":0},"end":{"line":200,"column":73}},"200":{"start":{"line":201,"column":0},"end":{"line":201,"column":73}},"201":{"start":{"line":202,"column":0},"end":{"line":202,"column":0}},"202":{"start":{"line":203,"column":0},"end":{"line":203,"column":24}},"203":{"start":{"line":204,"column":0},"end":{"line":204,"column":23}},"204":{"start":{"line":205,"column":0},"end":{"line":205,"column":40}},"205":{"start":{"line":206,"column":0},"end":{"line":206,"column":44}},"206":{"start":{"line":207,"column":0},"end":{"line":207,"column":36}},"207":{"start":{"line":208,"column":0},"end":{"line":208,"column":9}},"208":{"start":{"line":209,"column":0},"end":{"line":209,"column":26}},"209":{"start":{"line":210,"column":0},"end":{"line":210,"column":5}},"210":{"start":{"line":211,"column":0},"end":{"line":211,"column":21}},"211":{"start":{"line":212,"column":0},"end":{"line":212,"column":1}},"212":{"start":{"line":213,"column":0},"end":{"line":213,"column":0}},"213":{"start":{"line":214,"column":0},"end":{"line":214,"column":20}},"214":{"start":{"line":215,"column":0},"end":{"line":215,"column":24}},"215":{"start":{"line":216,"column":0},"end":{"line":216,"column":77}},"216":{"start":{"line":217,"column":0},"end":{"line":217,"column":84}}},"s":{"0":0,"1":0,"2":0,"3":0,"4":0,"5":0,"6":0,"7":0,"8":0,"9":0,"10":0,"11":0,"12":0,"13":0,"14":0,"15":0,"16":0,"17":0,"18":0,"19":0,"20":0,"21":0,"22":0,"23":0,"24":0,"25":0,"26":0,"27":0,"28":0,"29":0,"30":0,"31":0,"32":0,"33":0,"34":0,"35":0,"36":0,"37":0,"38":0,"39":0,"40":0,"41":0,"42":0,"43":0,"44":0,"45":0,"46":0,"47":0,"48":0,"49":0,"50":0,"51":0,"52":0,"53":0,"54":0,"55":0,"56":0,"57":0,"58":0,"59":0,"60":0,"61":0,"62":0,"63":0,"64":0,"65":0,"66":0,"67":0,"68":0,"69":0,"70":0,"71":0,"72":0,"73":0,"74":0,"75":0,"76":0,"77":0,"78":0,"79":0,"80":0,"81":0,"82":0,"83":0,"84":0,"85":0,"86":0,"87":0,"88":0,"89":0,"90":0,"91":0,"92":0,"93":0,"94":0,"95":0,"96":0,"97":0,"98":0,"99":0,"100":0,"101":0,"102":0,"103":0,"104":0,"105":0,"106":0,"107":0,"108":0,"109":0,"110":0,"111":0,"112":0,"113":0,"114":0,"115":0,"116":0,"117":0,"118":0,"119":0,"120":0,"121":0,"122":0,"123":0,"124":0,"125":0,"126":0,"127":0,"128":0,"129":0,"130":0,"131":0,"132":0,"133":0,"134":0,"135":0,"136":0,"137":0,"138":0,"139":0,"140":0,"141":0,"142":0,"143":0,"144":0,"145":0,"146":0,"147":0,"148":0,"149":0,"150":0,"151":0,"152":0,"153":0,"154":0,"155":0,"156":0,"157":0,"158":0,"159":0,"160":0,"161":0,"162":0,"163":0,"164":0,"165":0,"166":0,"167":0,"168":0,"169":0,"170":0,"171":0,"172":0,"173":0,"174":0,"175":0,"176":0,"177":0,"178":0,"179":0,"180":0,"181":0,"182":0,"183":0,"184":0,"185":0,"186":0,"187":0,"188":0,"189":0,"190":0,"191":0,"192":0,"193":0,"194":0,"195":0,"196":0,"197":0,"198":0,"199":0,"200":0,"201":0,"202":0,"203":0,"204":0,"205":0,"206":0,"207":0,"208":0,"209":0,"210":0,"211":0,"212":0,"213":0,"214":0,"215":0,"216":0},"branchMap":{"0":{"type":"branch","line":1,"loc":{"start":{"line":1,"column":0},"end":{"line":217,"column":84}},"locations":[{"start":{"line":1,"column":0},"end":{"line":217,"column":84}}]}},"b":{"0":[0]},"fnMap":{"0":{"name":"(empty-report)","decl":{"start":{"line":1,"column":0},"end":{"line":217,"column":84}},"loc":{"start":{"line":1,"column":0},"end":{"line":217,"column":84}},"line":1}},"f":{"0":0}}
,"/workspaces/Collatz-box-universes/Js/Collatz-libes.js": {"path":"/workspaces/Collatz-box-universes/Js/Collatz-libes.js","all":true,"statementMap":{},"s":{},"branchMap":{"0":{"type":"branch","line":1,"loc":{"start":{"line":1,"column":0},"end":{"line":1,"column":0}},"locations":[{"start":{"line":1,"column":0},"end":{"line":1,"column":0}}]}},"b":{"0":[1]},"fnMap":{"0":{"name":"(empty-report)","decl":{"start":{"line":1,"column":0},"end":{"line":1,"column":0}},"loc":{"start":{"line":1,"column":0},"end":{"line":1,"column":0}},"line":1}},"f":{"0":1}}
,"/workspaces/Collatz-box-universes/js/Box-universe.-vuew.js": {"path":"/workspaces/Collatz-box-universes/js/Box-universe.-vuew.js","all":true,"statementMap":{"0":{"start":{"line":1,"column":0},"end":{"line":1,"column":21}},"1":{"start":{"line":2,"column":0},"end":{"line":2,"column":89}},"2":{"start":{"line":3,"column":0},"end":{"line":3,"column":0}},"3":{"start":{"line":4,"column":0},"end":{"line":4,"column":44}},"4":{"start":{"line":5,"column":0},"end":{"line":5,"column":46}},"5":{"start":{"line":6,"column":0},"end":{"line":6,"column":81}},"6":{"start":{"line":7,"column":0},"end":{"line":7,"column":0}},"7":{"start":{"line":8,"column":0},"end":{"line":8,"column":28}},"8":{"start":{"line":9,"column":0},"end":{"line":9,"column":79}},"9":{"start":{"line":10,"column":0},"end":{"line":10,"column":91}},"10":{"start":{"line":11,"column":0},"end":{"line":11,"column":64}},"11":{"start":{"line":12,"column":0},"end":{"line":12,"column":93}},"12":{"start":{"line":13,"column":0},"end":{"line":13,"column":0}},"13":{"start":{"line":14,"column":0},"end":{"line":14,"column":94}},"14":{"start":{"line":15,"column":0},"end":{"line":15,"column":27}},"15":{"start":{"line":16,"column":0},"end":{"line":16,"column":65}},"16":{"start":{"line":17,"column":0},"end":{"line":17,"column":63}},"17":{"start":{"line":18,"column":0},"end":{"line":18,"column":64}},"18":{"start":{"line":19,"column":0},"end":{"line":19,"column":65}},"19":{"start":{"line":20,"column":0},"end":{"line":20,"column":57}},"20":{"start":{"line":21,"column":0},"end":{"line":21,"column":10}},"21":{"start":{"line":22,"column":0},"end":{"line":22,"column":0}},"22":{"start":{"line":23,"column":0},"end":{"line":23,"column":30}},"23":{"start":{"line":24,"column":0},"end":{"line":24,"column":62}},"24":{"start":{"line":25,"column":0},"end":{"line":25,"column":58}},"25":{"start":{"line":26,"column":0},"end":{"line":26,"column":58}},"26":{"start":{"line":27,"column":0},"end":{"line":27,"column":58}},"27":{"start":{"line":28,"column":0},"end":{"line":28,"column":58}},"28":{"start":{"line":29,"column":0},"end":{"line":29,"column":58}},"29":{"start":{"line":30,"column":0},"end":{"line":30,"column":58}},"30":{"start":{"line":31,"column":0},"end":{"line":31,"column":67}},"31":{"start":{"line":32,"column":0},"end":{"line":32,"column":73}},"32":{"start":{"line":33,"column":0},"end":{"line":33,"column":62}},"33":{"start":{"line":34,"column":0},"end":{"line":34,"column":68}},"34":{"start":{"line":35,"column":0},"end":{"line":35,"column":0}},"35":{"start":{"line":36,"column":0},"end":{"line":36,"column":32}},"36":{"start":{"line":37,"column":0},"end":{"line":37,"column":85}},"37":{"start":{"line":38,"column":0},"end":{"line":38,"column":25}},"38":{"start":{"line":39,"column":0},"end":{"line":39,"column":78}},"39":{"start":{"line":40,"column":0},"end":{"line":40,"column":96}},"40":{"start":{"line":41,"column":0},"end":{"line":41,"column":13}},"41":{"start":{"line":42,"column":0},"end":{"line":42,"column":26}},"42":{"start":{"line":43,"column":0},"end":{"line":43,"column":66}},"43":{"start":{"line":44,"column":0},"end":{"line":44,"column":84}},"44":{"start":{"line":45,"column":0},"end":{"line":45,"column":13}},"45":{"start":{"line":46,"column":0},"end":{"line":46,"column":0}},"46":{"start":{"line":47,"column":0},"end":{"line":47,"column":28}},"47":{"start":{"line":48,"column":0},"end":{"line":48,"column":38}},"48":{"start":{"line":49,"column":0},"end":{"line":49,"column":70}},"49":{"start":{"line":50,"column":0},"end":{"line":50,"column":0}},"50":{"start":{"line":51,"column":0},"end":{"line":51,"column":53}},"51":{"start":{"line":52,"column":0},"end":{"line":52,"column":77}},"52":{"start":{"line":53,"column":0},"end":{"line":53,"column":124}},"53":{"start":{"line":54,"column":0},"end":{"line":54,"column":0}},"54":{"start":{"line":55,"column":0},"end":{"line":55,"column":69}},"55":{"start":{"line":56,"column":0},"end":{"line":56,"column":49}},"56":{"start":{"line":57,"column":0},"end":{"line":57,"column":17}},"57":{"start":{"line":58,"column":0},"end":{"line":58,"column":0}},"58":{"start":{"line":59,"column":0},"end":{"line":59,"column":70}},"59":{"start":{"line":60,"column":0},"end":{"line":60,"column":37}},"60":{"start":{"line":61,"column":0},"end":{"line":61,"column":91}},"61":{"start":{"line":62,"column":0},"end":{"line":62,"column":46}},"62":{"start":{"line":63,"column":0},"end":{"line":63,"column":17}},"63":{"start":{"line":64,"column":0},"end":{"line":64,"column":37}},"64":{"start":{"line":65,"column":0},"end":{"line":65,"column":43}},"65":{"start":{"line":66,"column":0},"end":{"line":66,"column":0}},"66":{"start":{"line":67,"column":0},"end":{"line":67,"column":40}},"67":{"start":{"line":68,"column":0},"end":{"line":68,"column":33}},"68":{"start":{"line":69,"column":0},"end":{"line":69,"column":24}},"69":{"start":{"line":70,"column":0},"end":{"line":70,"column":46}},"70":{"start":{"line":71,"column":0},"end":{"line":71,"column":17}},"71":{"start":{"line":72,"column":0},"end":{"line":72,"column":0}},"72":{"start":{"line":73,"column":0},"end":{"line":73,"column":113}},"73":{"start":{"line":74,"column":0},"end":{"line":74,"column":122}},"74":{"start":{"line":75,"column":0},"end":{"line":75,"column":106}},"75":{"start":{"line":76,"column":0},"end":{"line":76,"column":17}},"76":{"start":{"line":77,"column":0},"end":{"line":77,"column":13}},"77":{"start":{"line":78,"column":0},"end":{"line":78,"column":121}},"78":{"start":{"line":79,"column":0},"end":{"line":79,"column":104}},"79":{"start":{"line":80,"column":0},"end":{"line":80,"column":9}},"80":{"start":{"line":81,"column":0},"end":{"line":81,"column":0}},"81":{"start":{"line":82,"column":0},"end":{"line":82,"column":42}},"82":{"start":{"line":83,"column":0},"end":{"line":83,"column":32}},"83":{"start":{"line":84,"column":0},"end":{"line":84,"column":67}},"84":{"start":{"line":85,"column":0},"end":{"line":85,"column":80}},"85":{"start":{"line":86,"column":0},"end":{"line":86,"column":0}},"86":{"start":{"line":87,"column":0},"end":{"line":87,"column":38}},"87":{"start":{"line":88,"column":0},"end":{"line":88,"column":76}},"88":{"start":{"line":89,"column":0},"end":{"line":89,"column":0}},"89":{"start":{"line":90,"column":0},"end":{"line":90,"column":49}},"90":{"start":{"line":91,"column":0},"end":{"line":91,"column":19}},"91":{"start":{"line":92,"column":0},"end":{"line":92,"column":63}},"92":{"start":{"line":93,"column":0},"end":{"line":93,"column":20}},"93":{"start":{"line":94,"column":0},"end":{"line":94,"column":20}},"94":{"start":{"line":95,"column":0},"end":{"line":95,"column":14}},"95":{"start":{"line":96,"column":0},"end":{"line":96,"column":94}},"96":{"start":{"line":97,"column":0},"end":{"line":97,"column":64}},"97":{"start":{"line":98,"column":0},"end":{"line":98,"column":64}},"98":{"start":{"line":99,"column":0},"end":{"line":99,"column":0}},"99":{"start":{"line":100,"column":0},"end":{"line":100,"column":84}},"100":{"start":{"line":101,"column":0},"end":{"line":101,"column":76}},"101":{"start":{"line":102,"column":0},"end":{"line":102,"column":60}},"102":{"start":{"line":103,"column":0},"end":{"line":103,"column":46}},"103":{"start":{"line":104,"column":0},"end":{"line":104,"column":61}},"104":{"start":{"line":105,"column":0},"end":{"line":105,"column":0}},"105":{"start":{"line":106,"column":0},"end":{"line":106,"column":57}},"106":{"start":{"line":107,"column":0},"end":{"line":107,"column":89}},"107":{"start":{"line":108,"column":0},"end":{"line":108,"column":36}},"108":{"start":{"line":109,"column":0},"end":{"line":109,"column":0}},"109":{"start":{"line":110,"column":0},"end":{"line":110,"column":101}},"110":{"start":{"line":111,"column":0},"end":{"line":111,"column":54}},"111":{"start":{"line":112,"column":0},"end":{"line":112,"column":47}},"112":{"start":{"line":113,"column":0},"end":{"line":113,"column":93}},"113":{"start":{"line":114,"column":0},"end":{"line":114,"column":58}},"114":{"start":{"line":115,"column":0},"end":{"line":115,"column":54}},"115":{"start":{"line":116,"column":0},"end":{"line":116,"column":54}},"116":{"start":{"line":117,"column":0},"end":{"line":117,"column":52}},"117":{"start":{"line":118,"column":0},"end":{"line":118,"column":56}},"118":{"start":{"line":119,"column":0},"end":{"line":119,"column":54}},"119":{"start":{"line":120,"column":0},"end":{"line":120,"column":53}},"120":{"start":{"line":121,"column":0},"end":{"line":121,"column":40}},"121":{"start":{"line":122,"column":0},"end":{"line":122,"column":0}},"122":{"start":{"line":123,"column":0},"end":{"line":123,"column":108}},"123":{"start":{"line":124,"column":0},"end":{"line":124,"column":33}},"124":{"start":{"line":125,"column":0},"end":{"line":125,"column":0}},"125":{"start":{"line":126,"column":0},"end":{"line":126,"column":92}},"126":{"start":{"line":127,"column":0},"end":{"line":127,"column":46}},"127":{"start":{"line":128,"column":0},"end":{"line":128,"column":34}},"128":{"start":{"line":129,"column":0},"end":{"line":129,"column":0}},"129":{"start":{"line":130,"column":0},"end":{"line":130,"column":74}},"130":{"start":{"line":131,"column":0},"end":{"line":131,"column":69}},"131":{"start":{"line":132,"column":0},"end":{"line":132,"column":85}},"132":{"start":{"line":133,"column":0},"end":{"line":133,"column":34}},"133":{"start":{"line":134,"column":0},"end":{"line":134,"column":0}},"134":{"start":{"line":135,"column":0},"end":{"line":135,"column":99}},"135":{"start":{"line":136,"column":0},"end":{"line":136,"column":34}},"136":{"start":{"line":137,"column":0},"end":{"line":137,"column":0}},"137":{"start":{"line":138,"column":0},"end":{"line":138,"column":0}},"138":{"start":{"line":139,"column":0},"end":{"line":139,"column":76}},"139":{"start":{"line":140,"column":0},"end":{"line":140,"column":42}},"140":{"start":{"line":141,"column":0},"end":{"line":141,"column":42}},"141":{"start":{"line":142,"column":0},"end":{"line":142,"column":48}},"142":{"start":{"line":143,"column":0},"end":{"line":143,"column":58}},"143":{"start":{"line":144,"column":0},"end":{"line":144,"column":39}},"144":{"start":{"line":145,"column":0},"end":{"line":145,"column":49}},"145":{"start":{"line":146,"column":0},"end":{"line":146,"column":87}},"146":{"start":{"line":147,"column":0},"end":{"line":147,"column":30}},"147":{"start":{"line":148,"column":0},"end":{"line":148,"column":0}},"148":{"start":{"line":149,"column":0},"end":{"line":149,"column":62}},"149":{"start":{"line":150,"column":0},"end":{"line":150,"column":22}},"150":{"start":{"line":151,"column":0},"end":{"line":151,"column":0}},"151":{"start":{"line":152,"column":0},"end":{"line":152,"column":112}},"152":{"start":{"line":153,"column":0},"end":{"line":153,"column":9}},"153":{"start":{"line":154,"column":0},"end":{"line":154,"column":0}},"154":{"start":{"line":155,"column":0},"end":{"line":155,"column":42}},"155":{"start":{"line":156,"column":0},"end":{"line":156,"column":28}},"156":{"start":{"line":157,"column":0},"end":{"line":157,"column":43}},"157":{"start":{"line":158,"column":0},"end":{"line":158,"column":30}},"158":{"start":{"line":159,"column":0},"end":{"line":159,"column":43}},"159":{"start":{"line":160,"column":0},"end":{"line":160,"column":9}},"160":{"start":{"line":161,"column":0},"end":{"line":161,"column":0}},"161":{"start":{"line":162,"column":0},"end":{"line":162,"column":38}},"162":{"start":{"line":163,"column":0},"end":{"line":163,"column":52}},"163":{"start":{"line":164,"column":0},"end":{"line":164,"column":41}},"164":{"start":{"line":165,"column":0},"end":{"line":165,"column":40}},"165":{"start":{"line":166,"column":0},"end":{"line":166,"column":71}},"166":{"start":{"line":167,"column":0},"end":{"line":167,"column":0}},"167":{"start":{"line":168,"column":0},"end":{"line":168,"column":23}},"168":{"start":{"line":169,"column":0},"end":{"line":169,"column":51}},"169":{"start":{"line":170,"column":0},"end":{"line":170,"column":55}},"170":{"start":{"line":171,"column":0},"end":{"line":171,"column":20}},"171":{"start":{"line":172,"column":0},"end":{"line":172,"column":34}},"172":{"start":{"line":173,"column":0},"end":{"line":173,"column":85}},"173":{"start":{"line":174,"column":0},"end":{"line":174,"column":109}},"174":{"start":{"line":175,"column":0},"end":{"line":175,"column":58}},"175":{"start":{"line":176,"column":0},"end":{"line":176,"column":0}},"176":{"start":{"line":177,"column":0},"end":{"line":177,"column":75}},"177":{"start":{"line":178,"column":0},"end":{"line":178,"column":80}},"178":{"start":{"line":179,"column":0},"end":{"line":179,"column":96}},"179":{"start":{"line":180,"column":0},"end":{"line":180,"column":96}},"180":{"start":{"line":181,"column":0},"end":{"line":181,"column":96}},"181":{"start":{"line":182,"column":0},"end":{"line":182,"column":0}},"182":{"start":{"line":183,"column":0},"end":{"line":183,"column":46}},"183":{"start":{"line":184,"column":0},"end":{"line":184,"column":46}},"184":{"start":{"line":185,"column":0},"end":{"line":185,"column":46}},"185":{"start":{"line":186,"column":0},"end":{"line":186,"column":0}},"186":{"start":{"line":187,"column":0},"end":{"line":187,"column":34}},"187":{"start":{"line":188,"column":0},"end":{"line":188,"column":43}},"188":{"start":{"line":189,"column":0},"end":{"line":189,"column":43}},"189":{"start":{"line":190,"column":0},"end":{"line":190,"column":42}},"190":{"start":{"line":191,"column":0},"end":{"line":191,"column":18}},"191":{"start":{"line":192,"column":0},"end":{"line":192,"column":39}},"192":{"start":{"line":193,"column":0},"end":{"line":193,"column":42}},"193":{"start":{"line":194,"column":0},"end":{"line":194,"column":32}},"194":{"start":{"line":195,"column":0},"end":{"line":195,"column":39}},"195":{"start":{"line":196,"column":0},"end":{"line":196,"column":13}},"196":{"start":{"line":197,"column":0},"end":{"line":197,"column":0}},"197":{"start":{"line":198,"column":0},"end":{"line":198,"column":73}},"198":{"start":{"line":199,"column":0},"end":{"line":199,"column":48}},"199":{"start":{"line":200,"column":0},"end":{"line":200,"column":59}},"200":{"start":{"line":201,"column":0},"end":{"line":201,"column":13}},"201":{"start":{"line":202,"column":0},"end":{"line":202,"column":9}},"202":{"start":{"line":203,"column":0},"end":{"line":203,"column":0}},"203":{"start":{"line":204,"column":0},"end":{"line":204,"column":31}},"204":{"start":{"line":205,"column":0},"end":{"line":205,"column":89}},"205":{"start":{"line":206,"column":0},"end":{"line":206,"column":39}},"206":{"start":{"line":207,"column":0},"end":{"line":207,"column":45}},"207":{"start":{"line":208,"column":0},"end":{"line":208,"column":86}},"208":{"start":{"line":209,"column":0},"end":{"line":209,"column":88}},"209":{"start":{"line":210,"column":0},"end":{"line":210,"column":35}},"210":{"start":{"line":211,"column":0},"end":{"line":211,"column":48}},"211":{"start":{"line":212,"column":0},"end":{"line":212,"column":17}},"212":{"start":{"line":213,"column":0},"end":{"line":213,"column":15}},"213":{"start":{"line":214,"column":0},"end":{"line":214,"column":0}},"214":{"start":{"line":215,"column":0},"end":{"line":215,"column":46}},"215":{"start":{"line":216,"column":0},"end":{"line":216,"column":36}},"216":{"start":{"line":217,"column":0},"end":{"line":217,"column":61}},"217":{"start":{"line":218,"column":0},"end":{"line":218,"column":37}},"218":{"start":{"line":219,"column":0},"end":{"line":219,"column":56}},"219":{"start":{"line":220,"column":0},"end":{"line":220,"column":65}},"220":{"start":{"line":221,"column":0},"end":{"line":221,"column":28}},"221":{"start":{"line":222,"column":0},"end":{"line":222,"column":49}},"222":{"start":{"line":223,"column":0},"end":{"line":223,"column":21}},"223":{"start":{"line":224,"column":0},"end":{"line":224,"column":17}},"224":{"start":{"line":225,"column":0},"end":{"line":225,"column":15}},"225":{"start":{"line":226,"column":0},"end":{"line":226,"column":59}},"226":{"start":{"line":227,"column":0},"end":{"line":227,"column":68}},"227":{"start":{"line":228,"column":0},"end":{"line":228,"column":9}},"228":{"start":{"line":229,"column":0},"end":{"line":229,"column":0}},"229":{"start":{"line":230,"column":0},"end":{"line":230,"column":40}},"230":{"start":{"line":231,"column":0},"end":{"line":231,"column":48}},"231":{"start":{"line":232,"column":0},"end":{"line":232,"column":40}},"232":{"start":{"line":233,"column":0},"end":{"line":233,"column":43}},"233":{"start":{"line":234,"column":0},"end":{"line":234,"column":50}},"234":{"start":{"line":235,"column":0},"end":{"line":235,"column":65}},"235":{"start":{"line":236,"column":0},"end":{"line":236,"column":0}},"236":{"start":{"line":237,"column":0},"end":{"line":237,"column":49}},"237":{"start":{"line":238,"column":0},"end":{"line":238,"column":0}},"238":{"start":{"line":239,"column":0},"end":{"line":239,"column":55}},"239":{"start":{"line":240,"column":0},"end":{"line":240,"column":51}},"240":{"start":{"line":241,"column":0},"end":{"line":241,"column":51}},"241":{"start":{"line":242,"column":0},"end":{"line":242,"column":51}},"242":{"start":{"line":243,"column":0},"end":{"line":243,"column":51}},"243":{"start":{"line":244,"column":0},"end":{"line":244,"column":51}},"244":{"start":{"line":245,"column":0},"end":{"line":245,"column":51}},"245":{"start":{"line":246,"column":0},"end":{"line":246,"column":0}},"246":{"start":{"line":247,"column":0},"end":{"line":247,"column":30}},"247":{"start":{"line":248,"column":0},"end":{"line":248,"column":103}},"248":{"start":{"line":249,"column":0},"end":{"line":249,"column":117}},"249":{"start":{"line":250,"column":0},"end":{"line":250,"column":109}},"250":{"start":{"line":251,"column":0},"end":{"line":251,"column":45}},"251":{"start":{"line":252,"column":0},"end":{"line":252,"column":48}},"252":{"start":{"line":253,"column":0},"end":{"line":253,"column":51}},"253":{"start":{"line":254,"column":0},"end":{"line":254,"column":23}},"254":{"start":{"line":255,"column":0},"end":{"line":255,"column":13}},"255":{"start":{"line":256,"column":0},"end":{"line":256,"column":0}},"256":{"start":{"line":257,"column":0},"end":{"line":257,"column":139}},"257":{"start":{"line":258,"column":0},"end":{"line":258,"column":0}},"258":{"start":{"line":259,"column":0},"end":{"line":259,"column":48}},"259":{"start":{"line":260,"column":0},"end":{"line":260,"column":52}},"260":{"start":{"line":261,"column":0},"end":{"line":261,"column":56}},"261":{"start":{"line":262,"column":0},"end":{"line":262,"column":59}},"262":{"start":{"line":263,"column":0},"end":{"line":263,"column":114}},"263":{"start":{"line":264,"column":0},"end":{"line":264,"column":65}},"264":{"start":{"line":265,"column":0},"end":{"line":265,"column":21}},"265":{"start":{"line":266,"column":0},"end":{"line":266,"column":17}},"266":{"start":{"line":267,"column":0},"end":{"line":267,"column":13}},"267":{"start":{"line":268,"column":0},"end":{"line":268,"column":0}},"268":{"start":{"line":269,"column":0},"end":{"line":269,"column":47}},"269":{"start":{"line":270,"column":0},"end":{"line":270,"column":73}},"270":{"start":{"line":271,"column":0},"end":{"line":271,"column":41}},"271":{"start":{"line":272,"column":0},"end":{"line":272,"column":44}},"272":{"start":{"line":273,"column":0},"end":{"line":273,"column":85}},"273":{"start":{"line":274,"column":0},"end":{"line":274,"column":70}},"274":{"start":{"line":275,"column":0},"end":{"line":275,"column":9}},"275":{"start":{"line":276,"column":0},"end":{"line":276,"column":0}},"276":{"start":{"line":277,"column":0},"end":{"line":277,"column":40}},"277":{"start":{"line":278,"column":0},"end":{"line":278,"column":36}},"278":{"start":{"line":279,"column":0},"end":{"line":279,"column":75}},"279":{"start":{"line":280,"column":0},"end":{"line":280,"column":41}},"280":{"start":{"line":281,"column":0},"end":{"line":281,"column":35}},"281":{"start":{"line":282,"column":0},"end":{"line":282,"column":41}},"282":{"start":{"line":283,"column":0},"end":{"line":283,"column":30}},"283":{"start":{"line":284,"column":0},"end":{"line":284,"column":57}},"284":{"start":{"line":285,"column":0},"end":{"line":285,"column":73}},"285":{"start":{"line":286,"column":0},"end":{"line":286,"column":9}},"286":{"start":{"line":287,"column":0},"end":{"line":287,"column":0}},"287":{"start":{"line":288,"column":0},"end":{"line":288,"column":33}},"288":{"start":{"line":289,"column":0},"end":{"line":289,"column":61}},"289":{"start":{"line":290,"column":0},"end":{"line":290,"column":66}},"290":{"start":{"line":291,"column":0},"end":{"line":291,"column":0}},"291":{"start":{"line":292,"column":0},"end":{"line":292,"column":40}},"292":{"start":{"line":293,"column":0},"end":{"line":293,"column":35}},"293":{"start":{"line":294,"column":0},"end":{"line":294,"column":80}},"294":{"start":{"line":295,"column":0},"end":{"line":295,"column":75}},"295":{"start":{"line":296,"column":0},"end":{"line":296,"column":44}},"296":{"start":{"line":297,"column":0},"end":{"line":297,"column":76}},"297":{"start":{"line":298,"column":0},"end":{"line":298,"column":59}},"298":{"start":{"line":299,"column":0},"end":{"line":299,"column":9}},"299":{"start":{"line":300,"column":0},"end":{"line":300,"column":0}},"300":{"start":{"line":301,"column":0},"end":{"line":301,"column":46}},"301":{"start":{"line":302,"column":0},"end":{"line":302,"column":32}},"302":{"start":{"line":303,"column":0},"end":{"line":303,"column":57}},"303":{"start":{"line":304,"column":0},"end":{"line":304,"column":31}},"304":{"start":{"line":305,"column":0},"end":{"line":305,"column":43}},"305":{"start":{"line":306,"column":0},"end":{"line":306,"column":13}},"306":{"start":{"line":307,"column":0},"end":{"line":307,"column":46}},"307":{"start":{"line":308,"column":0},"end":{"line":308,"column":82}},"308":{"start":{"line":309,"column":0},"end":{"line":309,"column":53}},"309":{"start":{"line":310,"column":0},"end":{"line":310,"column":49}},"310":{"start":{"line":311,"column":0},"end":{"line":311,"column":29}},"311":{"start":{"line":312,"column":0},"end":{"line":312,"column":15}},"312":{"start":{"line":313,"column":0},"end":{"line":313,"column":51}},"313":{"start":{"line":314,"column":0},"end":{"line":314,"column":45}},"314":{"start":{"line":315,"column":0},"end":{"line":315,"column":52}},"315":{"start":{"line":316,"column":0},"end":{"line":316,"column":21}},"316":{"start":{"line":317,"column":0},"end":{"line":317,"column":9}},"317":{"start":{"line":318,"column":0},"end":{"line":318,"column":0}},"318":{"start":{"line":319,"column":0},"end":{"line":319,"column":55}},"319":{"start":{"line":320,"column":0},"end":{"line":320,"column":47}},"320":{"start":{"line":321,"column":0},"end":{"line":321,"column":26}},"321":{"start":{"line":322,"column":0},"end":{"line":322,"column":98}},"322":{"start":{"line":323,"column":0},"end":{"line":323,"column":43}},"323":{"start":{"line":324,"column":0},"end":{"line":324,"column":10}}},"s":{"0":0,"1":0,"2":0,"3":0,"4":0,"5":0,"6":0,"7":0,"8":0,"9":0,"10":0,"11":0,"12":0,"13":0,"14":0,"15":0,"16":0,"17":0,"18":0,"19":0,"20":0,"21":0,"22":0,"23":0,"24":0,"25":0,"26":0,"27":0,"28":0,"29":0,"30":0,"31":0,"32":0,"33":0,"34":0,"35":0,"36":0,"37":0,"38":0,"39":0,"40":0,"41":0,"42":0,"43":0,"44":0,"45":0,"46":0,"47":0,"48":0,"49":0,"50":0,"51":0,"52":0,"53":0,"54":0,"55":0,"56":0,"57":0,"58":0,"59":0,"60":0,"61":0,"62":0,"63":0,"64":0,"65":0,"66":0,"67":0,"68":0,"69":0,"70":0,"71":0,"72":0,"73":0,"74":0,"75":0,"76":0,"77":0,"78":0,"79":0,"80":0,"81":0,"82":0,"83":0,"84":0,"85":0,"86":0,"87":0,"88":0,"89":0,"90":0,"91":0,"92":0,"93":0,"94":0,"95":0,"96":0,"97":0,"98":0,"99":0,"100":0,"101":0,"102":0,"103":0,"104":0,"105":0,"106":0,"107":0,"108":0,"109":0,"110":0,"111":0,"112":0,"113":0,"114":0,"115":0,"116":0,"117":0,"118":0,"119":0,"120":0,"121":0,"122":0,"123":0,"124":0,"125":0,"126":0,"127":0,"128":0,"129":0,"130":0,"131":0,"132":0,"133":0,"134":0,"135":0,"136":0,"137":0,"138":0,"139":0,"140":0,"141":0,"142":0,"143":0,"144":0,"145":0,"146":0,"147":0,"148":0,"149":0,"150":0,"151":0,"152":0,"153":0,"154":0,"155":0,"156":0,"157":0,"158":0,"159":0,"160":0,"161":0,"162":0,"163":0,"164":0,"165":0,"166":0,"167":0,"168":0,"169":0,"170":0,"171":0,"172":0,"173":0,"174":0,"175":0,"176":0,"177":0,"178":0,"179":0,"180":0,"181":0,"182":0,"183":0,"184":0,"185":0,"186":0,"187":0,"188":0,"189":0,"190":0,"191":0,"192":0,"193":0,"194":0,"195":0,"196":0,"197":0,"198":0,"199":0,"200":0,"201":0,"202":0,"203":0,"204":0,"205":0,"206":0,"207":0,"208":0,"209":0,"210":0,"211":0,"212":0,"213":0,"214":0,"215":0,"216":0,"217":0,"218":0,"219":0,"220":0,"221":0,"222":0,"223":0,"224":0,"225":0,"226":0,"227":0,"228":0,"229":0,"230":0,"231":0,"232":0,"233":0,"234":0,"235":0,"236":0,"237":0,"238":0,"239":0,"240":0,"241":0,"242":0,"243":0,"244":0,"245":0,"246":0,"247":0,"248":0,"249":0,"250":0,"251":0,"252":0,"253":0,"254":0,"255":0,"256":0,"257":0,"258":0,"259":0,"260":0,"261":0,"262":0,"263":0,"264":0,"265":0,"266":0,"267":0,"268":0,"269":0,"270":0,"271":0,"272":0,"273":0,"274":0,"275":0,"276":0,"277":0,"278":0,"279":0,"280":0,"281":0,"282":0,"283":0,"284":0,"285":0,"286":0,"287":0,"288":0,"289":0,"290":0,"291":0,"292":0,"293":0,"294":0,"295":0,"296":0,"297":0,"298":0,"299":0,"300":0,"301":0,"302":0,"303":0,"304":0,"305":0,"306":0,"307":0,"308":0,"309":0,"310":0,"311":0,"312":0,"313":0,"314":0,"315":0,"316":0,"317":0,"318":0,"319":0,"320":0,"321":0,"322":0,"323":0},"branchMap":{"0":{"type":"branch","line":1,"loc":{"start":{"line":1,"column":0},"end":{"line":324,"column":10}},"locations":[{"start":{"line":1,"column":0},"end":{"line":324,"column":10}}]}},"b":{"0":[0]},"fnMap":{"0":{"name":"(empty-report)","decl":{"start":{"line":1,"column":0},"end":{"line":324,"column":10}},"loc":{"start":{"line":1,"column":0},"end":{"line":324,"column":10}},"line":1}},"f":{"0":0}}
,"/workspaces/Collatz-box-universes/js/Collatz-lines.js": {"path":"/workspaces/Collatz-box-universes/js/Collatz-lines.js","all":true,"statementMap":{"1":{"start":{"line":2,"column":0},"end":{"line":2,"column":54}},"2":{"start":{"line":3,"column":0},"end":{"line":3,"column":46}},"3":{"start":{"line":4,"column":0},"end":{"line":4,"column":35}},"4":{"start":{"line":5,"column":0},"end":{"line":5,"column":35}},"5":{"start":{"line":6,"column":0},"end":{"line":6,"column":31}},"6":{"start":{"line":7,"column":0},"end":{"line":7,"column":30}},"7":{"start":{"line":8,"column":0},"end":{"line":8,"column":8}},"8":{"start":{"line":9,"column":0},"end":{"line":9,"column":80}},"9":{"start":{"line":10,"column":0},"end":{"line":10,"column":24}},"10":{"start":{"line":11,"column":0},"end":{"line":11,"column":39}},"11":{"start":{"line":12,"column":0},"end":{"line":12,"column":37}},"12":{"start":{"line":13,"column":0},"end":{"line":13,"column":28}},"13":{"start":{"line":14,"column":0},"end":{"line":14,"column":10}},"15":{"start":{"line":16,"column":0},"end":{"line":16,"column":40}},"16":{"start":{"line":17,"column":0},"end":{"line":17,"column":77}},"17":{"start":{"line":18,"column":0},"end":{"line":18,"column":90}},"18":{"start":{"line":19,"column":0},"end":{"line":19,"column":36}},"20":{"start":{"line":21,"column":0},"end":{"line":21,"column":38}},"21":{"start":{"line":22,"column":0},"end":{"line":22,"column":71}},"22":{"start":{"line":23,"column":0},"end":{"line":23,"column":70}},"23":{"start":{"line":24,"column":0},"end":{"line":24,"column":45}},"24":{"start":{"line":25,"column":0},"end":{"line":25,"column":114}},"25":{"start":{"line":26,"column":0},"end":{"line":26,"column":47}},"26":{"start":{"line":27,"column":0},"end":{"line":27,"column":30}},"27":{"start":{"line":28,"column":0},"end":{"line":28,"column":50}},"28":{"start":{"line":29,"column":0},"end":{"line":29,"column":25}},"29":{"start":{"line":30,"column":0},"end":{"line":30,"column":9}},"31":{"start":{"line":32,"column":0},"end":{"line":32,"column":47}},"32":{"start":{"line":33,"column":0},"end":{"line":33,"column":62}},"33":{"start":{"line":34,"column":0},"end":{"line":34,"column":89}},"34":{"start":{"line":35,"column":0},"end":{"line":35,"column":26}},"35":{"start":{"line":36,"column":0},"end":{"line":36,"column":95}},"36":{"start":{"line":37,"column":0},"end":{"line":37,"column":13}},"37":{"start":{"line":38,"column":0},"end":{"line":38,"column":62}},"38":{"start":{"line":39,"column":0},"end":{"line":39,"column":184}},"39":{"start":{"line":40,"column":0},"end":{"line":40,"column":13}},"41":{"start":{"line":42,"column":0},"end":{"line":42,"column":29}},"42":{"start":{"line":43,"column":0},"end":{"line":43,"column":40}},"43":{"start":{"line":44,"column":0},"end":{"line":44,"column":38}},"44":{"start":{"line":45,"column":0},"end":{"line":45,"column":34}},"46":{"start":{"line":47,"column":0},"end":{"line":47,"column":60}},"47":{"start":{"line":48,"column":0},"end":{"line":48,"column":26}},"49":{"start":{"line":50,"column":0},"end":{"line":50,"column":97}},"50":{"start":{"line":51,"column":0},"end":{"line":51,"column":152}},"51":{"start":{"line":52,"column":0},"end":{"line":52,"column":17}},"53":{"start":{"line":54,"column":0},"end":{"line":54,"column":51}},"54":{"start":{"line":55,"column":0},"end":{"line":55,"column":41}},"55":{"start":{"line":56,"column":0},"end":{"line":56,"column":24}},"56":{"start":{"line":57,"column":0},"end":{"line":57,"column":69}},"57":{"start":{"line":58,"column":0},"end":{"line":58,"column":17}},"59":{"start":{"line":60,"column":0},"end":{"line":60,"column":91}},"60":{"start":{"line":61,"column":0},"end":{"line":61,"column":151}},"61":{"start":{"line":62,"column":0},"end":{"line":62,"column":17}},"63":{"start":{"line":64,"column":0},"end":{"line":64,"column":41}},"64":{"start":{"line":65,"column":0},"end":{"line":65,"column":42}},"65":{"start":{"line":66,"column":0},"end":{"line":66,"column":93}},"66":{"start":{"line":67,"column":0},"end":{"line":67,"column":17}},"67":{"start":{"line":68,"column":0},"end":{"line":68,"column":35}},"68":{"start":{"line":69,"column":0},"end":{"line":69,"column":37}},"70":{"start":{"line":71,"column":0},"end":{"line":71,"column":33}},"71":{"start":{"line":72,"column":0},"end":{"line":72,"column":37}},"72":{"start":{"line":73,"column":0},"end":{"line":73,"column":111}},"73":{"start":{"line":74,"column":0},"end":{"line":74,"column":17}},"74":{"start":{"line":75,"column":0},"end":{"line":75,"column":13}},"75":{"start":{"line":76,"column":0},"end":{"line":76,"column":139}},"76":{"start":{"line":77,"column":0},"end":{"line":77,"column":10}},"78":{"start":{"line":79,"column":0},"end":{"line":79,"column":42}},"79":{"start":{"line":80,"column":0},"end":{"line":80,"column":32}},"80":{"start":{"line":81,"column":0},"end":{"line":81,"column":73}},"81":{"start":{"line":82,"column":0},"end":{"line":82,"column":70}},"83":{"start":{"line":84,"column":0},"end":{"line":84,"column":38}},"84":{"start":{"line":85,"column":0},"end":{"line":85,"column":58}},"85":{"start":{"line":86,"column":0},"end":{"line":86,"column":55}},"87":{"start":{"line":88,"column":0},"end":{"line":88,"column":51}},"88":{"start":{"line":89,"column":0},"end":{"line":89,"column":56}},"89":{"start":{"line":90,"column":0},"end":{"line":90,"column":34}},"90":{"start":{"line":91,"column":0},"end":{"line":91,"column":58}},"93":{"start":{"line":94,"column":0},"end":{"line":94,"column":106}},"94":{"start":{"line":95,"column":0},"end":{"line":95,"column":43}},"95":{"start":{"line":96,"column":0},"end":{"line":96,"column":36}},"96":{"start":{"line":97,"column":0},"end":{"line":97,"column":90}},"98":{"start":{"line":99,"column":0},"end":{"line":99,"column":84}},"99":{"start":{"line":100,"column":0},"end":{"line":100,"column":70}},"100":{"start":{"line":101,"column":0},"end":{"line":101,"column":60}},"101":{"start":{"line":102,"column":0},"end":{"line":102,"column":113}},"103":{"start":{"line":104,"column":0},"end":{"line":104,"column":71}},"104":{"start":{"line":105,"column":0},"end":{"line":105,"column":36}},"105":{"start":{"line":106,"column":0},"end":{"line":106,"column":79}},"106":{"start":{"line":107,"column":0},"end":{"line":107,"column":66}},"107":{"start":{"line":108,"column":0},"end":{"line":108,"column":40}},"108":{"start":{"line":109,"column":0},"end":{"line":109,"column":56}},"110":{"start":{"line":111,"column":0},"end":{"line":111,"column":76}},"111":{"start":{"line":112,"column":0},"end":{"line":112,"column":43}},"112":{"start":{"line":113,"column":0},"end":{"line":113,"column":42}},"113":{"start":{"line":114,"column":0},"end":{"line":114,"column":48}},"114":{"start":{"line":115,"column":0},"end":{"line":115,"column":40}},"115":{"start":{"line":116,"column":0},"end":{"line":116,"column":41}},"116":{"start":{"line":117,"column":0},"end":{"line":117,"column":61}},"118":{"start":{"line":119,"column":0},"end":{"line":119,"column":69}},"119":{"start":{"line":120,"column":0},"end":{"line":120,"column":30}},"120":{"start":{"line":121,"column":0},"end":{"line":121,"column":89}},"121":{"start":{"line":122,"column":0},"end":{"line":122,"column":9}},"123":{"start":{"line":124,"column":0},"end":{"line":124,"column":40}},"124":{"start":{"line":125,"column":0},"end":{"line":125,"column":35}},"125":{"start":{"line":126,"column":0},"end":{"line":126,"column":73}},"126":{"start":{"line":127,"column":0},"end":{"line":127,"column":47}},"127":{"start":{"line":128,"column":0},"end":{"line":128,"column":69}},"128":{"start":{"line":129,"column":0},"end":{"line":129,"column":63}},"129":{"start":{"line":130,"column":0},"end":{"line":130,"column":16}},"130":{"start":{"line":131,"column":0},"end":{"line":131,"column":56}},"131":{"start":{"line":132,"column":0},"end":{"line":132,"column":58}},"133":{"start":{"line":134,"column":0},"end":{"line":134,"column":73}},"134":{"start":{"line":135,"column":0},"end":{"line":135,"column":48}},"135":{"start":{"line":136,"column":0},"end":{"line":136,"column":74}},"136":{"start":{"line":137,"column":0},"end":{"line":137,"column":111}},"137":{"start":{"line":138,"column":0},"end":{"line":138,"column":13}},"138":{"start":{"line":139,"column":0},"end":{"line":139,"column":9}},"140":{"start":{"line":141,"column":0},"end":{"line":141,"column":35}},"141":{"start":{"line":142,"column":0},"end":{"line":142,"column":31}},"142":{"start":{"line":143,"column":0},"end":{"line":143,"column":73}},"143":{"start":{"line":144,"column":0},"end":{"line":144,"column":35}},"144":{"start":{"line":145,"column":0},"end":{"line":145,"column":55}},"145":{"start":{"line":146,"column":0},"end":{"line":146,"column":40}},"146":{"start":{"line":147,"column":0},"end":{"line":147,"column":13}},"147":{"start":{"line":148,"column":0},"end":{"line":148,"column":29}},"148":{"start":{"line":149,"column":0},"end":{"line":149,"column":41}},"149":{"start":{"line":150,"column":0},"end":{"line":150,"column":61}},"150":{"start":{"line":151,"column":0},"end":{"line":151,"column":61}},"151":{"start":{"line":152,"column":0},"end":{"line":152,"column":34}},"152":{"start":{"line":153,"column":0},"end":{"line":153,"column":38}},"153":{"start":{"line":154,"column":0},"end":{"line":154,"column":38}},"154":{"start":{"line":155,"column":0},"end":{"line":155,"column":13}},"155":{"start":{"line":156,"column":0},"end":{"line":156,"column":29}},"156":{"start":{"line":157,"column":0},"end":{"line":157,"column":49}},"157":{"start":{"line":158,"column":0},"end":{"line":158,"column":47}},"158":{"start":{"line":159,"column":0},"end":{"line":159,"column":39}},"159":{"start":{"line":160,"column":0},"end":{"line":160,"column":82}},"160":{"start":{"line":161,"column":0},"end":{"line":161,"column":9}},"162":{"start":{"line":163,"column":0},"end":{"line":163,"column":11}},"163":{"start":{"line":164,"column":0},"end":{"line":164,"column":82}},"164":{"start":{"line":165,"column":0},"end":{"line":165,"column":77}},"165":{"start":{"line":166,"column":0},"end":{"line":166,"column":93}},"166":{"start":{"line":167,"column":0},"end":{"line":167,"column":87}},"167":{"start":{"line":168,"column":0},"end":{"line":168,"column":11}},"168":{"start":{"line":169,"column":0},"end":{"line":169,"column":51}},"169":{"start":{"line":170,"column":0},"end":{"line":170,"column":107}},"170":{"start":{"line":171,"column":0},"end":{"line":171,"column":30}},"171":{"start":{"line":172,"column":0},"end":{"line":172,"column":58}},"172":{"start":{"line":173,"column":0},"end":{"line":173,"column":56}},"173":{"start":{"line":174,"column":0},"end":{"line":174,"column":12}},"174":{"start":{"line":175,"column":0},"end":{"line":175,"column":74}},"175":{"start":{"line":176,"column":0},"end":{"line":176,"column":109}},"177":{"start":{"line":178,"column":0},"end":{"line":178,"column":59}},"178":{"start":{"line":179,"column":0},"end":{"line":179,"column":47}},"179":{"start":{"line":180,"column":0},"end":{"line":180,"column":72}},"181":{"start":{"line":182,"column":0},"end":{"line":182,"column":81}},"182":{"start":{"line":183,"column":0},"end":{"line":183,"column":49}},"183":{"start":{"line":184,"column":0},"end":{"line":184,"column":49}},"184":{"start":{"line":185,"column":0},"end":{"line":185,"column":48}},"185":{"start":{"line":186,"column":0},"end":{"line":186,"column":47}},"186":{"start":{"line":187,"column":0},"end":{"line":187,"column":18}},"188":{"start":{"line":189,"column":0},"end":{"line":189,"column":34}},"189":{"start":{"line":190,"column":0},"end":{"line":190,"column":88}},"190":{"start":{"line":191,"column":0},"end":{"line":191,"column":112}},"191":{"start":{"line":192,"column":0},"end":{"line":192,"column":24}},"192":{"start":{"line":193,"column":0},"end":{"line":193,"column":88}},"193":{"start":{"line":194,"column":0},"end":{"line":194,"column":112}},"194":{"start":{"line":195,"column":0},"end":{"line":195,"column":17}},"195":{"start":{"line":196,"column":0},"end":{"line":196,"column":16}},"196":{"start":{"line":197,"column":0},"end":{"line":197,"column":51}},"198":{"start":{"line":199,"column":0},"end":{"line":199,"column":61}},"199":{"start":{"line":200,"column":0},"end":{"line":200,"column":61}},"200":{"start":{"line":201,"column":0},"end":{"line":201,"column":61}},"202":{"start":{"line":203,"column":0},"end":{"line":203,"column":78}},"203":{"start":{"line":204,"column":0},"end":{"line":204,"column":29}},"204":{"start":{"line":205,"column":0},"end":{"line":205,"column":122}},"205":{"start":{"line":206,"column":0},"end":{"line":206,"column":17}},"206":{"start":{"line":207,"column":0},"end":{"line":207,"column":13}},"207":{"start":{"line":208,"column":0},"end":{"line":208,"column":81}},"208":{"start":{"line":209,"column":0},"end":{"line":209,"column":26}},"209":{"start":{"line":210,"column":0},"end":{"line":210,"column":9}},"211":{"start":{"line":212,"column":0},"end":{"line":212,"column":33}},"212":{"start":{"line":213,"column":0},"end":{"line":213,"column":37}},"213":{"start":{"line":214,"column":0},"end":{"line":214,"column":67}},"214":{"start":{"line":215,"column":0},"end":{"line":215,"column":12}},"215":{"start":{"line":216,"column":0},"end":{"line":216,"column":28}},"216":{"start":{"line":217,"column":0},"end":{"line":217,"column":34}},"217":{"start":{"line":218,"column":0},"end":{"line":218,"column":13}},"219":{"start":{"line":220,"column":0},"end":{"line":220,"column":89}},"220":{"start":{"line":221,"column":0},"end":{"line":221,"column":165}},"221":{"start":{"line":222,"column":0},"end":{"line":222,"column":77}},"222":{"start":{"line":223,"column":0},"end":{"line":223,"column":72}},"223":{"start":{"line":224,"column":0},"end":{"line":224,"column":74}},"224":{"start":{"line":225,"column":0},"end":{"line":225,"column":20}},"225":{"start":{"line":226,"column":0},"end":{"line":226,"column":44}},"226":{"start":{"line":227,"column":0},"end":{"line":227,"column":124}},"227":{"start":{"line":228,"column":0},"end":{"line":228,"column":20}},"228":{"start":{"line":229,"column":0},"end":{"line":229,"column":52}},"229":{"start":{"line":230,"column":0},"end":{"line":230,"column":46}},"230":{"start":{"line":231,"column":0},"end":{"line":231,"column":72}},"231":{"start":{"line":232,"column":0},"end":{"line":232,"column":71}},"232":{"start":{"line":233,"column":0},"end":{"line":233,"column":50}},"233":{"start":{"line":234,"column":0},"end":{"line":234,"column":54}},"234":{"start":{"line":235,"column":0},"end":{"line":235,"column":50}},"235":{"start":{"line":236,"column":0},"end":{"line":236,"column":43}},"236":{"start":{"line":237,"column":0},"end":{"line":237,"column":52}},"237":{"start":{"line":238,"column":0},"end":{"line":238,"column":46}},"238":{"start":{"line":239,"column":0},"end":{"line":239,"column":31}},"239":{"start":{"line":240,"column":0},"end":{"line":240,"column":90}},"240":{"start":{"line":241,"column":0},"end":{"line":241,"column":50}},"241":{"start":{"line":242,"column":0},"end":{"line":242,"column":25}},"242":{"start":{"line":243,"column":0},"end":{"line":243,"column":24}},"243":{"start":{"line":244,"column":0},"end":{"line":244,"column":91}},"244":{"start":{"line":245,"column":0},"end":{"line":245,"column":88}},"245":{"start":{"line":246,"column":0},"end":{"line":246,"column":24}},"246":{"start":{"line":247,"column":0},"end":{"line":247,"column":66}},"247":{"start":{"line":248,"column":0},"end":{"line":248,"column":66}},"249":{"start":{"line":250,"column":0},"end":{"line":250,"column":73}},"250":{"start":{"line":251,"column":0},"end":{"line":251,"column":60}},"251":{"start":{"line":252,"column":0},"end":{"line":252,"column":60}},"252":{"start":{"line":253,"column":0},"end":{"line":253,"column":64}},"253":{"start":{"line":254,"column":0},"end":{"line":254,"column":64}},"255":{"start":{"line":256,"column":0},"end":{"line":256,"column":82}},"256":{"start":{"line":257,"column":0},"end":{"line":257,"column":103}},"257":{"start":{"line":258,"column":0},"end":{"line":258,"column":72}},"259":{"start":{"line":260,"column":0},"end":{"line":260,"column":57}},"260":{"start":{"line":261,"column":0},"end":{"line":261,"column":61}},"261":{"start":{"line":262,"column":0},"end":{"line":262,"column":61}},"262":{"start":{"line":263,"column":0},"end":{"line":263,"column":25}},"264":{"start":{"line":265,"column":0},"end":{"line":265,"column":110}},"265":{"start":{"line":266,"column":0},"end":{"line":266,"column":104}},"266":{"start":{"line":267,"column":0},"end":{"line":267,"column":79}},"267":{"start":{"line":268,"column":0},"end":{"line":268,"column":78}},"268":{"start":{"line":269,"column":0},"end":{"line":269,"column":75}},"269":{"start":{"line":270,"column":0},"end":{"line":270,"column":24}},"270":{"start":{"line":271,"column":0},"end":{"line":271,"column":167}},"271":{"start":{"line":272,"column":0},"end":{"line":272,"column":21}},"272":{"start":{"line":273,"column":0},"end":{"line":273,"column":53}},"273":{"start":{"line":274,"column":0},"end":{"line":274,"column":17}},"274":{"start":{"line":275,"column":0},"end":{"line":275,"column":133}},"275":{"start":{"line":276,"column":0},"end":{"line":276,"column":91}},"276":{"start":{"line":277,"column":0},"end":{"line":277,"column":116}},"277":{"start":{"line":278,"column":0},"end":{"line":278,"column":95}},"278":{"start":{"line":279,"column":0},"end":{"line":279,"column":74}},"279":{"start":{"line":280,"column":0},"end":{"line":280,"column":71}},"280":{"start":{"line":281,"column":0},"end":{"line":281,"column":131}},"281":{"start":{"line":282,"column":0},"end":{"line":282,"column":17}},"282":{"start":{"line":283,"column":0},"end":{"line":283,"column":13}},"283":{"start":{"line":284,"column":0},"end":{"line":284,"column":12}},"284":{"start":{"line":285,"column":0},"end":{"line":285,"column":46}},"285":{"start":{"line":286,"column":0},"end":{"line":286,"column":47}},"286":{"start":{"line":287,"column":0},"end":{"line":287,"column":13}},"287":{"start":{"line":288,"column":0},"end":{"line":288,"column":9}},"289":{"start":{"line":290,"column":0},"end":{"line":290,"column":47}},"290":{"start":{"line":291,"column":0},"end":{"line":291,"column":61}},"291":{"start":{"line":292,"column":0},"end":{"line":292,"column":63}},"292":{"start":{"line":293,"column":0},"end":{"line":293,"column":27}},"293":{"start":{"line":294,"column":0},"end":{"line":294,"column":137}},"294":{"start":{"line":295,"column":0},"end":{"line":295,"column":45}},"296":{"start":{"line":297,"column":0},"end":{"line":297,"column":61}},"297":{"start":{"line":298,"column":0},"end":{"line":298,"column":61}},"298":{"start":{"line":299,"column":0},"end":{"line":299,"column":61}},"299":{"start":{"line":300,"column":0},"end":{"line":300,"column":61}},"300":{"start":{"line":301,"column":0},"end":{"line":301,"column":71}},"301":{"start":{"line":302,"column":0},"end":{"line":302,"column":65}},"303":{"start":{"line":304,"column":0},"end":{"line":304,"column":57}},"304":{"start":{"line":305,"column":0},"end":{"line":305,"column":56}},"305":{"start":{"line":306,"column":0},"end":{"line":306,"column":49}},"306":{"start":{"line":307,"column":0},"end":{"line":307,"column":49}},"307":{"start":{"line":308,"column":0},"end":{"line":308,"column":49}},"308":{"start":{"line":309,"column":0},"end":{"line":309,"column":49}},"310":{"start":{"line":311,"column":0},"end":{"line":311,"column":121}},"311":{"start":{"line":312,"column":0},"end":{"line":312,"column":117}},"312":{"start":{"line":313,"column":0},"end":{"line":313,"column":101}},"313":{"start":{"line":314,"column":0},"end":{"line":314,"column":96}},"315":{"start":{"line":316,"column":0},"end":{"line":316,"column":30}},"317":{"start":{"line":318,"column":0},"end":{"line":318,"column":78}},"318":{"start":{"line":319,"column":0},"end":{"line":319,"column":67}},"320":{"start":{"line":321,"column":0},"end":{"line":321,"column":85}},"321":{"start":{"line":322,"column":0},"end":{"line":322,"column":57}},"322":{"start":{"line":323,"column":0},"end":{"line":323,"column":27}},"323":{"start":{"line":324,"column":0},"end":{"line":324,"column":17}},"325":{"start":{"line":326,"column":0},"end":{"line":326,"column":72}},"326":{"start":{"line":327,"column":0},"end":{"line":327,"column":16}},"327":{"start":{"line":328,"column":0},"end":{"line":328,"column":47}},"328":{"start":{"line":329,"column":0},"end":{"line":329,"column":98}},"329":{"start":{"line":330,"column":0},"end":{"line":330,"column":27}},"330":{"start":{"line":331,"column":0},"end":{"line":331,"column":17}},"332":{"start":{"line":333,"column":0},"end":{"line":333,"column":78}},"333":{"start":{"line":334,"column":0},"end":{"line":334,"column":75}},"334":{"start":{"line":335,"column":0},"end":{"line":335,"column":47}},"335":{"start":{"line":336,"column":0},"end":{"line":336,"column":26}},"336":{"start":{"line":337,"column":0},"end":{"line":337,"column":39}},"337":{"start":{"line":338,"column":0},"end":{"line":338,"column":20}},"338":{"start":{"line":339,"column":0},"end":{"line":339,"column":51}},"339":{"start":{"line":340,"column":0},"end":{"line":340,"column":59}},"340":{"start":{"line":341,"column":0},"end":{"line":341,"column":60}},"341":{"start":{"line":342,"column":0},"end":{"line":342,"column":79}},"343":{"start":{"line":344,"column":0},"end":{"line":344,"column":93}},"344":{"start":{"line":345,"column":0},"end":{"line":345,"column":39}},"345":{"start":{"line":346,"column":0},"end":{"line":346,"column":59}},"346":{"start":{"line":347,"column":0},"end":{"line":347,"column":17}},"347":{"start":{"line":348,"column":0},"end":{"line":348,"column":91}},"348":{"start":{"line":349,"column":0},"end":{"line":349,"column":15}},"350":{"start":{"line":351,"column":0},"end":{"line":351,"column":54}},"351":{"start":{"line":352,"column":0},"end":{"line":352,"column":53}},"352":{"start":{"line":353,"column":0},"end":{"line":353,"column":30}},"353":{"start":{"line":354,"column":0},"end":{"line":354,"column":46}},"354":{"start":{"line":355,"column":0},"end":{"line":355,"column":15}},"355":{"start":{"line":356,"column":0},"end":{"line":356,"column":11}}},"s":{"1":0,"2":0,"3":0,"4":0,"5":0,"6":0,"7":0,"8":0,"9":0,"10":0,"11":0,"12":0,"13":0,"15":0,"16":0,"17":0,"18":0,"20":0,"21":0,"22":0,"23":0,"24":0,"25":0,"26":0,"27":0,"28":0,"29":0,"31":0,"32":0,"33":0,"34":0,"35":0,"36":0,"37":0,"38":0,"39":0,"41":0,"42":0,"43":0,"44":0,"46":0,"47":0,"49":0,"50":0,"51":0,"53":0,"54":0,"55":0,"56":0,"57":0,"59":0,"60":0,"61":0,"63":0,"64":0,"65":0,"66":0,"67":0,"68":0,"70":0,"71":0,"72":0,"73":0,"74":0,"75":0,"76":0,"78":0,"79":0,"80":0,"81":0,"83":0,"84":0,"85":0,"87":0,"88":0,"89":0,"90":0,"93":0,"94":0,"95":0,"96":0,"98":0,"99":0,"100":0,"101":0,"103":0,"104":0,"105":0,"106":0,"107":0,"108":0,"110":0,"111":0,"112":0,"113":0,"114":0,"115":0,"116":0,"118":0,"119":0,"120":0,"121":0,"123":0,"124":0,"125":0,"126":0,"127":0,"128":0,"129":0,"130":0,"131":0,"133":0,"134":0,"135":0,"136":0,"137":0,"138":0,"140":0,"141":0,"142":0,"143":0,"144":0,"145":0,"146":0,"147":0,"148":0,"149":0,"150":0,"151":0,"152":0,"153":0,"154":0,"155":0,"156":0,"157":0,"158":0,"159":0,"160":0,"162":0,"163":0,"164":0,"165":0,"166":0,"167":0,"168":0,"169":0,"170":0,"171":0,"172":0,"173":0,"174":0,"175":0,"177":0,"178":0,"179":0,"181":0,"182":0,"183":0,"184":0,"185":0,"186":0,"188":0,"189":0,"190":0,"191":0,"192":0,"193":0,"194":0,"195":0,"196":0,"198":0,"199":0,"200":0,"202":0,"203":0,"204":0,"205":0,"206":0,"207":0,"208":0,"209":0,"211":0,"212":0,"213":0,"214":0,"215":0,"216":0,"217":0,"219":0,"220":0,"221":0,"222":0,"223":0,"224":0,"225":0,"226":0,"227":0,"228":0,"229":0,"230":0,"231":0,"232":0,"233":0,"234":0,"235":0,"236":0,"237":0,"238":0,"239":0,"240":0,"241":0,"242":0,"243":0,"244":0,"245":0,"246":0,"247":0,"249":0,"250":0,"251":0,"252":0,"253":0,"255":0,"256":0,"257":0,"259":0,"260":0,"261":0,"262":0,"264":0,"265":0,"266":0,"267":0,"268":0,"269":0,"270":0,"271":0,"272":0,"273":0,"274":0,"275":0,"276":0,"277":0,"278":0,"279":0,"280":0,"281":0,"282":0,"283":0,"284":0,"285":0,"286":0,"287":0,"289":0,"290":0,"291":0,"292":0,"293":0,"294":0,"296":0,"297":0,"298":0,"299":0,"300":0,"301":0,"303":0,"304":0,"305":0,"306":0,"307":0,"308":0,"310":0,"311":0,"312":0,"313":0,"315":0,"317":0,"318":0,"320":0,"321":0,"322":0,"323":0,"325":0,"326":0,"327":0,"328":0,"329":0,"330":0,"332":0,"333":0,"334":0,"335":0,"336":0,"337":0,"338":0,"339":0,"340":0,"341":0,"343":0,"344":0,"345":0,"346":0,"347":0,"348":0,"350":0,"351":0,"352":0,"353":0,"354":0,"355":0},"branchMap":{"0":{"type":"branch","line":1,"loc":{"start":{"line":1,"column":17431},"end":{"line":356,"column":11}},"locations":[{"start":{"line":1,"column":17431},"end":{"line":356,"column":11}}]}},"b":{"0":[1]},"fnMap":{"0":{"name":"(empty-report)","decl":{"start":{"line":1,"column":17431},"end":{"line":356,"column":11}},"loc":{"start":{"line":1,"column":17431},"end":{"line":356,"column":11}},"line":1}},"f":{"0":1}}
,"/workspaces/Collatz-box-universes/js/CycleCataloge.js": {"path":"/workspaces/Collatz-box-universes/js/CycleCataloge.js","all":true,"statementMap":{"0":{"start":{"line":1,"column":0},"end":{"line":1,"column":18}},"1":{"start":{"line":2,"column":0},"end":{"line":2,"column":65}},"3":{"start":{"line":4,"column":0},"end":{"line":4,"column":36}},"4":{"start":{"line":5,"column":0},"end":{"line":5,"column":52}},"5":{"start":{"line":6,"column":0},"end":{"line":6,"column":109}},"6":{"start":{"line":7,"column":0},"end":{"line":7,"column":3}},"7":{"start":{"line":8,"column":0},"end":{"line":8,"column":17}},"8":{"start":{"line":9,"column":0},"end":{"line":9,"column":27}},"9":{"start":{"line":10,"column":0},"end":{"line":10,"column":9}},"10":{"start":{"line":11,"column":0},"end":{"line":11,"column":68}},"11":{"start":{"line":12,"column":0},"end":{"line":12,"column":34}},"12":{"start":{"line":13,"column":0},"end":{"line":13,"column":53}},"13":{"start":{"line":14,"column":0},"end":{"line":14,"column":60}},"14":{"start":{"line":15,"column":0},"end":{"line":15,"column":16}},"15":{"start":{"line":16,"column":0},"end":{"line":16,"column":37}},"16":{"start":{"line":17,"column":0},"end":{"line":17,"column":36}},"17":{"start":{"line":18,"column":0},"end":{"line":18,"column":16}},"18":{"start":{"line":19,"column":0},"end":{"line":19,"column":73}},"19":{"start":{"line":20,"column":0},"end":{"line":20,"column":74}},"20":{"start":{"line":21,"column":0},"end":{"line":21,"column":56}},"21":{"start":{"line":22,"column":0},"end":{"line":22,"column":9}},"22":{"start":{"line":23,"column":0},"end":{"line":23,"column":110}},"23":{"start":{"line":24,"column":0},"end":{"line":24,"column":7}},"24":{"start":{"line":25,"column":0},"end":{"line":25,"column":17}},"25":{"start":{"line":26,"column":0},"end":{"line":26,"column":58}},"26":{"start":{"line":27,"column":0},"end":{"line":27,"column":5}},"27":{"start":{"line":28,"column":0},"end":{"line":28,"column":3}},"28":{"start":{"line":29,"column":0},"end":{"line":29,"column":13}},"29":{"start":{"line":30,"column":0},"end":{"line":30,"column":1}}},"s":{"0":0,"1":0,"3":0,"4":0,"5":0,"6":0,"7":0,"8":0,"9":0,"10":0,"11":0,"12":0,"13":0,"14":0,"15":0,"16":0,"17":0,"18":0,"19":0,"20":0,"21":0,"22":0,"23":0,"24":0,"25":0,"26":0,"27":0,"28":0,"29":0},"branchMap":{"0":{"type":"branch","line":1,"loc":{"start":{"line":1,"column":1111},"end":{"line":30,"column":1}},"locations":[{"start":{"line":1,"column":1111},"end":{"line":30,"column":1}}]}},"b":{"0":[0]},"fnMap":{"0":{"name":"(empty-report)","decl":{"start":{"line":1,"column":1111},"end":{"line":30,"column":1}},"loc":{"start":{"line":1,"column":1111},"end":{"line":30,"column":1}},"line":1}},"f":{"0":0}}
,"/workspaces/Collatz-box-universes/js/PrimeService.js": {"path":"/workspaces/Collatz-box-universes/js/PrimeService.js","all":true,"statementMap":{"0":{"start":{"line":1,"column":0},"end":{"line":1,"column":18}},"1":{"start":{"line":2,"column":0},"end":{"line":2,"column":56}},"3":{"start":{"line":4,"column":0},"end":{"line":4,"column":36}},"4":{"start":{"line":5,"column":0},"end":{"line":5,"column":98}},"5":{"start":{"line":6,"column":0},"end":{"line":6,"column":107}},"6":{"start":{"line":7,"column":0},"end":{"line":7,"column":107}},"7":{"start":{"line":8,"column":0},"end":{"line":8,"column":107}},"8":{"start":{"line":9,"column":0},"end":{"line":9,"column":107}},"9":{"start":{"line":10,"column":0},"end":{"line":10,"column":107}},"10":{"start":{"line":11,"column":0},"end":{"line":11,"column":107}},"11":{"start":{"line":12,"column":0},"end":{"line":12,"column":86}},"12":{"start":{"line":13,"column":0},"end":{"line":13,"column":3}},"14":{"start":{"line":15,"column":0},"end":{"line":15,"column":71}},"16":{"start":{"line":17,"column":0},"end":{"line":17,"column":23}},"17":{"start":{"line":18,"column":0},"end":{"line":18,"column":28}},"18":{"start":{"line":19,"column":0},"end":{"line":19,"column":39}},"19":{"start":{"line":20,"column":0},"end":{"line":20,"column":17}},"20":{"start":{"line":21,"column":0},"end":{"line":21,"column":34}},"21":{"start":{"line":22,"column":0},"end":{"line":22,"column":19}},"22":{"start":{"line":23,"column":0},"end":{"line":23,"column":18}},"23":{"start":{"line":24,"column":0},"end":{"line":24,"column":56}},"24":{"start":{"line":25,"column":0},"end":{"line":25,"column":5}},"25":{"start":{"line":26,"column":0},"end":{"line":26,"column":3}},"26":{"start":{"line":27,"column":0},"end":{"line":27,"column":33}},"27":{"start":{"line":28,"column":0},"end":{"line":28,"column":1}},"29":{"start":{"line":30,"column":0},"end":{"line":30,"column":32}},"30":{"start":{"line":31,"column":0},"end":{"line":31,"column":16}},"31":{"start":{"line":32,"column":0},"end":{"line":32,"column":64}},"33":{"start":{"line":34,"column":0},"end":{"line":34,"column":47}},"34":{"start":{"line":35,"column":0},"end":{"line":35,"column":53}},"35":{"start":{"line":36,"column":0},"end":{"line":36,"column":23}},"36":{"start":{"line":37,"column":0},"end":{"line":37,"column":48}},"37":{"start":{"line":38,"column":0},"end":{"line":38,"column":34}},"38":{"start":{"line":39,"column":0},"end":{"line":39,"column":15}},"39":{"start":{"line":40,"column":0},"end":{"line":40,"column":3}},"41":{"start":{"line":42,"column":0},"end":{"line":42,"column":57}},"42":{"start":{"line":43,"column":0},"end":{"line":43,"column":29}},"43":{"start":{"line":44,"column":0},"end":{"line":44,"column":33}},"44":{"start":{"line":45,"column":0},"end":{"line":45,"column":14}},"45":{"start":{"line":46,"column":0},"end":{"line":46,"column":1}}},"s":{"0":0,"1":0,"3":0,"4":0,"5":0,"6":0,"7":0,"8":0,"9":0,"10":0,"11":0,"12":0,"14":0,"16":0,"17":0,"18":0,"19":0,"20":0,"21":0,"22":0,"23":0,"24":0,"25":0,"26":0,"27":0,"29":0,"30":0,"31":0,"33":0,"34":0,"35":0,"36":0,"37":0,"38":0,"39":0,"41":0,"42":0,"43":0,"44":0,"45":0},"branchMap":{"0":{"type":"branch","line":1,"loc":{"start":{"line":1,"column":1800},"end":{"line":46,"column":1}},"locations":[{"start":{"line":1,"column":1800},"end":{"line":46,"column":1}}]}},"b":{"0":[0]},"fnMap":{"0":{"name":"(empty-report)","decl":{"start":{"line":1,"column":1800},"end":{"line":46,"column":1}},"loc":{"start":{"line":1,"column":1800},"end":{"line":46,"column":1}},"line":1}},"f":{"0":0}}
,"/workspaces/Collatz-box-universes/js/binaryRotation.js": {"path":"/workspaces/Collatz-box-universes/js/binaryRotation.js","all":false,"statementMap":{"0":{"start":{"line":1,"column":0},"end":{"line":1,"column":77}},"1":{"start":{"line":2,"column":0},"end":{"line":2,"column":72}},"3":{"start":{"line":4,"column":0},"end":{"line":4,"column":3}},"4":{"start":{"line":5,"column":0},"end":{"line":5,"column":80}},"5":{"start":{"line":6,"column":0},"end":{"line":6,"column":16}},"6":{"start":{"line":7,"column":0},"end":{"line":7,"column":70}},"7":{"start":{"line":8,"column":0},"end":{"line":8,"column":2}},"8":{"start":{"line":9,"column":0},"end":{"line":9,"column":57}},"9":{"start":{"line":10,"column":0},"end":{"line":10,"column":3}},"10":{"start":{"line":11,"column":0},"end":{"line":11,"column":40}},"11":{"start":{"line":12,"column":0},"end":{"line":12,"column":16}},"12":{"start":{"line":13,"column":0},"end":{"line":13,"column":59}},"13":{"start":{"line":14,"column":0},"end":{"line":14,"column":30}},"14":{"start":{"line":15,"column":0},"end":{"line":15,"column":29}},"15":{"start":{"line":16,"column":0},"end":{"line":16,"column":28}},"16":{"start":{"line":17,"column":0},"end":{"line":17,"column":49}},"17":{"start":{"line":18,"column":0},"end":{"line":18,"column":3}},"18":{"start":{"line":19,"column":0},"end":{"line":19,"column":15}},"19":{"start":{"line":20,"column":0},"end":{"line":20,"column":1}},"21":{"start":{"line":22,"column":0},"end":{"line":22,"column":3}},"22":{"start":{"line":23,"column":0},"end":{"line":23,"column":60}},"23":{"start":{"line":24,"column":0},"end":{"line":24,"column":3}},"24":{"start":{"line":25,"column":0},"end":{"line":25,"column":23}},"25":{"start":{"line":26,"column":0},"end":{"line":26,"column":16}},"26":{"start":{"line":27,"column":0},"end":{"line":27,"column":26}},"27":{"start":{"line":28,"column":0},"end":{"line":28,"column":13}},"28":{"start":{"line":29,"column":0},"end":{"line":29,"column":27}},"29":{"start":{"line":30,"column":0},"end":{"line":30,"column":13}},"30":{"start":{"line":31,"column":0},"end":{"line":31,"column":12}},"31":{"start":{"line":32,"column":0},"end":{"line":32,"column":3}},"32":{"start":{"line":33,"column":0},"end":{"line":33,"column":11}},"33":{"start":{"line":34,"column":0},"end":{"line":34,"column":1}},"35":{"start":{"line":36,"column":0},"end":{"line":36,"column":3}},"36":{"start":{"line":37,"column":0},"end":{"line":37,"column":53}},"37":{"start":{"line":38,"column":0},"end":{"line":38,"column":69}},"38":{"start":{"line":39,"column":0},"end":{"line":39,"column":3}},"39":{"start":{"line":40,"column":0},"end":{"line":40,"column":39}},"40":{"start":{"line":41,"column":0},"end":{"line":41,"column":16}},"41":{"start":{"line":42,"column":0},"end":{"line":42,"column":22}},"42":{"start":{"line":43,"column":0},"end":{"line":43,"column":18}},"43":{"start":{"line":44,"column":0},"end":{"line":44,"column":29}},"44":{"start":{"line":45,"column":0},"end":{"line":45,"column":1}},"46":{"start":{"line":47,"column":0},"end":{"line":47,"column":3}},"47":{"start":{"line":48,"column":0},"end":{"line":48,"column":63}},"48":{"start":{"line":49,"column":0},"end":{"line":49,"column":3}},"49":{"start":{"line":50,"column":0},"end":{"line":50,"column":53}},"50":{"start":{"line":51,"column":0},"end":{"line":51,"column":50}},"52":{"start":{"line":53,"column":0},"end":{"line":53,"column":3}},"53":{"start":{"line":54,"column":0},"end":{"line":54,"column":58}},"54":{"start":{"line":55,"column":0},"end":{"line":55,"column":73}},"55":{"start":{"line":56,"column":0},"end":{"line":56,"column":74}},"56":{"start":{"line":57,"column":0},"end":{"line":57,"column":79}},"57":{"start":{"line":58,"column":0},"end":{"line":58,"column":3}},"58":{"start":{"line":59,"column":0},"end":{"line":59,"column":42}},"59":{"start":{"line":60,"column":0},"end":{"line":60,"column":24}},"60":{"start":{"line":61,"column":0},"end":{"line":61,"column":17}},"61":{"start":{"line":62,"column":0},"end":{"line":62,"column":1}},"63":{"start":{"line":64,"column":0},"end":{"line":64,"column":3}},"64":{"start":{"line":65,"column":0},"end":{"line":65,"column":29}},"65":{"start":{"line":66,"column":0},"end":{"line":66,"column":80}},"66":{"start":{"line":67,"column":0},"end":{"line":67,"column":30}},"67":{"start":{"line":68,"column":0},"end":{"line":68,"column":43}},"68":{"start":{"line":69,"column":0},"end":{"line":69,"column":2}},"69":{"start":{"line":70,"column":0},"end":{"line":70,"column":64}},"70":{"start":{"line":71,"column":0},"end":{"line":71,"column":62}},"71":{"start":{"line":72,"column":0},"end":{"line":72,"column":2}},"72":{"start":{"line":73,"column":0},"end":{"line":73,"column":58}},"73":{"start":{"line":74,"column":0},"end":{"line":74,"column":3}},"74":{"start":{"line":75,"column":0},"end":{"line":75,"column":55}},"75":{"start":{"line":76,"column":0},"end":{"line":76,"column":16}},"76":{"start":{"line":77,"column":0},"end":{"line":77,"column":17}},"77":{"start":{"line":78,"column":0},"end":{"line":78,"column":44}},"78":{"start":{"line":79,"column":0},"end":{"line":79,"column":32}},"79":{"start":{"line":80,"column":0},"end":{"line":80,"column":32}},"80":{"start":{"line":81,"column":0},"end":{"line":81,"column":36}},"81":{"start":{"line":82,"column":0},"end":{"line":82,"column":25}},"82":{"start":{"line":83,"column":0},"end":{"line":83,"column":36}},"83":{"start":{"line":84,"column":0},"end":{"line":84,"column":16}},"84":{"start":{"line":85,"column":0},"end":{"line":85,"column":21}},"85":{"start":{"line":86,"column":0},"end":{"line":86,"column":10}},"86":{"start":{"line
[...]
434":8,"435":8,"436":8,"437":8,"438":8,"440":10,"441":10,"442":10,"443":10,"444":10,"445":10,"446":10,"447":10,"449":10,"450":10,"451":10,"452":10,"453":10,"454":10,"455":10,"456":10,"457":10,"458":10,"459":10,"460":2},"branchMap":{"0":{"type":"branch","line":17,"loc":{"start":{"line":17,"column":51},"end":{"line":17,"column":81}},"locations":[{"start":{"line":17,"column":51},"end":{"line":17,"column":81}}]},"1":{"type":"branch","line":31,"loc":{"start":{"line":31,"column":7},"end":{"line":35,"column":1}},"locations":[{"start":{"line":31,"column":7},"end":{"line":35,"column":1}}]},"2":{"type":"branch","line":32,"loc":{"start":{"line":32,"column":31},"end":{"line":32,"column":40}},"locations":[{"start":{"line":32,"column":31},"end":{"line":32,"column":40}}]},"3":{"type":"branch","line":32,"loc":{"start":{"line":32,"column":39},"end":{"line":35,"column":1}},"locations":[{"start":{"line":32,"column":39},"end":{"line":35,"column":1}}]},"4":{"type":"branch","line":33,"loc":{"start":{"line":33,"column":32},"end":{"line":33,"column":55}},"locations":[{"start":{"line":33,"column":32},"end":{"line":33,"column":55}}]},"5":{"type":"branch","line":38,"loc":{"start":{"line":38,"column":7},"end":{"line":42,"column":1}},"locations":[{"start":{"line":38,"column":7},"end":{"line":42,"column":1}}]},"6":{"type":"branch","line":39,"loc":{"start":{"line":39,"column":29},"end":{"line":39,"column":38}},"locations":[{"start":{"line":39,"column":29},"end":{"line":39,"column":38}}]},"7":{"type":"branch","line":39,"loc":{"start":{"line":39,"column":37},"end":{"line":42,"column":1}},"locations":[{"start":{"line":39,"column":37},"end":{"line":42,"column":1}}]},"8":{"type":"branch","line":40,"loc":{"start":{"line":40,"column":37},"end":{"line":40,"column":80}},"locations":[{"start":{"line":40,"column":37},"end":{"line":40,"column":80}}]},"9":{"type":"branch","line":45,"loc":{"start":{"line":45,"column":7},"end":{"line":47,"column":1}},"locations":[{"start":{"line":45,"column":7},"end":{"line":47,"column":1}}]},"10":{"type":"branch","line":46,"loc":{"start":{"line":46,"column":27},"end":{"line":46,"column":50}},"locations":[{"start":{"line":46,"column":27},"end":{"line":46,"column":50}}]},"11":{"type":"branch","line":59,"loc":{"start":{"line":59,"column":7},"end":{"line":169,"column":1}},"locations":[{"start":{"line":59,"column":7},"end":{"line":169,"column":1}}]},"12":{"type":"branch","line":72,"loc":{"start":{"line":72,"column":23},"end":{"line":74,"column":5}},"locations":[{"start":{"line":72,"column":23},"end":{"line":74,"column":5}}]},"13":{"type":"branch","line":74,"loc":{"start":{"line":74,"column":4},"end":{"line":75,"column":22}},"locations":[{"start":{"line":74,"column":4},"end":{"line":75,"column":22}}]},"14":{"type":"branch","line":75,"loc":{"start":{"line":75,"column":22},"end":{"line":77,"column":5}},"locations":[{"start":{"line":75,"column":22},"end":{"line":77,"column":5}}]},"15":{"type":"branch","line":77,"loc":{"start":{"line":77,"column":4},"end":{"line":79,"column":25}},"locations":[{"start":{"line":77,"column":4},"end":{"line":79,"column":25}}]},"16":{"type":"branch","line":79,"loc":{"start":{"line":79,"column":25},"end":{"line":79,"column":49}},"locations":[{"start":{"line":79,"column":25},"end":{"line":79,"column":49}}]},"17":{"type":"branch","line":79,"loc":{"start":{"line":79,"column":51},"end":{"line":132,"column":5}},"locations":[{"start":{"line":79,"column":51},"end":{"line":132,"column":5}}]},"18":{"type":"branch","line":80,"loc":{"start":{"line":80,"column":37},"end":{"line":82,"column":9}},"locations":[{"start":{"line":80,"column":37},"end":{"line":82,"column":9}}]},"19":{"type":"branch","line":82,"loc":{"start":{"line":82,"column":9},"end":{"line":85,"column":9}},"locations":[{"start":{"line":82,"column":9},"end":{"line":85,"column":9}}]},"20":{"type":"branch","line":89,"loc":{"start":{"line":89,"column":39},"end":{"line":89,"column":58}},"locations":[{"start":{"line":89,"column":39},"end":{"line":89,"column":58}}]},"21":{"type":"branch","line":89,"loc":{"start":{"line":89,"column":60},"end":{"line":91,"column":9}},"locations":[{"start":{"line":89,"column":60},"end":{"line":91,"column":9}}]},"22":{"type":"branch","line":94,"loc":{"start":{"line":94,"column":131},"end":{"line":106,"column":9}},"locations":[{"start":{"line":94,"column":131},"end":{"line":106,"column":9}}]},"23":{"type":"branch","line":109,"loc":{"start":{"line":109,"column":40},"end":{"line":126,"column":9}},"locations":[{"start":{"line":109,"column":40},"end":{"line":126,"column":9}}]},"24":{"type":"branch","line":130,"loc":{"start":{"line":130,"column":30},"end":{"line":130,"column":47}},"locations":[{"start":{"line":130,"column":30},"end":{"line":130,"column":47}}]},"25":{"type":"branch","line":131,"loc":{"start":{"line":131,"column":30},"end":{"line":131,"column":47}},"locations":[{"start":{"line":131,"column":30},"end":{"line":131,"column":47}}]},"26":{"type":"branch","line":132,"loc":{"start":{"line":132,"column":4},"end":{"line":134,"column":23}},"locations":[{"start":{"line":132,"column":4},"end":{"line":134,"column":23}}]},"27":{"type":"branch","line":134,"loc":{"start":{"line":134,"column":23},"end":{"line":154,"column":5}},"locations":[{"start":{"line":134,"column":23},"end":{"line":154,"column":5}}]},"28":{"type":"branch","line":136,"loc":{"start":{"line":136,"column":59},"end":{"line":138,"column":9}},"locations":[{"start":{"line":136,"column":59},"end":{"line":138,"column":9}}]},"29":{"type":"branch","line":154,"loc":{"start":{"line":154,"column":5},"end":{"line":168,"column":5}},"locations":[{"start":{"line":154,"column":5},"end":{"line":168,"column":5}}]},"30":{"type":"branch","line":172,"loc":{"start":{"line":172,"column":7},"end":{"line":180,"column":1}},"locations":[{"start":{"line":172,"column":7},"end":{"line":180,"column":1}}]},"31":{"type":"branch","line":173,"loc":{"start":{"line":173,"column":18},"end":{"line":173,"column":42}},"locations":[{"start":{"line":173,"column":18},"end":{"line":173,"column":42}}]},"32":{"type":"branch","line":173,"loc":{"start":{"line":173,"column":44},"end":{"line":176,"column":36}},"locations":[{"start":{"line":173,"column":44},"end":{"line":176,"column":36}}]},"33":{"type":"branch","line":176,"loc":{"start":{"line":176,"column":36},"end":{"line":178,"column":5}},"locations":[{"start":{"line":176,"column":36},"end":{"line":178,"column":5}}]},"34":{"type":"branch","line":178,"loc":{"start":{"line":178,"column":4},"end":{"line":180,"column":1}},"locations":[{"start":{"line":178,"column":4},"end":{"line":180,"column":1}}]},"35":{"type":"branch","line":182,"loc":{"start":{"line":182,"column":7},"end":{"line":187,"column":1}},"locations":[{"start":{"line":182,"column":7},"end":{"line":187,"column":1}}]},"36":{"type":"branch","line":189,"loc":{"start":{"line":189,"column":7},"end":{"line":197,"column":1}},"locations":[{"start":{"line":189,"column":7},"end":{"line":197,"column":1}}]},"37":{"type":"branch","line":199,"loc":{"start":{"line":199,"column":7},"end":{"line":207,"column":1}},"locations":[{"start":{"line":199,"column":7},"end":{"line":207,"column":1}}]},"38":{"type":"branch","line":203,"loc":{"start":{"line":203,"column":42},"end":{"line":205,"column":5}},"locations":[{"start":{"line":203,"column":42},"end":{"line":205,"column":5}}]},"39":{"type":"branch","line":214,"loc":{"start":{"line":214,"column":7},"end":{"line":233,"column":1}},"locations":[{"start":{"line":214,"column":7},"end":{"line":233,"column":1}}]},"40":{"type":"branch","line":216,"loc":{"start":{"line":216,"column":22},"end":{"line":220,"column":22}},"locations":[{"start":{"line":216,"column":22},"end":{"line":220,"column":22}}]},"41":{"type":"branch","line":220,"loc":{"start":{"line":220,"column":22},"end":{"line":222,"column":5}},"locations":[{"start":{"line":220,"column":22},"end":{"line":222,"column":5}}]},"42":{"type":"branch","line":222,"loc":{"start":{"line":222,"column":4},"end":{"line":225,"column":55}},"locations":[{"start":{"line":222,"column":4},"end":{"line":225,"column":55}}]},"43":{"type":"branch","line":225,"loc":{"start":{"line":225,"column":54},"end":{"line":227,"column":35}},"locations":[{"start":{"line":225,"column":54},"end":{"line":227,"column":35}}]},"44":{"type":"branch","line":227,"loc":{"start":{"line":227,"column":34},"end":{"line":233,"column":1}},"locations":[{"start":{"line":227,"column":34},"end":{"line":233,"column":1}}]},"45":{"type":"branch","line":230,"loc":{"start":{"line":230,"column":30},"end":{"line":232,"column":5}},"locations":[{"start":{"line":230,"column":30},"end":{"line":232,"column":5}}]},"46":{"type":"branch","line":237,"loc":{"start":{"line":237,"column":7},"end":{"line":255,"column":1}},"locations":[{"start":{"line":237,"column":7},"end":{"line":255,"column":1}}]},"47":{"type":"branch","line":239,"loc":{"start":{"line":239,"column":27},"end":{"line":247,"column":56}},"locations":[{"start":{"line":239,"column":27},"end":{"line":247,"column":56}}]},"48":{"type":"branch","line":247,"loc":{"start":{"line":247,"column":56},"end":{"line":247,"column":64}},"locations":[{"start":{"line":247,"column":56},"end":{"line":247,"column":64}}]},"49":{"type":"branch","line":247,"loc":{"start":{"line":247,"column":105},"end":{"line":247,"column":113}},"locations":[{"start":{"line":247,"column":105},"end":{"line":247,"column":113}}]},"50":{"type":"branch","line":252,"loc":{"start":{"line":252,"column":40},"end":{"line":254,"column":5}},"locations":[{"start":{"line":252,"column":40},"end":{"line":254,"column":5}}]},"51":{"type":"branch","line":257,"loc":{"start":{"line":257,"column":7},"end":{"line":279,"column":1}},"locations":[{"start":{"line":257,"column":7},"end":{"line":279,"column":1}}]},"52":{"type":"branch","line":270,"loc":{"start":{"line":270,"column":21},"end":{"line":273,"column":5}},"locations":[{"start":{"line":270,"column":21},"end":{"line":273,"column":5}}]},"53":{"type":"branch","line":273,"loc":{"start":{"line":273,"column":4},"end":{"line":275,"column":21}},"locations":[{"start":{"line":273,"column":4},"end":{"line":275,"column":21}}]},"54":{"type":"branch","line":275,"loc":{"start":{"line":275,"column":21},"end":{"line":277,"column":5}},"locations":[{"start":{"line":275,"column":21},"end":{"line":277,"column":5}}]},"55":{"type":"branch","line":277,"loc":{"start":{"line":277,"column":4},"end":{"line":279,"column":1}},"locations":[{"start":{"line":277,"column":4},"end":{"line":279,"column":1}}]},"56":{"type":"branch","line":281,"loc":{"start":{"line":281,"column":7},"end":{"line":290,"column":1}},"locations":[{"start":{"line":281,"column":7},"end":{"line":290,"column":1}}]},"57":{"type":"branch","line":283,"loc":{"start":{"line":283,"column":18},"end":{"line":289,"column":5}},"locations":[{"start":{"line":283,"column":18},"end":{"line":289,"column":5}}]},"58":{"type":"branch","line":284,"loc":{"start":{"line":284,"column":21},"end":{"line":284,"column":31}},"locations":[{"start":{"line":284,"column":21},"end":{"line":284,"column":31}}]},"59":{"type":"branch","line":284,"loc":{"start":{"line":284,"column":32},"end":{"line":284,"column":42}},"locations":[{"start":{"line":284,"column":32},"end":{"line":284,"column":42}}]},"60":{"type":"branch","line":284,"loc":{"start":{"line":284,"column":43},"end":{"line":284,"column":53}},"locations":[{"start":{"line":284,"column":43},"end":{"line":284,"column":53}}]},"61":{"type":"branch","line":284,"loc":{"start":{"line":284,"column":55},"end":{"line":288,"column":9}},"locations":[{"start":{"line":284,"column":55},"end":{"line":288,"column":9}}]},"62":{"type":"branch","line":295,"loc":{"start":{"line":295,"column":7},"end":{"line":345,"column":1}},"locations":[{"start":{"line":295,"column":7},"end":{"line":345,"column":1}}]},"63":{"type":"branch","line":296,"loc":{"start":{"line":296,"column":16},"end":{"line":296,"column":43}},"locations":[{"start":{"line":296,"column":16},"end":{"line":296,"column":43}}]},"64":{"type":"branch","line":296,"loc":{"start":{"line":296,"column":45},"end":{"line":314,"column":32}},"locations":[{"start":{"line":296,"column":45},"end":{"line":314,"column":32}}]},"65":{"type":"branch","line":323,"loc":{"start":{"line":323,"column":4},"end":{"line":345,"column":1}},"locations":[{"start":{"line":323,"column":4},"end":{"line":345,"column":1}}]},"66":{"type":"branch","line":324,"loc":{"start":{"line":324,"column":26},"end":{"line":344,"column":5}},"locations":[{"start":{"line":324,"column":26},"end":{"line":344,"column":5}}]},"67":{"type":"branch","line":331,"loc":{"start":{"line":331,"column":39},"end":{"line":331,"column":49}},"locations":[{"start":{"line":331,"column":39},"end":{"line":331,"column":49}}]},"68":{"type":"branch","line":331,"loc":{"start":{"line":331,"column":50},"end":{"line":331,"column":60}},"locations":[{"start":{"line":331,"column":50},"end":{"line":331,"column":60}}]},"69":{"type":"branch","line":341,"loc":{"start":{"line":341,"column":43},"end":{"line":341,"column":51}},"locations":[{"start":{"line":341,"column":43},"end":{"line":341,"column":51}}]},"70":{"type":"branch","line":347,"loc":{"start":{"line":347,"column":7},"end":{"line":388,"column":1}},"locations":[{"start":{"line":347,"column":7},"end":{"line":388,"column":1}}]},"71":{"type":"branch","line":348,"loc":{"start":{"line":348,"column":16},"end":{"line":348,"column":43}},"locations":[{"start":{"line":348,"column":16},"end":{"line":348,"column":43}}]},"72":{"type":"branch","line":348,"loc":{"start":{"line":348,"column":45},"end":{"line":362,"column":39}},"locations":[{"start":{"line":348,"column":45},"end":{"line":362,"column":39}}]},"73":{"type":"branch","line":362,"loc":{"start":{"line":362,"column":39},"end":{"line":387,"column":5}},"locations":[{"start":{"line":362,"column":39},"end":{"line":387,"column":5}}]},"74":{"type":"branch","line":363,"loc":{"start":{"line":363,"column":43},"end":{"line":386,"column":9}},"locations":[{"start":{"line":363,"column":43},"end":{"line":386,"column":9}}]},"75":{"type":"branch","line":368,"loc":{"start":{"line":368,"column":49},"end":{"line":373,"column":13}},"locations":[{"start":{"line":368,"column":49},"end":{"line":373,"column":13}}]},"76":{"type":"branch","line":370,"loc":{"start":{"line":370,"column":56},"end":{"line":370,"column":66}},"locations":[{"start":{"line":370,"column":56},"end":{"line":370,"column":66}}]},"77":{"type":"branch","line":370,"loc":{"start":{"line":370,"column":67},"end":{"line":370,"column":77}},"locations":[{"start":{"line":370,"column":67},"end":{"line":370,"column":77}}]},"78":{"type":"branch","line":379,"loc":{"start":{"line":379,"column":30},"end":{"line":385,"column":13}},"locations":[{"start":{"line":379,"column":30},"end":{"line":385,"column":13}}]},"79":{"type":"branch","line":380,"loc":{"start":{"line":380,"column":47},"end":{"line":380,"column":55}},"locations":[{"start":{"line":380,"column":47},"end":{"line":380,"column":55}}]},"80":{"type":"branch","line":387,"loc":{"start":{"line":387,"column":4},"end":{"line":388,"column":1}},"locations":[{"start":{"line":387,"column":4},"end":{"line":388,"column":1}}]},"81":{"type":"branch","line":396,"loc":{"start":{"line":396,"column":7},"end":{"line":461,"column":1}},"locations":[{"start":{"line":396,"column":7},"end":{"line":461,"column":1}}]},"82":{"type":"branch","line":405,"loc":{"start":{"line":405,"column":17},"end":{"line":413,"column":5}},"locations":[{"start":{"line":405,"column":17},"end":{"line":413,"column":5}}]},"83":{"type":"branch","line":424,"loc":{"start":{"line":424,"column":46},"end":{"line":460,"column":5}},"locations":[{"start":{"line":424,"column":46},"end":{"line":460,"column":5}}]},"84":{"type":"branch","line":432,"loc":{"start":{"line":432,"column":37},"end":{"line":439,"column":9}},"locations":[{"start":{"line":432,"column":37},"end":{"line":439,"column":9}}]},"85":{"type":"branch","line":444,"loc":{"start":{"line":444,"column":61},"end":{"line":444,"column":72}},"locations":[{"start":{"line":444,"column":61},"end":{"line":444,"column":72}}]},"86":{"type":"branch","line":444,"loc":{"start":{"line":444,"column":73},"end":{"line":444,"column":84}},"locations":[{"start":{"line":444,"column":73},"end":{"line":444,"column":84}}]},"87":{"type":"branch","line":451,"loc":{"start":{"line":451,"column":47},"end":{"line":451,"column":55}},"locations":[{"start":{"line":451,"column":47},"end":{"line":451,"column":55}}]}},"b":{"0":[0],"1":[6],"2":[1],"3":[5],"4":[37],"5":[6],"6":[2],"7":[4],"8":[34],"9":[5],"10":[29],"11":[4],"12":[1],"13":[3],"14":[0],"15":[3],"16":[24],"17":[23],"18":[15],"19":[8],"20":[14],"21":[2],"22":[0],"23":[0],"24":[7],"25":[6],"26":[3],"27":[2],"28":[0],"29":[1],"30":[4],"31":[3],"32":[2],"33":[1],"34":[2],"35":[25],"36":[24],"37":[1],"38":[2],"39":[2],"40":[1],"41":[0],"42":[1],"43":[0],"44":[1],"45":[1],"46":[2],"47":[1],"48":[0],"49":[0],"50":[0],"51":[3],"52":[1],"53":[2],"54":[1],"55":[2],"56":[3],"57":[2],"58":[1],"59":[1],"60":[1],"61":[1],"62":[2],"63":[1],"64":[1],"65":[1],"66":[9],"67":[4],"68":[5],"69":[0],"70":[2],"71":[1],"72":[1],"73":[3],"74":[9],"75":[3],"76":[2],"77":[1],"78":[3],"79":[0],"80":[1],"81":[2],"82":[1],"83":[10],"84":[8],"85":[5],"86":[5],"87":[0]},"fnMap":{"0":{"name":"calculateMean","decl":{"start":{"line":31,"column":7},"end":{"line":35,"column":1}},"loc":{"start":{"line":31,"column":7},"end":{"line":35,"column":1}},"line":31},"1":{"name":"calculateStandardDeviation","decl":{"start":{"line":38,"column":7},"end":{"line":42,"column":1}},"loc":{"start":{"line":38,"column":7},"end":{"line":42,"column":1}},"line":38},"2":{"name":"calculateSum","decl":{"start":{"line":45,"column":7},"end":{"line":47,"column":1}},"loc":{"start":{"line":45,"column":7},"end":{"line":47,"column":1}},"line":45},"3":{"name":"calculateCollatzSequence","decl":{"start":{"line":59,"column":7},"end":{"line":169,"column":1}},"loc":{"start":{"line":59,"column":7},"end":{"line":169,"column":1}},"line":59},"4":{"name":"formatSequenceOutput","decl":{"start":{"line":172,"column":7},"end":{"line":180,"column":1}},"loc":{"start":{"line":172,"column":7},"end":{"line":180,"column":1}},"line":172},"5":{"name":"hexToRgb","decl":{"start":{"line":182,"column":7},"end":{"line":187,"column":1}},"loc":{"start":{"line":182,"column":7},"end":{"line":187,"column":1}},"line":182},"6":{"name":"isLight","decl":{"start":{"line":189,"column":7},"end":{"line":197,"column":1}},"loc":{"start":{"line":189,"column":7},"end":{"line":197,"column":1}},"line":189},"7":{"name":"getUrlParams","decl":{"start":{"line":199,"column":7},"end":{"line":207,"column":1}},"loc":{"start":{"line":199,"column":7},"end":{"line":207,"column":1}},"line":199},"8":{"name":"showMessage","decl":{"start":{"line":214,"column":7},"end":{"line":233,"column":1}},"loc":{"start":{"line":214,"column":7},"end":{"line":233,"column":1}},"line":214},"9":{"name":"saveToHistory","decl":{"start":{"line":237,"column":7},"end":{"line":255,"column":1}},"loc":{"start":{"line":237,"column":7},"end":{"line":255,"column":1}},"line":237},"10":{"name":"generateLinkURL","decl":{"start":{"line":257,"column":7},"end":{"line":279,"column":1}},"loc":{"start":{"line":257,"column":7},"end":{"line":279,"column":1}},"line":257},"11":{"name":"updateGoldStarVisibility","decl":{"start":{"line":281,"column":7},"end":{"line":290,"column":1}},"loc":{"start":{"line":281,"column":7},"end":{"line":290,"column":1}},"line":281},"12":{"name":"drawNineNetCanvasSecondary","decl":{"start":{"line":295,"column":7},"end":{"line":345,"column":1}},"loc":{"start":{"line":295,"column":7},"end":{"line":345,"column":1}},"line":295},"13":{"name":"render9Net","decl":{"start":{"line":347,"column":7},"end":{"line":388,"column":1}},"loc":{"start":{"line":347,"column":7},"end":{"line":388,"column":1}},"line":347},"14":{"name":"drawNecklaceCanvas","decl":{"start":{"line":396,"column":7},"end":{"line":461,"column":1}},"loc":{"start":{"line":396,"column":7},"end":{"line":461,"column":1}},"line":396}},"f":{"0":6,"1":6,"2":5,"3":4,"4":4,"5":25,"6":24,"7":1,"8":2,"9":2,"10":3,"11":3,"12":2,"13":2,"14":2}}
}
